2025-12-04 20:19:20.737 | INFO   | 74   > MambaHSI_HanChuan
2025-12-04 20:19:24.299 | INFO   | 131  > MambaHSI(
  (patch_embedding): Sequential(
    (0): Conv2d(274, 128, kernel_size=(1, 1), stride=(1, 1))
    (1): GroupNorm(4, 128, eps=1e-05, affine=True)
    (2): SiLU()
  )
  (mamba): Sequential(
    (0): BothMamba(
      (softmax): Softmax(dim=0)
      (spa_mamba): SpaMamba(
        (mamba): Mamba(
          (in_proj): Linear(in_features=128, out_features=512, bias=False)
          (conv1d): Conv1d(256, 256, kernel_size=(4,), stride=(1,), padding=(3,), groups=256)
          (act): SiLU()
          (x_proj): Linear(in_features=256, out_features=40, bias=False)
          (dt_proj): Linear(in_features=8, out_features=256, bias=True)
          (out_proj): Linear(in_features=256, out_features=128, bias=False)
        )
        (proj): Sequential(
          (0): GroupNorm(4, 128, eps=1e-05, affine=True)
          (1): SiLU()
        )
      )
      (spe_mamba): SpeMamba(
        (mamba): Mamba(
          (in_proj): Linear(in_features=32, out_features=128, bias=False)
          (conv1d): Conv1d(64, 64, kernel_size=(4,), stride=(1,), padding=(3,), groups=64)
          (act): SiLU()
          (x_proj): Linear(in_features=64, out_features=34, bias=False)
          (dt_proj): Linear(in_features=2, out_features=64, bias=True)
          (out_proj): Linear(in_features=64, out_features=32, bias=False)
        )
        (proj): Sequential(
          (0): GroupNorm(4, 128, eps=1e-05, affine=True)
          (1): SiLU()
        )
      )
    )
    (1): AvgPool2d(kernel_size=2, stride=2, padding=0)
    (2): BothMamba(
      (softmax): Softmax(dim=0)
      (spa_mamba): SpaMamba(
        (mamba): Mamba(
          (in_proj): Linear(in_features=128, out_features=512, bias=False)
          (conv1d): Conv1d(256, 256, kernel_size=(4,), stride=(1,), padding=(3,), groups=256)
          (act): SiLU()
          (x_proj): Linear(in_features=256, out_features=40, bias=False)
          (dt_proj): Linear(in_features=8, out_features=256, bias=True)
          (out_proj): Linear(in_features=256, out_features=128, bias=False)
        )
        (proj): Sequential(
          (0): GroupNorm(4, 128, eps=1e-05, affine=True)
          (1): SiLU()
        )
      )
      (spe_mamba): SpeMamba(
        (mamba): Mamba(
          (in_proj): Linear(in_features=32, out_features=128, bias=False)
          (conv1d): Conv1d(64, 64, kernel_size=(4,), stride=(1,), padding=(3,), groups=64)
          (act): SiLU()
          (x_proj): Linear(in_features=64, out_features=34, bias=False)
          (dt_proj): Linear(in_features=2, out_features=64, bias=True)
          (out_proj): Linear(in_features=64, out_features=32, bias=False)
        )
        (proj): Sequential(
          (0): GroupNorm(4, 128, eps=1e-05, affine=True)
          (1): SiLU()
        )
      )
    )
    (3): AvgPool2d(kernel_size=2, stride=2, padding=0)
    (4): BothMamba(
      (softmax): Softmax(dim=0)
      (spa_mamba): SpaMamba(
        (mamba): Mamba(
          (in_proj): Linear(in_features=128, out_features=512, bias=False)
          (conv1d): Conv1d(256, 256, kernel_size=(4,), stride=(1,), padding=(3,), groups=256)
          (act): SiLU()
          (x_proj): Linear(in_features=256, out_features=40, bias=False)
          (dt_proj): Linear(in_features=8, out_features=256, bias=True)
          (out_proj): Linear(in_features=256, out_features=128, bias=False)
        )
        (proj): Sequential(
          (0): GroupNorm(4, 128, eps=1e-05, affine=True)
          (1): SiLU()
        )
      )
      (spe_mamba): SpeMamba(
        (mamba): Mamba(
          (in_proj): Linear(in_features=32, out_features=128, bias=False)
          (conv1d): Conv1d(64, 64, kernel_size=(4,), stride=(1,), padding=(3,), groups=64)
          (act): SiLU()
          (x_proj): Linear(in_features=64, out_features=34, bias=False)
          (dt_proj): Linear(in_features=2, out_features=64, bias=True)
          (out_proj): Linear(in_features=64, out_features=32, bias=False)
        )
        (proj): Sequential(
          (0): GroupNorm(4, 128, eps=1e-05, affine=True)
          (1): SiLU()
        )
      )
    )
  )
  (cls_head): Sequential(
    (0): Conv2d(128, 128, kernel_size=(1, 1), stride=(1, 1))
    (1): GroupNorm(4, 128, eps=1e-05, affine=True)
    (2): SiLU()
    (3): Conv2d(128, 16, kernel_size=(1, 1), stride=(1, 1))
  )
)
2025-12-04 20:19:24.583 | INFO   | 148  > Adam (
Parameter Group 0
    amsgrad: False
    betas: (0.9, 0.999)
    capturable: False
    decoupled_weight_decay: False
    differentiable: False
    eps: 1e-08
    foreach: None
    fused: None
    lr: 0.0003
    maximize: False
    weight_decay: 0
)
2025-12-04 20:19:25.609 | DEBUG  | 177  > epoch 0
2025-12-04 20:19:25.609 | DEBUG  | 178  > loss 5.711446762084961
2025-12-04 20:19:25.773 | DEBUG  | 124  > OA: 0.175 | mAcc: 0.175 | Kappa: 0.11999999999999998 | mIOU: 0.05697931398750719
2025-12-04 20:19:25.774 | DEBUG  | 125  > Acc: [0.1 0.6 0.7 0.  0.  0.  0.  0.  0.  0.  0.  0.5 0.  0.  0.9 0. ]
2025-12-04 20:19:25.774 | DEBUG  | 126  > IOU: [0.09090909090909091, 0.1276595744680851, 0.3333333333333333, 0.0, 0.0, 0.0, 0.0, 0.0, 0.0, 0.0, 0.0, 0.06944444444444445, 0.0, 0.0, 0.2903225806451613, 0.0]
2025-12-04 20:19:25.774 | INFO   | 127  > Epoch 0 | OA 0.1750 | mAcc 0.1750 | Kappa 0.1200 | mIOU 0.0570
