2025-12-04 19:35:01.841 | INFO | 128    > MambaHSI_HanChuan
2025-12-04 19:35:05.380 | INFO | 204    > MambaHSI(
  (patch_embedding): Sequential(
    (0): Conv2d(274, 128, kernel_size=(1, 1), stride=(1, 1))
    (1): GroupNorm(4, 128, eps=1e-05, affine=True)
    (2): SiLU()
  )
  (mamba): Sequential(
    (0): BothMamba(
      (softmax): Softmax(dim=0)
      (spa_mamba): SpaMamba(
        (mamba): Mamba(
          (in_proj): Linear(in_features=128, out_features=512, bias=False)
          (conv1d): Conv1d(256, 256, kernel_size=(4,), stride=(1,), padding=(3,), groups=256)
          (act): SiLU()
          (x_proj): Linear(in_features=256, out_features=40, bias=False)
          (dt_proj): Linear(in_features=8, out_features=256, bias=True)
          (out_proj): Linear(in_features=256, out_features=128, bias=False)
        )
        (proj): Sequential(
          (0): GroupNorm(4, 128, eps=1e-05, affine=True)
          (1): SiLU()
        )
      )
      (spe_mamba): SpeMamba(
        (mamba): Mamba(
          (in_proj): Linear(in_features=32, out_features=128, bias=False)
          (conv1d): Conv1d(64, 64, kernel_size=(4,), stride=(1,), padding=(3,), groups=64)
          (act): SiLU()
          (x_proj): Linear(in_features=64, out_features=34, bias=False)
          (dt_proj): Linear(in_features=2, out_features=64, bias=True)
          (out_proj): Linear(in_features=64, out_features=32, bias=False)
        )
        (proj): Sequential(
          (0): GroupNorm(4, 128, eps=1e-05, affine=True)
          (1): SiLU()
        )
      )
    )
    (1): AvgPool2d(kernel_size=2, stride=2, padding=0)
    (2): BothMamba(
      (softmax): Softmax(dim=0)
      (spa_mamba): SpaMamba(
        (mamba): Mamba(
          (in_proj): Linear(in_features=128, out_features=512, bias=False)
          (conv1d): Conv1d(256, 256, kernel_size=(4,), stride=(1,), padding=(3,), groups=256)
          (act): SiLU()
          (x_proj): Linear(in_features=256, out_features=40, bias=False)
          (dt_proj): Linear(in_features=8, out_features=256, bias=True)
          (out_proj): Linear(in_features=256, out_features=128, bias=False)
        )
        (proj): Sequential(
          (0): GroupNorm(4, 128, eps=1e-05, affine=True)
          (1): SiLU()
        )
      )
      (spe_mamba): SpeMamba(
        (mamba): Mamba(
          (in_proj): Linear(in_features=32, out_features=128, bias=False)
          (conv1d): Conv1d(64, 64, kernel_size=(4,), stride=(1,), padding=(3,), groups=64)
          (act): SiLU()
          (x_proj): Linear(in_features=64, out_features=34, bias=False)
          (dt_proj): Linear(in_features=2, out_features=64, bias=True)
          (out_proj): Linear(in_features=64, out_features=32, bias=False)
        )
        (proj): Sequential(
          (0): GroupNorm(4, 128, eps=1e-05, affine=True)
          (1): SiLU()
        )
      )
    )
    (3): AvgPool2d(kernel_size=2, stride=2, padding=0)
    (4): BothMamba(
      (softmax): Softmax(dim=0)
      (spa_mamba): SpaMamba(
        (mamba): Mamba(
          (in_proj): Linear(in_features=128, out_features=512, bias=False)
          (conv1d): Conv1d(256, 256, kernel_size=(4,), stride=(1,), padding=(3,), groups=256)
          (act): SiLU()
          (x_proj): Linear(in_features=256, out_features=40, bias=False)
          (dt_proj): Linear(in_features=8, out_features=256, bias=True)
          (out_proj): Linear(in_features=256, out_features=128, bias=False)
        )
        (proj): Sequential(
          (0): GroupNorm(4, 128, eps=1e-05, affine=True)
          (1): SiLU()
        )
      )
      (spe_mamba): SpeMamba(
        (mamba): Mamba(
          (in_proj): Linear(in_features=32, out_features=128, bias=False)
          (conv1d): Conv1d(64, 64, kernel_size=(4,), stride=(1,), padding=(3,), groups=64)
          (act): SiLU()
          (x_proj): Linear(in_features=64, out_features=34, bias=False)
          (dt_proj): Linear(in_features=2, out_features=64, bias=True)
          (out_proj): Linear(in_features=64, out_features=32, bias=False)
        )
        (proj): Sequential(
          (0): GroupNorm(4, 128, eps=1e-05, affine=True)
          (1): SiLU()
        )
      )
    )
  )
  (cls_head): Sequential(
    (0): Conv2d(128, 128, kernel_size=(1, 1), stride=(1, 1))
    (1): GroupNorm(4, 128, eps=1e-05, affine=True)
    (2): SiLU()
    (3): Conv2d(128, 16, kernel_size=(1, 1), stride=(1, 1))
  )
)
2025-12-04 19:35:05.652 | INFO | 221    > Adam (
Parameter Group 0
    amsgrad: False
    betas: (0.9, 0.999)
    capturable: False
    decoupled_weight_decay: False
    differentiable: False
    eps: 1e-08
    foreach: None
    fused: None
    lr: 0.0003
    maximize: False
    weight_decay: 0
)
2025-12-04 19:35:06.738 | DEBUG | 251    > epoch 0
2025-12-04 19:35:06.739 | DEBUG | 252    > loss 5.949802875518799
2025-12-04 19:35:06.909 | DEBUG | 288    > OA: 0.10625 | mAcc: 0.10625000000000001 | Kappa: 0.04666666666666666 | mIOU: 0.03035208584900236
2025-12-04 19:35:06.909 | DEBUG | 289    > Acc: [0.  0.3 0.1 0.  0.  0.  0.  0.1 0.  0.  0.  0.  0.4 0.8 0.  0. ]
2025-12-04 19:35:06.910 | DEBUG | 290    > IOU: [0.0, 0.0967741935483871, 0.06666666666666667, 0.0, 0.0, 0.0, 0.0, 0.08333333333333333, 0.0, 0.0, 0.0, 0.0, 0.11764705882352941, 0.12121212121212122, 0.0, 0.0]
2025-12-04 19:35:06.910 | INFO | 291    > Epoch 0| OA 0.1062| mAcc 0.1063| Kappa 0.0467| mIOU 0.0304
2025-12-04 19:35:07.687 | DEBUG | 251    > epoch 1
2025-12-04 19:35:07.687 | DEBUG | 252    > loss 5.459714889526367
2025-12-04 19:35:07.848 | DEBUG | 288    > OA: 0.14375 | mAcc: 0.14375 | Kappa: 0.08666666666666666 | mIOU: 0.0520538271844242
2025-12-04 19:35:07.848 | DEBUG | 289    > Acc: [0.  0.5 0.1 0.  0.  0.  0.  0.2 0.  0.3 0.  0.  0.2 1.  0.  0. ]
2025-12-04 19:35:07.848 | DEBUG | 290    > IOU: [0.0, 0.07936507936507936, 0.09090909090909091, 0.0, 0.0, 0.0, 0.0, 0.13333333333333333, 0.0, 0.3, 0.0, 0.0, 0.08, 0.14925373134328357, 0.0, 0.0]
2025-12-04 19:35:07.848 | INFO | 291    > Epoch 1| OA 0.1437| mAcc 0.1437| Kappa 0.0867| mIOU 0.0521
2025-12-04 19:35:08.569 | DEBUG | 251    > epoch 2
2025-12-04 19:35:08.569 | DEBUG | 252    > loss 5.220758438110352
2025-12-04 19:35:08.730 | DEBUG | 288    > OA: 0.16875 | mAcc: 0.16874999999999998 | Kappa: 0.11333333333333334 | mIOU: 0.04691109780097545
2025-12-04 19:35:08.730 | DEBUG | 289    > Acc: [0.  0.3 0.  0.  0.  0.  0.  0.8 0.  0.  0.  0.  0.  1.  0.6 0. ]
2025-12-04 19:35:08.731 | DEBUG | 290    > IOU: [0.0, 0.07692307692307693, 0.0, 0.0, 0.0, 0.0, 0.0, 0.3076923076923077, 0.0, 0.0, 0.0, 0.0, 0.0, 0.1724137931034483, 0.1935483870967742, 0.0]
2025-12-04 19:35:08.731 | INFO | 291    > Epoch 2| OA 0.1688| mAcc 0.1687| Kappa 0.1133| mIOU 0.0469
2025-12-04 19:35:09.451 | DEBUG | 251    > epoch 3
2025-12-04 19:35:09.451 | DEBUG | 252    > loss 5.062972068786621
2025-12-04 19:35:09.612 | DEBUG | 288    > OA: 0.175 | mAcc: 0.17500000000000002 | Kappa: 0.11999999999999998 | mIOU: 0.0421005817376488
2025-12-04 19:35:09.612 | DEBUG | 289    > Acc: [0.  0.1 0.  0.  0.  0.  0.  0.9 0.  0.  0.  0.  0.1 1.  0.7 0. ]
2025-12-04 19:35:09.612 | DEBUG | 290    > IOU: [0.0, 0.07142857142857142, 0.0, 0.0, 0.0, 0.0, 0.0, 0.1956521739130435, 0.0, 0.0, 0.0, 0.0, 0.037037037037037035, 0.1694915254237288, 0.2, 0.0]
2025-12-04 19:35:09.613 | INFO | 291    > Epoch 3| OA 0.1750| mAcc 0.1750| Kappa 0.1200| mIOU 0.0421
2025-12-04 19:35:10.333 | DEBUG | 251    > epoch 4
2025-12-04 19:35:10.333 | DEBUG | 252    > loss 4.947686195373535
2025-12-04 19:35:10.493 | DEBUG | 288    > OA: 0.18125 | mAcc: 0.18125000000000002 | Kappa: 0.12666666666666665 | mIOU: 0.04700442818883598
2025-12-04 19:35:10.494 | DEBUG | 289    > Acc: [0.2 0.  0.  0.  0.  0.  0.  0.9 0.  0.  0.  0.  0.1 1.  0.7 0. ]
2025-12-04 19:35:10.494 | DEBUG | 290    > IOU: [0.15384615384615385, 0.0, 0.0, 0.0, 0.0, 0.0, 0.0, 0.1956521739130435, 0.0, 0.0, 0.0, 0.0, 0.03571428571428571, 0.1724137931034483, 0.19444444444444445, 0.0]
2025-12-04 19:35:10.494 | INFO | 291    > Epoch 4| OA 0.1812| mAcc 0.1813| Kappa 0.1267| mIOU 0.0470
2025-12-04 19:35:11.214 | DEBUG | 251    > epoch 5
2025-12-04 19:35:11.214 | DEBUG | 252    > loss 4.855168342590332
2025-12-04 19:35:11.375 | DEBUG | 288    > OA: 0.19375 | mAcc: 0.19375 | Kappa: 0.14 | mIOU: 0.05908973101221786
2025-12-04 19:35:11.375 | DEBUG | 289    > Acc: [0.4 0.1 0.  0.  0.  0.  0.  0.9 0.  0.  0.  0.  0.1 1.  0.6 0. ]
2025-12-04 19:35:11.375 | DEBUG | 290    > IOU: [0.25, 0.08333333333333333, 0.0, 0.0, 0.0, 0.0, 0.0, 0.2, 0.0, 0.0, 0.0, 0.0, 0.03571428571428571, 0.1694915254237288, 0.20689655172413793, 0.0]
2025-12-04 19:35:11.375 | INFO | 291    > Epoch 5| OA 0.1938| mAcc 0.1938| Kappa 0.1400| mIOU 0.0591
2025-12-04 19:35:12.095 | DEBUG | 251    > epoch 6
2025-12-04 19:35:12.096 | DEBUG | 252    > loss 4.7741241455078125
2025-12-04 19:35:12.256 | DEBUG | 288    > OA: 0.24375 | mAcc: 0.24375 | Kappa: 0.19333333333333333 | mIOU: 0.1009303369189844
2025-12-04 19:35:12.256 | DEBUG | 289    > Acc: [0.5 0.  0.  1.  0.  0.  0.  0.6 0.  0.  0.  0.  0.1 1.  0.7 0. ]
2025-12-04 19:35:12.256 | DEBUG | 290    > IOU: [0.23809523809523808, 0.0, 0.0, 0.21739130434782608, 0.0, 0.0, 0.0, 0.4, 0.0, 0.0, 0.0, 0.0, 0.03225806451612903, 0.18867924528301888, 0.5384615384615384, 0.0]
2025-12-04 19:35:12.256 | INFO | 291    > Epoch 6| OA 0.2437| mAcc 0.2437| Kappa 0.1933| mIOU 0.1009
2025-12-04 19:35:13.012 | DEBUG | 251    > epoch 7
2025-12-04 19:35:13.012 | DEBUG | 252    > loss 4.7016754150390625
2025-12-04 19:35:13.180 | DEBUG | 288    > OA: 0.24375 | mAcc: 0.24375000000000002 | Kappa: 0.19333333333333333 | mIOU: 0.0980170265780731
2025-12-04 19:35:13.180 | DEBUG | 289    > Acc: [0.8 0.  0.  1.  0.  0.  0.  0.4 0.  0.  0.  0.  0.  1.  0.7 0. ]
2025-12-04 19:35:13.181 | DEBUG | 290    > IOU: [0.26666666666666666, 0.0, 0.0, 0.2, 0.0, 0.0, 0.0, 0.2857142857142857, 0.0, 0.0, 0.0, 0.0, 0.0, 0.23255813953488372, 0.5833333333333334, 0.0]
2025-12-04 19:35:13.181 | INFO | 291    > Epoch 7| OA 0.2437| mAcc 0.2438| Kappa 0.1933| mIOU 0.0980
2025-12-04 19:35:13.913 | DEBUG | 251    > epoch 8
2025-12-04 19:35:13.913 | DEBUG | 252    > loss 4.632786750793457
2025-12-04 19:35:14.074 | DEBUG | 288    > OA: 0.25 | mAcc: 0.25 | Kappa: 0.2 | mIOU: 0.10955725821797249
2025-12-04 19:35:14.075 | DEBUG | 289    > Acc: [0.8 0.  0.  1.  0.1 0.  0.  0.4 0.  0.  0.  0.  0.  1.  0.7 0. ]
2025-12-04 19:35:14.075 | DEBUG | 290    > IOU: [0.24242424242424243, 0.0, 0.0, 0.20408163265306123, 0.1, 0.0, 0.0, 0.25, 0.0, 0.0, 0.0, 0.0, 0.0, 0.2564102564102564, 0.7, 0.0]
2025-12-04 19:35:14.075 | INFO | 291    > Epoch 8| OA 0.2500| mAcc 0.2500| Kappa 0.2000| mIOU 0.1096
2025-12-04 19:35:14.797 | DEBUG | 251    > epoch 9
2025-12-04 19:35:14.797 | DEBUG | 252    > loss 4.562857151031494
2025-12-04 19:35:14.958 | DEBUG | 288    > OA: 0.26875 | mAcc: 0.26875 | Kappa: 0.22 | mIOU: 0.12618189102564104
2025-12-04 19:35:14.959 | DEBUG | 289    > Acc: [0.8 0.  0.  1.  0.3 0.  0.  0.5 0.  0.  0.  0.  0.  1.  0.7 0. ]
2025-12-04 19:35:14.959 | DEBUG | 290    > IOU: [0.25, 0.0, 0.0, 0.22727272727272727, 0.2727272727272727, 0.0, 0.0, 0.3125, 0.0, 0.0, 0.0, 0.0, 0.0, 0.2564102564102564, 0.7, 0.0]
2025-12-04 19:35:14.959 | INFO | 291    > Epoch 9| OA 0.2687| mAcc 0.2687| Kappa 0.2200| mIOU 0.1262
2025-12-04 19:35:15.680 | DEBUG | 251    > epoch 10
2025-12-04 19:35:15.680 | DEBUG | 252    > loss 4.493105888366699
2025-12-04 19:35:15.841 | DEBUG | 288    > OA: 0.29375 | mAcc: 0.29375 | Kappa: 0.24666666666666667 | mIOU: 0.14635234557109555
2025-12-04 19:35:15.841 | DEBUG | 289    > Acc: [0.8 0.1 0.  0.9 0.6 0.  0.  0.6 0.  0.  0.  0.  0.  1.  0.7 0. ]
2025-12-04 19:35:15.841 | DEBUG | 290    > IOU: [0.25, 0.0625, 0.0, 0.2727272727272727, 0.5, 0.0, 0.0, 0.3, 0.0, 0.0, 0.0, 0.0, 0.0, 0.2564102564102564, 0.7, 0.0]
2025-12-04 19:35:15.841 | INFO | 291    > Epoch 10| OA 0.2938| mAcc 0.2938| Kappa 0.2467| mIOU 0.1464
2025-12-04 19:35:16.561 | DEBUG | 251    > epoch 11
2025-12-04 19:35:16.562 | DEBUG | 252    > loss 4.424929618835449
2025-12-04 19:35:16.722 | DEBUG | 288    > OA: 0.30625 | mAcc: 0.30625 | Kappa: 0.26 | mIOU: 0.16139202033598585
2025-12-04 19:35:16.722 | DEBUG | 289    > Acc: [0.8 0.3 0.  0.8 0.7 0.  0.  0.5 0.  0.1 0.  0.  0.  1.  0.7 0. ]
2025-12-04 19:35:16.723 | DEBUG | 290    > IOU: [0.25, 0.16666666666666666, 0.0, 0.27586206896551724, 0.5833333333333334, 0.0, 0.0, 0.25, 0.0, 0.1, 0.0, 0.0, 0.0, 0.2564102564102564, 0.7, 0.0]
2025-12-04 19:35:16.723 | INFO | 291    > Epoch 11| OA 0.3063| mAcc 0.3063| Kappa 0.2600| mIOU 0.1614
2025-12-04 19:35:17.442 | DEBUG | 251    > epoch 12
2025-12-04 19:35:17.442 | DEBUG | 252    > loss 4.357232570648193
2025-12-04 19:35:17.603 | DEBUG | 288    > OA: 0.3125 | mAcc: 0.3125 | Kappa: 0.26666666666666666 | mIOU: 0.16913154662861296
2025-12-04 19:35:17.603 | DEBUG | 289    > Acc: [0.8 0.3 0.  0.8 0.7 0.  0.  0.5 0.  0.2 0.  0.  0.  1.  0.7 0. ]
2025-12-04 19:35:17.603 | DEBUG | 290    > IOU: [0.24242424242424243, 0.15789473684210525, 0.0, 0.25806451612903225, 0.5833333333333334, 0.0, 0.0, 0.29411764705882354, 0.0, 0.2, 0.0, 0.0, 0.0, 0.2702702702702703, 0.7, 0.0]
2025-12-04 19:35:17.603 | INFO | 291    > Epoch 12| OA 0.3125| mAcc 0.3125| Kappa 0.2667| mIOU 0.1691
2025-12-04 19:35:18.341 | DEBUG | 251    > epoch 13
2025-12-04 19:35:18.341 | DEBUG | 252    > loss 4.289267539978027
2025-12-04 19:35:18.501 | DEBUG | 288    > OA: 0.30625 | mAcc: 0.30625 | Kappa: 0.26 | mIOU: 0.16598256434508368
2025-12-04 19:35:18.501 | DEBUG | 289    > Acc: [0.8 0.3 0.  0.9 0.7 0.  0.  0.3 0.  0.2 0.  0.  0.  1.  0.7 0. ]
2025-12-04 19:35:18.501 | DEBUG | 290    > IOU: [0.23529411764705882, 0.15789473684210525, 0.0, 0.32142857142857145, 0.5833333333333334, 0.0, 0.0, 0.1875, 0.0, 0.2, 0.0, 0.0, 0.0, 0.2702702702702703, 0.7, 0.0]
2025-12-04 19:35:18.501 | INFO | 291    > Epoch 13| OA 0.3063| mAcc 0.3063| Kappa 0.2600| mIOU 0.1660
