2025-12-04 19:26:29.672 | INFO | 126  > MambaHSI_HanChuan
2025-12-04 19:26:33.239 | INFO | 202  > MambaHSI(
  (patch_embedding): Sequential(
    (0): Conv2d(274, 128, kernel_size=(1, 1), stride=(1, 1))
    (1): GroupNorm(4, 128, eps=1e-05, affine=True)
    (2): SiLU()
  )
  (mamba): Sequential(
    (0): BothMamba(
      (softmax): Softmax(dim=0)
      (spa_mamba): SpaMamba(
        (mamba): Mamba(
          (in_proj): Linear(in_features=128, out_features=512, bias=False)
          (conv1d): Conv1d(256, 256, kernel_size=(4,), stride=(1,), padding=(3,), groups=256)
          (act): SiLU()
          (x_proj): Linear(in_features=256, out_features=40, bias=False)
          (dt_proj): Linear(in_features=8, out_features=256, bias=True)
          (out_proj): Linear(in_features=256, out_features=128, bias=False)
        )
        (proj): Sequential(
          (0): GroupNorm(4, 128, eps=1e-05, affine=True)
          (1): SiLU()
        )
      )
      (spe_mamba): SpeMamba(
        (mamba): Mamba(
          (in_proj): Linear(in_features=32, out_features=128, bias=False)
          (conv1d): Conv1d(64, 64, kernel_size=(4,), stride=(1,), padding=(3,), groups=64)
          (act): SiLU()
          (x_proj): Linear(in_features=64, out_features=34, bias=False)
          (dt_proj): Linear(in_features=2, out_features=64, bias=True)
          (out_proj): Linear(in_features=64, out_features=32, bias=False)
        )
        (proj): Sequential(
          (0): GroupNorm(4, 128, eps=1e-05, affine=True)
          (1): SiLU()
        )
      )
    )
    (1): AvgPool2d(kernel_size=2, stride=2, padding=0)
    (2): BothMamba(
      (softmax): Softmax(dim=0)
      (spa_mamba): SpaMamba(
        (mamba): Mamba(
          (in_proj): Linear(in_features=128, out_features=512, bias=False)
          (conv1d): Conv1d(256, 256, kernel_size=(4,), stride=(1,), padding=(3,), groups=256)
          (act): SiLU()
          (x_proj): Linear(in_features=256, out_features=40, bias=False)
          (dt_proj): Linear(in_features=8, out_features=256, bias=True)
          (out_proj): Linear(in_features=256, out_features=128, bias=False)
        )
        (proj): Sequential(
          (0): GroupNorm(4, 128, eps=1e-05, affine=True)
          (1): SiLU()
        )
      )
      (spe_mamba): SpeMamba(
        (mamba): Mamba(
          (in_proj): Linear(in_features=32, out_features=128, bias=False)
          (conv1d): Conv1d(64, 64, kernel_size=(4,), stride=(1,), padding=(3,), groups=64)
          (act): SiLU()
          (x_proj): Linear(in_features=64, out_features=34, bias=False)
          (dt_proj): Linear(in_features=2, out_features=64, bias=True)
          (out_proj): Linear(in_features=64, out_features=32, bias=False)
        )
        (proj): Sequential(
          (0): GroupNorm(4, 128, eps=1e-05, affine=True)
          (1): SiLU()
        )
      )
    )
    (3): AvgPool2d(kernel_size=2, stride=2, padding=0)
    (4): BothMamba(
      (softmax): Softmax(dim=0)
      (spa_mamba): SpaMamba(
        (mamba): Mamba(
          (in_proj): Linear(in_features=128, out_features=512, bias=False)
          (conv1d): Conv1d(256, 256, kernel_size=(4,), stride=(1,), padding=(3,), groups=256)
          (act): SiLU()
          (x_proj): Linear(in_features=256, out_features=40, bias=False)
          (dt_proj): Linear(in_features=8, out_features=256, bias=True)
          (out_proj): Linear(in_features=256, out_features=128, bias=False)
        )
        (proj): Sequential(
          (0): GroupNorm(4, 128, eps=1e-05, affine=True)
          (1): SiLU()
        )
      )
      (spe_mamba): SpeMamba(
        (mamba): Mamba(
          (in_proj): Linear(in_features=32, out_features=128, bias=False)
          (conv1d): Conv1d(64, 64, kernel_size=(4,), stride=(1,), padding=(3,), groups=64)
          (act): SiLU()
          (x_proj): Linear(in_features=64, out_features=34, bias=False)
          (dt_proj): Linear(in_features=2, out_features=64, bias=True)
          (out_proj): Linear(in_features=64, out_features=32, bias=False)
        )
        (proj): Sequential(
          (0): GroupNorm(4, 128, eps=1e-05, affine=True)
          (1): SiLU()
        )
      )
    )
  )
  (cls_head): Sequential(
    (0): Conv2d(128, 128, kernel_size=(1, 1), stride=(1, 1))
    (1): GroupNorm(4, 128, eps=1e-05, affine=True)
    (2): SiLU()
    (3): Conv2d(128, 16, kernel_size=(1, 1), stride=(1, 1))
  )
)
2025-12-04 19:26:33.516 | INFO | 219  > Adam (
Parameter Group 0
    amsgrad: False
    betas: (0.9, 0.999)
    capturable: False
    decoupled_weight_decay: False
    differentiable: False
    eps: 1e-08
    foreach: None
    fused: None
    lr: 0.0003
    maximize: False
    weight_decay: 0
)
2025-12-04 19:26:34.587 | INFO | 249  > Epoch 0 | loss: 5.949802398681641
2025-12-04 19:26:34.750 | INFO | 289  > Training Evaluate:
2025-12-04 19:26:34.751 | INFO | 290  > OA: 0.10625 | mAcc: 0.10625000000000001 | Kappa: 0.04666666666666666 | mIOU: 0.03035208584900236
2025-12-04 19:26:34.751 | INFO | 291  > IOU: [0.         0.09677419 0.06666667 0.         0.         0.
 0.         0.08333333 0.         0.         0.         0.
 0.11764706 0.12121212 0.         0.        ]
2025-12-04 19:26:34.751 | INFO | 292  > Acc: [0.  0.3 0.1 0.  0.  0.  0.  0.1 0.  0.  0.  0.  0.4 0.8 0.  0. ]
2025-12-04 19:26:35.473 | INFO | 249  > Epoch 1 | loss: 5.459718704223633
2025-12-04 19:26:35.635 | INFO | 289  > Training Evaluate:
2025-12-04 19:26:35.635 | INFO | 290  > OA: 0.14375 | mAcc: 0.14375 | Kappa: 0.08666666666666666 | mIOU: 0.0520538271844242
2025-12-04 19:26:35.636 | INFO | 291  > IOU: [0.         0.07936508 0.09090909 0.         0.         0.
 0.         0.13333333 0.         0.3        0.         0.
 0.08       0.14925373 0.         0.        ]
2025-12-04 19:26:35.636 | INFO | 292  > Acc: [0.  0.5 0.1 0.  0.  0.  0.  0.2 0.  0.3 0.  0.  0.2 1.  0.  0. ]
2025-12-04 19:26:36.366 | INFO | 249  > Epoch 2 | loss: 5.220757484436035
2025-12-04 19:26:36.535 | INFO | 289  > Training Evaluate:
2025-12-04 19:26:36.535 | INFO | 290  > OA: 0.16875 | mAcc: 0.16874999999999998 | Kappa: 0.11333333333333334 | mIOU: 0.04691109780097545
2025-12-04 19:26:36.535 | INFO | 291  > IOU: [0.         0.07692308 0.         0.         0.         0.
 0.         0.30769231 0.         0.         0.         0.
 0.         0.17241379 0.19354839 0.        ]
2025-12-04 19:26:36.535 | INFO | 292  > Acc: [0.  0.3 0.  0.  0.  0.  0.  0.8 0.  0.  0.  0.  0.  1.  0.6 0. ]
2025-12-04 19:26:37.312 | INFO | 249  > Epoch 3 | loss: 5.062967300415039
2025-12-04 19:26:37.474 | INFO | 289  > Training Evaluate:
2025-12-04 19:26:37.474 | INFO | 290  > OA: 0.175 | mAcc: 0.17500000000000002 | Kappa: 0.11999999999999998 | mIOU: 0.0421005817376488
2025-12-04 19:26:37.474 | INFO | 291  > IOU: [0.         0.07142857 0.         0.         0.         0.
 0.         0.19565217 0.         0.         0.         0.
 0.03703704 0.16949153 0.2        0.        ]
2025-12-04 19:26:37.474 | INFO | 292  > Acc: [0.  0.1 0.  0.  0.  0.  0.  0.9 0.  0.  0.  0.  0.1 1.  0.7 0. ]
2025-12-04 19:26:38.197 | INFO | 249  > Epoch 4 | loss: 4.947686195373535
2025-12-04 19:26:38.358 | INFO | 289  > Training Evaluate:
2025-12-04 19:26:38.358 | INFO | 290  > OA: 0.18125 | mAcc: 0.18125000000000002 | Kappa: 0.12666666666666665 | mIOU: 0.04700442818883598
2025-12-04 19:26:38.359 | INFO | 291  > IOU: [0.15384615 0.         0.         0.         0.         0.
 0.         0.19565217 0.         0.         0.         0.
 0.03571429 0.17241379 0.19444444 0.        ]
2025-12-04 19:26:38.359 | INFO | 292  > Acc: [0.2 0.  0.  0.  0.  0.  0.  0.9 0.  0.  0.  0.  0.1 1.  0.7 0. ]
2025-12-04 19:26:39.081 | INFO | 249  > Epoch 5 | loss: 4.855161666870117
2025-12-04 19:26:39.242 | INFO | 289  > Training Evaluate:
2025-12-04 19:26:39.243 | INFO | 290  > OA: 0.19375 | mAcc: 0.19375 | Kappa: 0.14 | mIOU: 0.05908973101221786
2025-12-04 19:26:39.243 | INFO | 291  > IOU: [0.25       0.08333333 0.         0.         0.         0.
 0.         0.2        0.         0.         0.         0.
 0.03571429 0.16949153 0.20689655 0.        ]
2025-12-04 19:26:39.243 | INFO | 292  > Acc: [0.4 0.1 0.  0.  0.  0.  0.  0.9 0.  0.  0.  0.  0.1 1.  0.6 0. ]
2025-12-04 19:26:39.966 | INFO | 249  > Epoch 6 | loss: 4.77412748336792
2025-12-04 19:26:40.128 | INFO | 289  > Training Evaluate:
2025-12-04 19:26:40.128 | INFO | 290  > OA: 0.24375 | mAcc: 0.24375 | Kappa: 0.19333333333333333 | mIOU: 0.1009303369189844
2025-12-04 19:26:40.128 | INFO | 291  > IOU: [0.23809524 0.         0.         0.2173913  0.         0.
 0.         0.4        0.         0.         0.         0.
 0.03225806 0.18867925 0.53846154 0.        ]
2025-12-04 19:26:40.128 | INFO | 292  > Acc: [0.5 0.  0.  1.  0.  0.  0.  0.6 0.  0.  0.  0.  0.1 1.  0.7 0. ]
