2025-12-04 19:22:41.436 | INFO | 126  > MambaHSI_HanChuan
2025-12-04 19:22:44.996 | INFO | 202  > MambaHSI(
  (patch_embedding): Sequential(
    (0): Conv2d(274, 128, kernel_size=(1, 1), stride=(1, 1))
    (1): GroupNorm(4, 128, eps=1e-05, affine=True)
    (2): SiLU()
  )
  (mamba): Sequential(
    (0): BothMamba(
      (softmax): Softmax(dim=0)
      (spa_mamba): SpaMamba(
        (mamba): Mamba(
          (in_proj): Linear(in_features=128, out_features=512, bias=False)
          (conv1d): Conv1d(256, 256, kernel_size=(4,), stride=(1,), padding=(3,), groups=256)
          (act): SiLU()
          (x_proj): Linear(in_features=256, out_features=40, bias=False)
          (dt_proj): Linear(in_features=8, out_features=256, bias=True)
          (out_proj): Linear(in_features=256, out_features=128, bias=False)
        )
        (proj): Sequential(
          (0): GroupNorm(4, 128, eps=1e-05, affine=True)
          (1): SiLU()
        )
      )
      (spe_mamba): SpeMamba(
        (mamba): Mamba(
          (in_proj): Linear(in_features=32, out_features=128, bias=False)
          (conv1d): Conv1d(64, 64, kernel_size=(4,), stride=(1,), padding=(3,), groups=64)
          (act): SiLU()
          (x_proj): Linear(in_features=64, out_features=34, bias=False)
          (dt_proj): Linear(in_features=2, out_features=64, bias=True)
          (out_proj): Linear(in_features=64, out_features=32, bias=False)
        )
        (proj): Sequential(
          (0): GroupNorm(4, 128, eps=1e-05, affine=True)
          (1): SiLU()
        )
      )
    )
    (1): AvgPool2d(kernel_size=2, stride=2, padding=0)
    (2): BothMamba(
      (softmax): Softmax(dim=0)
      (spa_mamba): SpaMamba(
        (mamba): Mamba(
          (in_proj): Linear(in_features=128, out_features=512, bias=False)
          (conv1d): Conv1d(256, 256, kernel_size=(4,), stride=(1,), padding=(3,), groups=256)
          (act): SiLU()
          (x_proj): Linear(in_features=256, out_features=40, bias=False)
          (dt_proj): Linear(in_features=8, out_features=256, bias=True)
          (out_proj): Linear(in_features=256, out_features=128, bias=False)
        )
        (proj): Sequential(
          (0): GroupNorm(4, 128, eps=1e-05, affine=True)
          (1): SiLU()
        )
      )
      (spe_mamba): SpeMamba(
        (mamba): Mamba(
          (in_proj): Linear(in_features=32, out_features=128, bias=False)
          (conv1d): Conv1d(64, 64, kernel_size=(4,), stride=(1,), padding=(3,), groups=64)
          (act): SiLU()
          (x_proj): Linear(in_features=64, out_features=34, bias=False)
          (dt_proj): Linear(in_features=2, out_features=64, bias=True)
          (out_proj): Linear(in_features=64, out_features=32, bias=False)
        )
        (proj): Sequential(
          (0): GroupNorm(4, 128, eps=1e-05, affine=True)
          (1): SiLU()
        )
      )
    )
    (3): AvgPool2d(kernel_size=2, stride=2, padding=0)
    (4): BothMamba(
      (softmax): Softmax(dim=0)
      (spa_mamba): SpaMamba(
        (mamba): Mamba(
          (in_proj): Linear(in_features=128, out_features=512, bias=False)
          (conv1d): Conv1d(256, 256, kernel_size=(4,), stride=(1,), padding=(3,), groups=256)
          (act): SiLU()
          (x_proj): Linear(in_features=256, out_features=40, bias=False)
          (dt_proj): Linear(in_features=8, out_features=256, bias=True)
          (out_proj): Linear(in_features=256, out_features=128, bias=False)
        )
        (proj): Sequential(
          (0): GroupNorm(4, 128, eps=1e-05, affine=True)
          (1): SiLU()
        )
      )
      (spe_mamba): SpeMamba(
        (mamba): Mamba(
          (in_proj): Linear(in_features=32, out_features=128, bias=False)
          (conv1d): Conv1d(64, 64, kernel_size=(4,), stride=(1,), padding=(3,), groups=64)
          (act): SiLU()
          (x_proj): Linear(in_features=64, out_features=34, bias=False)
          (dt_proj): Linear(in_features=2, out_features=64, bias=True)
          (out_proj): Linear(in_features=64, out_features=32, bias=False)
        )
        (proj): Sequential(
          (0): GroupNorm(4, 128, eps=1e-05, affine=True)
          (1): SiLU()
        )
      )
    )
  )
  (cls_head): Sequential(
    (0): Conv2d(128, 128, kernel_size=(1, 1), stride=(1, 1))
    (1): GroupNorm(4, 128, eps=1e-05, affine=True)
    (2): SiLU()
    (3): Conv2d(128, 16, kernel_size=(1, 1), stride=(1, 1))
  )
)
2025-12-04 19:22:45.299 | INFO | 219  > Adam (
Parameter Group 0
    amsgrad: False
    betas: (0.9, 0.999)
    capturable: False
    decoupled_weight_decay: False
    differentiable: False
    eps: 1e-08
    foreach: None
    fused: None
    lr: 0.0003
    maximize: False
    weight_decay: 0
)
2025-12-04 19:22:46.377 | INFO | 249  > Iter:0|loss:5.949802398681641
2025-12-04 19:22:46.541 | INFO | 284  > Evaluate 0|OA:0.10625|MACC:0.10625000000000001|Kappa:0.04666666666666666|MIOU:0.03035208584900236|IOU:[0.         0.09677419 0.06666667 0.         0.         0.
 0.         0.08333333 0.         0.         0.         0.
 0.11764706 0.12121212 0.         0.        ]|ACC:[0.  0.3 0.1 0.  0.  0.  0.  0.1 0.  0.  0.  0.  0.4 0.8 0.  0. ]
2025-12-04 19:22:47.264 | INFO | 249  > Iter:1|loss:5.459718704223633
2025-12-04 19:22:47.425 | INFO | 284  > Evaluate 1|OA:0.14375|MACC:0.14375|Kappa:0.08666666666666666|MIOU:0.0520538271844242|IOU:[0.         0.07936508 0.09090909 0.         0.         0.
 0.         0.13333333 0.         0.3        0.         0.
 0.08       0.14925373 0.         0.        ]|ACC:[0.  0.5 0.1 0.  0.  0.  0.  0.2 0.  0.3 0.  0.  0.2 1.  0.  0. ]
2025-12-04 19:22:48.149 | INFO | 249  > Iter:2|loss:5.220754623413086
2025-12-04 19:22:48.310 | INFO | 284  > Evaluate 2|OA:0.16875|MACC:0.16874999999999998|Kappa:0.11333333333333334|MIOU:0.04691109780097545|IOU:[0.         0.07692308 0.         0.         0.         0.
 0.         0.30769231 0.         0.         0.         0.
 0.         0.17241379 0.19354839 0.        ]|ACC:[0.  0.3 0.  0.  0.  0.  0.  0.8 0.  0.  0.  0.  0.  1.  0.6 0. ]
2025-12-04 19:22:49.031 | INFO | 249  > Iter:3|loss:5.062970161437988
2025-12-04 19:22:49.192 | INFO | 284  > Evaluate 3|OA:0.175|MACC:0.17500000000000002|Kappa:0.11999999999999998|MIOU:0.0421005817376488|IOU:[0.         0.07142857 0.         0.         0.         0.
 0.         0.19565217 0.         0.         0.         0.
 0.03703704 0.16949153 0.2        0.        ]|ACC:[0.  0.1 0.  0.  0.  0.  0.  0.9 0.  0.  0.  0.  0.1 1.  0.7 0. ]
2025-12-04 19:22:49.912 | INFO | 249  > Iter:4|loss:4.947690010070801
2025-12-04 19:22:50.074 | INFO | 284  > Evaluate 4|OA:0.18125|MACC:0.18125000000000002|Kappa:0.12666666666666665|MIOU:0.04700442818883598|IOU:[0.15384615 0.         0.         0.         0.         0.
 0.         0.19565217 0.         0.         0.         0.
 0.03571429 0.17241379 0.19444444 0.        ]|ACC:[0.2 0.  0.  0.  0.  0.  0.  0.9 0.  0.  0.  0.  0.1 1.  0.7 0. ]
2025-12-04 19:22:50.829 | INFO | 249  > Iter:5|loss:4.855166435241699
2025-12-04 19:22:50.998 | INFO | 284  > Evaluate 5|OA:0.19375|MACC:0.19375|Kappa:0.14|MIOU:0.05908973101221786|IOU:[0.25       0.08333333 0.         0.         0.         0.
 0.         0.2        0.         0.         0.         0.
 0.03571429 0.16949153 0.20689655 0.        ]|ACC:[0.4 0.1 0.  0.  0.  0.  0.  0.9 0.  0.  0.  0.  0.1 1.  0.6 0. ]
2025-12-04 19:22:51.735 | INFO | 249  > Iter:6|loss:4.774131774902344
2025-12-04 19:22:51.897 | INFO | 284  > Evaluate 6|OA:0.24375|MACC:0.24375|Kappa:0.19333333333333333|MIOU:0.1009303369189844|IOU:[0.23809524 0.         0.         0.2173913  0.         0.
 0.         0.4        0.         0.         0.         0.
 0.03225806 0.18867925 0.53846154 0.        ]|ACC:[0.5 0.  0.  1.  0.  0.  0.  0.6 0.  0.  0.  0.  0.1 1.  0.7 0. ]
2025-12-04 19:22:52.617 | INFO | 249  > Iter:7|loss:4.701682090759277
2025-12-04 19:22:52.778 | INFO | 284  > Evaluate 7|OA:0.24375|MACC:0.24375000000000002|Kappa:0.19333333333333333|MIOU:0.0980170265780731|IOU:[0.26666667 0.         0.         0.2        0.         0.
 0.         0.28571429 0.         0.         0.         0.
 0.         0.23255814 0.58333333 0.        ]|ACC:[0.8 0.  0.  1.  0.  0.  0.  0.4 0.  0.  0.  0.  0.  1.  0.7 0. ]
2025-12-04 19:22:53.499 | INFO | 249  > Iter:8|loss:4.63278865814209
2025-12-04 19:22:53.660 | INFO | 284  > Evaluate 8|OA:0.25|MACC:0.25|Kappa:0.2|MIOU:0.10955725821797249|IOU:[0.24242424 0.         0.         0.20408163 0.1        0.
 0.         0.25       0.         0.         0.         0.
 0.         0.25641026 0.7        0.        ]|ACC:[0.8 0.  0.  1.  0.1 0.  0.  0.4 0.  0.  0.  0.  0.  1.  0.7 0. ]
2025-12-04 19:22:54.381 | INFO | 249  > Iter:9|loss:4.562861919403076
2025-12-04 19:22:54.543 | INFO | 284  > Evaluate 9|OA:0.26875|MACC:0.26875|Kappa:0.22|MIOU:0.12618189102564104|IOU:[0.25       0.         0.         0.22727273 0.27272727 0.
 0.         0.3125     0.         0.         0.         0.
 0.         0.25641026 0.7        0.        ]|ACC:[0.8 0.  0.  1.  0.3 0.  0.  0.5 0.  0.  0.  0.  0.  1.  0.7 0. ]
2025-12-04 19:22:55.264 | INFO | 249  > Iter:10|loss:4.493116855621338
2025-12-04 19:22:55.426 | INFO | 284  > Evaluate 10|OA:0.29375|MACC:0.29375|Kappa:0.24666666666666667|MIOU:0.14635234557109555|IOU:[0.25       0.0625     0.         0.27272727 0.5        0.
 0.         0.3        0.         0.         0.         0.
 0.         0.25641026 0.7        0.        ]|ACC:[0.8 0.1 0.  0.9 0.6 0.  0.  0.6 0.  0.  0.  0.  0.  1.  0.7 0. ]
2025-12-04 19:22:56.165 | INFO | 249  > Iter:11|loss:4.4249267578125
2025-12-04 19:22:56.327 | INFO | 284  > Evaluate 11|OA:0.30625|MACC:0.30625|Kappa:0.26|MIOU:0.16139202033598585|IOU:[0.25       0.16666667 0.         0.27586207 0.58333333 0.
 0.         0.25       0.         0.1        0.         0.
 0.         0.25641026 0.7        0.        ]|ACC:[0.8 0.3 0.  0.8 0.7 0.  0.  0.5 0.  0.1 0.  0.  0.  1.  0.7 0. ]
2025-12-04 19:22:57.075 | INFO | 249  > Iter:12|loss:4.357232093811035
2025-12-04 19:22:57.236 | INFO | 284  > Evaluate 12|OA:0.3125|MACC:0.3125|Kappa:0.26666666666666666|MIOU:0.16913154662861296|IOU:[0.24242424 0.15789474 0.         0.25806452 0.58333333 0.
 0.         0.29411765 0.         0.2        0.         0.
 0.         0.27027027 0.7        0.        ]|ACC:[0.8 0.3 0.  0.8 0.7 0.  0.  0.5 0.  0.2 0.  0.  0.  1.  0.7 0. ]
2025-12-04 19:22:57.958 | INFO | 249  > Iter:13|loss:4.289277076721191
2025-12-04 19:22:58.119 | INFO | 284  > Evaluate 13|OA:0.30625|MACC:0.30625|Kappa:0.26|MIOU:0.16598256434508368|IOU:[0.23529412 0.15789474 0.         0.32142857 0.58333333 0.
 0.         0.1875     0.         0.2        0.         0.
 0.         0.27027027 0.7        0.        ]|ACC:[0.8 0.3 0.  0.9 0.7 0.  0.  0.3 0.  0.2 0.  0.  0.  1.  0.7 0. ]
2025-12-04 19:22:58.836 | INFO | 249  > Iter:14|loss:4.220901966094971
2025-12-04 19:22:58.997 | INFO | 284  > Evaluate 14|OA:0.35|MACC:0.35|Kappa:0.30666666666666664|MIOU:0.20062490214144627|IOU:[0.24242424 0.17647059 0.1875     0.41666667 0.58333333 0.08333333
 0.         0.21428571 0.         0.3        0.         0.
 0.03571429 0.27027027 0.7        0.        ]|ACC:[0.8 0.3 0.3 1.  0.7 0.1 0.  0.3 0.  0.3 0.  0.  0.1 1.  0.7 0. ]
2025-12-04 19:22:59.720 | INFO | 249  > Iter:15|loss:4.151487827301025
2025-12-04 19:22:59.881 | INFO | 284  > Evaluate 15|OA:0.375|MACC:0.375|Kappa:0.3333333333333333|MIOU:0.21999517155283407|IOU:[0.25       0.17647059 0.27777778 0.52631579 0.61538462 0.16666667
 0.         0.2        0.         0.3        0.         0.
 0.03703704 0.27027027 0.7        0.        ]|ACC:[0.8 0.3 0.5 1.  0.8 0.2 0.  0.3 0.  0.3 0.  0.  0.1 1.  0.7 0. ]
2025-12-04 19:23:00.603 | INFO | 249  > Iter:16|loss:4.081658363342285
2025-12-04 19:23:00.765 | INFO | 284  > Evaluate 16|OA:0.3875|MACC:0.38749999999999996|Kappa:0.3466666666666667|MIOU:0.23521124844654256|IOU:[0.24242424 0.17647059 0.33333333 0.71428571 0.61538462 0.16666667
 0.         0.2        0.         0.3        0.         0.
 0.03703704 0.27777778 0.7        0.        ]|ACC:[0.8 0.3 0.7 1.  0.8 0.2 0.  0.3 0.  0.3 0.  0.  0.1 1.  0.7 0. ]
2025-12-04 19:23:01.487 | INFO | 249  > Iter:17|loss:4.010396957397461
2025-12-04 19:23:01.649 | INFO | 284  > Evaluate 17|OA:0.38125|MACC:0.38125|Kappa:0.33999999999999997|MIOU:0.2265081459934401|IOU:[0.24242424 0.17647059 0.33333333 0.61538462 0.64285714 0.09090909
 0.         0.2        0.         0.3        0.         0.
 0.03703704 0.28571429 0.7        0.        ]|ACC:[0.8 0.3 0.8 0.8 0.9 0.1 0.  0.3 0.  0.3 0.  0.  0.1 1.  0.7 0. ]
2025-12-04 19:23:02.379 | INFO | 249  > Iter:18|loss:3.93654203414917
2025-12-04 19:23:02.540 | INFO | 284  > Evaluate 18|OA:0.4|MACC:0.4|Kappa:0.36000000000000004|MIOU:0.24461712572777564|IOU:[0.25806452 0.17647059 0.29166667 0.57142857 0.64285714 0.09090909
 0.2        0.21428571 0.         0.3        0.1        0.
 0.07407407 0.29411765 0.7        0.        ]|ACC:[0.8 0.3 0.7 0.8 0.9 0.1 0.2 0.3 0.  0.3 0.1 0.  0.2 1.  0.7 0. ]
2025-12-04 19:23:03.279 | INFO | 249  > Iter:19|loss:3.8608155250549316
2025-12-04 19:23:03.441 | INFO | 284  > Evaluate 19|OA:0.4125|MACC:0.4125|Kappa:0.3733333333333333|MIOU:0.2560299320777262|IOU:[0.32       0.17647059 0.23809524 0.625      0.64285714 0.08333333
 0.3        0.23076923 0.         0.3        0.07692308 0.
 0.1        0.3030303  0.7        0.        ]|ACC:[0.8 0.3 0.5 1.  0.9 0.1 0.3 0.3 0.  0.3 0.1 0.  0.3 1.  0.7 0. ]
2025-12-04 19:23:04.164 | INFO | 249  > Iter:20|loss:3.7858827114105225
2025-12-04 19:23:04.325 | INFO | 284  > Evaluate 20|OA:0.40625|MACC:0.40625|Kappa:0.36666666666666664|MIOU:0.2511486726100697|IOU:[0.33333333 0.16666667 0.25       0.58823529 0.64285714 0.07692308
 0.4        0.07692308 0.         0.3        0.05555556 0.
 0.11538462 0.3125     0.7        0.        ]|ACC:[0.8 0.3 0.5 1.  0.9 0.1 0.4 0.1 0.  0.3 0.1 0.  0.3 1.  0.7 0. ]
2025-12-04 19:23:05.041 | INFO | 249  > Iter:21|loss:3.7114877700805664
2025-12-04 19:23:05.203 | INFO | 284  > Evaluate 21|OA:0.425|MACC:0.425|Kappa:0.38666666666666666|MIOU:0.26327465559802515|IOU:[0.33333333 0.16666667 0.25       0.625      0.64285714 0.07692308
 0.33333333 0.15384615 0.         0.3        0.14285714 0.
 0.13043478 0.35714286 0.7        0.        ]|ACC:[0.8 0.3 0.5 1.  0.9 0.1 0.4 0.2 0.  0.3 0.3 0.  0.3 1.  0.7 0. ]
2025-12-04 19:23:05.926 | INFO | 249  > Iter:22|loss:3.636460304260254
2025-12-04 19:23:06.088 | INFO | 284  > Evaluate 22|OA:0.40625|MACC:0.40625|Kappa:0.36666666666666664|MIOU:0.24606801712779974|IOU:[0.33333333 0.16666667 0.2173913  0.53333333 0.64285714 0.
 0.25       0.13333333 0.         0.3        0.13636364 0.
 0.16666667 0.35714286 0.7        0.        ]|ACC:[0.8 0.3 0.5 0.8 0.9 0.  0.4 0.2 0.  0.3 0.3 0.  0.3 1.  0.7 0. ]
2025-12-04 19:23:06.805 | INFO | 249  > Iter:23|loss:3.5604233741760254
2025-12-04 19:23:06.967 | INFO | 284  > Evaluate 23|OA:0.425|MACC:0.425|Kappa:0.38666666666666666|MIOU:0.2640742376496053|IOU:[0.36363636 0.17647059 0.22727273 0.6        0.64285714 0.
 0.29411765 0.13333333 0.1        0.3        0.15384615 0.
 0.1875     0.34615385 0.7        0.        ]|ACC:[0.8 0.3 0.5 0.9 0.9 0.  0.5 0.2 0.1 0.3 0.4 0.  0.3 0.9 0.7 0. ]
2025-12-04 19:23:07.702 | INFO | 249  > Iter:24|loss:3.4841744899749756
2025-12-04 19:23:07.864 | INFO | 284  > Evaluate 24|OA:0.43125|MACC:0.43125|Kappa:0.39333333333333337|MIOU:0.269376480039746|IOU:[0.38095238 0.17647059 0.26315789 0.5625     0.64285714 0.07692308
 0.26315789 0.0625     0.1        0.3        0.17241379 0.
 0.2        0.40909091 0.7        0.        ]|ACC:[0.8 0.3 0.5 0.9 0.9 0.1 0.5 0.1 0.1 0.3 0.5 0.  0.3 0.9 0.7 0. ]
2025-12-04 19:23:08.628 | INFO | 249  > Iter:25|loss:3.408270835876465
2025-12-04 19:23:08.789 | INFO | 284  > Evaluate 25|OA:0.475|MACC:0.475|Kappa:0.44|MIOU:0.309394227844472|IOU:[0.44444444 0.17647059 0.26315789 0.6        0.64285714 0.07692308
 0.31578947 0.125      0.1        0.3        0.24137931 0.
 0.21428571 0.45       0.7        0.3       ]|ACC:[0.8 0.3 0.5 0.9 0.9 0.1 0.6 0.2 0.1 0.3 0.7 0.  0.3 0.9 0.7 0.3]
2025-12-04 19:23:09.511 | INFO | 249  > Iter:26|loss:3.3312430381774902
2025-12-04 19:23:09.672 | INFO | 284  > Evaluate 26|OA:0.5125|MACC:0.5125|Kappa:0.4799999999999999|MIOU:0.3501768597114959|IOU:[0.53333333 0.17647059 0.26315789 0.6        0.64285714 0.07692308
 0.36842105 0.125      0.1        0.3        0.26666667 0.1
 0.25       0.5        0.7        0.6       ]|ACC:[0.8 0.3 0.5 0.9 0.9 0.1 0.7 0.2 0.1 0.3 0.8 0.1 0.3 0.9 0.7 0.6]
2025-12-04 19:23:10.394 | INFO | 249  > Iter:27|loss:3.2491979598999023
2025-12-04 19:23:10.556 | INFO | 284  > Evaluate 27|OA:0.5375|MACC:0.5375|Kappa:0.5066666666666666|MIOU:0.37131303100230995|IOU:[0.57142857 0.17647059 0.29411765 0.66666667 0.64285714 0.07692308
 0.44444444 0.2        0.1        0.3        0.29032258 0.1
 0.33333333 0.44444444 0.7        0.6       ]|ACC:[0.8 0.3 0.5 1.  0.9 0.1 0.8 0.3 0.1 0.3 0.9 0.1 0.4 0.8 0.7 0.6]
2025-12-04 19:23:11.279 | INFO | 249  > Iter:28|loss:3.166304111480713
2025-12-04 19:23:11.441 | INFO | 284  > Evaluate 28|OA:0.55625|MACC:0.55625|Kappa:0.5266666666666667|MIOU:0.38626612103174607|IOU:[0.57142857 0.2        0.33333333 0.66666667 0.64285714 0.25
 0.44444444 0.3125     0.1        0.3        0.28125    0.
 0.33333333 0.44444444 0.7        0.6       ]|ACC:[0.8 0.3 0.5 1.  0.9 0.3 0.8 0.5 0.1 0.3 0.9 0.  0.4 0.8 0.7 0.6]
2025-12-04 19:23:12.165 | INFO | 249  > Iter:29|loss:3.0786349773406982
2025-12-04 19:23:12.327 | INFO | 284  > Evaluate 29|OA:0.55|MACC:0.55|Kappa:0.52|MIOU:0.38259309060392654|IOU:[0.61538462 0.2        0.26666667 0.66666667 0.71428571 0.25
 0.42105263 0.29411765 0.1        0.3        0.27272727 0.
 0.25       0.47058824 0.7        0.6       ]|ACC:[0.8 0.3 0.4 1.  1.  0.3 0.8 0.5 0.1 0.3 0.9 0.  0.3 0.8 0.7 0.6]
2025-12-04 19:23:13.043 | INFO | 249  > Iter:30|loss:2.986828088760376
2025-12-04 19:23:13.204 | INFO | 284  > Evaluate 30|OA:0.575|MACC:0.5750000000000001|Kappa:0.5466666666666666|MIOU:0.4085551014549176|IOU:[0.61538462 0.2        0.41666667 0.71428571 0.71428571 0.41666667
 0.45       0.29411765 0.09090909 0.3        0.28125    0.
 0.27272727 0.47058824 0.7        0.6       ]|ACC:[0.8 0.3 0.5 1.  1.  0.5 0.9 0.5 0.1 0.3 0.9 0.  0.3 0.8 0.7 0.6]
2025-12-04 19:23:13.975 | INFO | 249  > Iter:31|loss:2.8989181518554688
2025-12-04 19:23:14.144 | INFO | 284  > Evaluate 31|OA:0.5875|MACC:0.5875|Kappa:0.56|MIOU:0.4249153384929247|IOU:[0.61538462 0.21428571 0.33333333 0.66666667 0.90909091 0.30769231
 0.47619048 0.26666667 0.18181818 0.4        0.31034483 0.1
 0.27272727 0.44444444 0.7        0.6       ]|ACC:[0.8 0.3 0.5 1.  1.  0.4 1.  0.4 0.2 0.4 0.9 0.1 0.3 0.8 0.7 0.6]
2025-12-04 19:23:14.895 | INFO | 249  > Iter:32|loss:2.818047046661377
2025-12-04 19:23:15.057 | INFO | 284  > Evaluate 32|OA:0.625|MACC:0.625|Kappa:0.6|MIOU:0.47163366816162205|IOU:[0.58333333 0.2        0.75       0.9        0.625      0.54545455
 0.47619048 0.3125     0.2        0.4        0.31034483 0.2
 0.27272727 0.47058824 0.7        0.6       ]|ACC:[0.7 0.3 0.9 0.9 1.  0.6 1.  0.5 0.2 0.4 0.9 0.2 0.3 0.8 0.7 0.6]
2025-12-04 19:23:15.778 | INFO | 249  > Iter:33|loss:2.8211846351623535
2025-12-04 19:23:15.940 | INFO | 284  > Evaluate 33|OA:0.56875|MACC:0.56875|Kappa:0.5399999999999999|MIOU:0.4077504159971198|IOU:[0.61538462 0.23076923 0.07142857 0.41666667 0.90909091 0.33333333
 0.47619048 0.15384615 0.27272727 0.4        0.31034483 0.2
 0.36363636 0.47058824 0.7        0.6       ]|ACC:[0.8 0.3 0.1 1.  1.  0.4 1.  0.2 0.3 0.4 0.9 0.2 0.4 0.8 0.7 0.6]
2025-12-04 19:23:16.659 | INFO | 249  > Iter:34|loss:2.8934359550476074
2025-12-04 19:23:16.820 | INFO | 284  > Evaluate 34|OA:0.60625|MACC:0.60625|Kappa:0.58|MIOU:0.44113756953830485|IOU:[0.61538462 0.23076923 0.47058824 0.625      0.90909091 0.23076923
 0.47619048 0.15384615 0.2        0.4        0.32142857 0.2
 0.45454545 0.47058824 0.7        0.6       ]|ACC:[0.8 0.3 0.8 1.  1.  0.3 1.  0.2 0.2 0.4 0.9 0.2 0.5 0.8 0.7 0.6]
2025-12-04 19:23:17.538 | INFO | 249  > Iter:35|loss:2.731997489929199
2025-12-04 19:23:17.700 | INFO | 284  > Evaluate 35|OA:0.6375|MACC:0.6375|Kappa:0.6133333333333333|MIOU:0.48036647788486025|IOU:[0.58333333 0.26666667 0.54545455 0.9        0.625      0.42857143
 0.47619048 0.46153846 0.27272727 0.4        0.33333333 0.2
 0.36363636 0.52941176 0.7        0.6       ]|ACC:[0.7 0.4 0.6 0.9 1.  0.6 1.  0.6 0.3 0.4 0.9 0.2 0.4 0.9 0.7 0.6]
2025-12-04 19:23:18.422 | INFO | 249  > Iter:36|loss:2.812941551208496
2025-12-04 19:23:18.585 | INFO | 284  > Evaluate 36|OA:0.6625|MACC:0.6625000000000001|Kappa:0.64|MIOU:0.5128232878232878|IOU:[0.61538462 0.23076923 0.63636364 0.9        0.66666667 0.63636364
 0.45454545 0.38888889 0.2        0.4        0.33333333 0.4
 0.4        0.64285714 0.7        0.6       ]|ACC:[0.8 0.3 0.7 0.9 1.  0.7 1.  0.7 0.2 0.4 0.9 0.4 0.4 0.9 0.7 0.6]
2025-12-04 19:23:19.317 | INFO | 249  > Iter:37|loss:2.5922799110412598
2025-12-04 19:23:19.479 | INFO | 284  > Evaluate 37|OA:0.63125|MACC:0.6312500000000001|Kappa:0.6066666666666667|MIOU:0.4730223530061892|IOU:[0.61538462 0.25       0.58333333 0.66666667 0.90909091 0.53846154
 0.45454545 0.26666667 0.2        0.4        0.31034483 0.3
 0.4        0.4375     0.63636364 0.6       ]|ACC:[0.8 0.3 0.7 1.  1.  0.7 1.  0.4 0.2 0.4 0.9 0.3 0.4 0.7 0.7 0.6]
2025-12-04 19:23:20.233 | INFO | 249  > Iter:38|loss:2.5771117210388184
2025-12-04 19:23:20.395 | INFO | 284  > Evaluate 38|OA:0.5875|MACC:0.5874999999999999|Kappa:0.56|MIOU:0.4255864555702918|IOU:[0.61538462 0.2        0.15384615 0.5        0.90909091 0.46153846
 0.45454545 0.23076923 0.2        0.4        0.31034483 0.3
 0.4        0.4375     0.63636364 0.6       ]|ACC:[0.8 0.3 0.2 1.  1.  0.6 1.  0.3 0.2 0.4 0.9 0.3 0.4 0.7 0.7 0.6]
2025-12-04 19:23:21.112 | INFO | 249  > Iter:39|loss:2.468592882156372
2025-12-04 19:23:21.274 | INFO | 284  > Evaluate 39|OA:0.69375|MACC:0.6937500000000001|Kappa:0.6733333333333333|MIOU:0.5486222111222111|IOU:[0.64285714 0.26666667 0.64285714 0.9        0.90909091 0.66666667
 0.47619048 0.23076923 0.3        0.5        0.4        0.4
 0.5        0.64285714 0.7        0.6       ]|ACC:[0.9 0.4 0.9 0.9 1.  0.8 1.  0.3 0.3 0.5 1.  0.4 0.5 0.9 0.7 0.6]
2025-12-04 19:23:21.999 | INFO | 249  > Iter:40|loss:2.3941526412963867
2025-12-04 19:23:22.160 | INFO | 284  > Evaluate 40|OA:0.70625|MACC:0.70625|Kappa:0.6866666666666668|MIOU:0.5635395854145854|IOU:[0.64285714 0.21428571 0.81818182 0.9        0.76923077 0.63636364
 0.47619048 0.4        0.3        0.5        0.41666667 0.4
 0.6        0.64285714 0.7        0.6       ]|ACC:[0.9 0.3 0.9 0.9 1.  0.7 1.  0.6 0.3 0.5 1.  0.4 0.6 0.9 0.7 0.6]
2025-12-04 19:23:22.885 | INFO | 249  > Iter:41|loss:2.3557090759277344
2025-12-04 19:23:23.046 | INFO | 284  > Evaluate 41|OA:0.7125|MACC:0.7125|Kappa:0.6933333333333334|MIOU:0.5704274891774892|IOU:[0.64285714 0.23076923 0.8        0.90909091 0.76923077 0.72727273
 0.47619048 0.5        0.3        0.5        0.4        0.4
 0.6        0.57142857 0.7        0.6       ]|ACC:[0.9 0.3 0.8 1.  1.  0.8 1.  0.7 0.3 0.5 1.  0.4 0.6 0.8 0.7 0.6]
2025-12-04 19:23:23.769 | INFO | 249  > Iter:42|loss:2.2403321266174316
2025-12-04 19:23:23.931 | INFO | 284  > Evaluate 42|OA:0.69375|MACC:0.6937500000000001|Kappa:0.6733333333333333|MIOU:0.5575622294372294|IOU:[0.61538462 0.2        0.75       1.         0.90909091 0.66666667
 0.47619048 0.28571429 0.3        0.5        0.38461538 0.4
 0.6        0.53333333 0.7        0.6       ]|ACC:[0.8 0.3 0.9 1.  1.  0.8 1.  0.4 0.3 0.5 1.  0.4 0.6 0.8 0.7 0.6]
2025-12-04 19:23:24.649 | INFO | 249  > Iter:43|loss:2.173678159713745
2025-12-04 19:23:24.810 | INFO | 284  > Evaluate 43|OA:0.69375|MACC:0.6937500000000001|Kappa:0.6733333333333333|MIOU:0.5515161921411921|IOU:[0.66666667 0.2        0.66666667 0.90909091 0.90909091 0.61538462
 0.47619048 0.28571429 0.3        0.5        0.41666667 0.5
 0.54545455 0.53333333 0.7        0.6       ]|ACC:[0.8 0.3 0.8 1.  1.  0.8 1.  0.4 0.3 0.5 1.  0.5 0.6 0.8 0.7 0.6]
2025-12-04 19:23:25.564 | INFO | 249  > Iter:44|loss:2.1185433864593506
2025-12-04 19:23:25.726 | INFO | 284  > Evaluate 44|OA:0.725|MACC:0.725|Kappa:0.7066666666666667|MIOU:0.5893273393273393|IOU:[0.64285714 0.2        0.75       1.         0.90909091 0.66666667
 0.5        0.28571429 0.3        0.6        0.47619048 0.6
 0.58333333 0.61538462 0.7        0.6       ]|ACC:[0.9 0.3 0.9 1.  1.  0.8 1.  0.4 0.3 0.6 1.  0.6 0.7 0.8 0.7 0.6]
2025-12-04 19:23:26.464 | INFO | 249  > Iter:45|loss:2.0553927421569824
2025-12-04 19:23:26.626 | INFO | 284  > Evaluate 45|OA:0.74375|MACC:0.7437500000000001|Kappa:0.7266666666666667|MIOU:0.612032758907759|IOU:[0.64285714 0.2        0.8        0.90909091 0.90909091 0.72727273
 0.5        0.42857143 0.4        0.6        0.5        0.6
 0.58333333 0.69230769 0.7        0.6       ]|ACC:[0.9 0.3 0.8 1.  1.  0.8 1.  0.6 0.4 0.6 1.  0.6 0.7 0.9 0.7 0.6]
2025-12-04 19:23:27.350 | INFO | 249  > Iter:46|loss:2.0194404125213623
2025-12-04 19:23:27.512 | INFO | 284  > Evaluate 46|OA:0.7375|MACC:0.7375|Kappa:0.7200000000000001|MIOU:0.6001675407925408|IOU:[0.69230769 0.21428571 0.69230769 0.9        0.90909091 0.75
 0.5        0.28571429 0.3        0.6        0.5        0.6
 0.66666667 0.69230769 0.7        0.6       ]|ACC:[0.9 0.3 0.9 0.9 1.  0.9 1.  0.4 0.3 0.6 1.  0.6 0.8 0.9 0.7 0.6]
2025-12-04 19:23:28.229 | INFO | 249  > Iter:47|loss:2.0169589519500732
2025-12-04 19:23:28.391 | INFO | 284  > Evaluate 47|OA:0.70625|MACC:0.70625|Kappa:0.6866666666666668|MIOU:0.5568452380952381|IOU:[0.75       0.2        0.41666667 0.71428571 0.83333333 0.58333333
 0.5        0.28571429 0.4        0.6        0.5        0.6
 0.58333333 0.64285714 0.7        0.6       ]|ACC:[0.9 0.3 0.5 1.  1.  0.7 1.  0.4 0.4 0.6 1.  0.6 0.7 0.9 0.7 0.6]
2025-12-04 19:23:29.107 | INFO | 249  > Iter:48|loss:2.0500659942626953
2025-12-04 19:23:29.269 | INFO | 284  > Evaluate 48|OA:0.69375|MACC:0.69375|Kappa:0.6733333333333333|MIOU:0.5360035153185309|IOU:[0.69230769 0.26666667 0.18181818 0.58823529 0.83333333 0.63636364
 0.52631579 0.38461538 0.4        0.6        0.47619048 0.6
 0.61538462 0.53846154 0.63636364 0.6       ]|ACC:[0.9 0.4 0.2 1.  1.  0.7 1.  0.5 0.4 0.6 1.  0.6 0.8 0.7 0.7 0.6]
2025-12-04 19:23:29.987 | INFO | 249  > Iter:49|loss:1.8556632995605469
2025-12-04 19:23:30.150 | INFO | 284  > Evaluate 49|OA:0.75|MACC:0.75|Kappa:0.7333333333333333|MIOU:0.6135531683229052|IOU:[0.64285714 0.23076923 0.69230769 0.9        0.90909091 0.75
 0.52631579 0.35714286 0.3        0.8        0.52631579 0.6
 0.61538462 0.66666667 0.7        0.6       ]|ACC:[0.9 0.3 0.9 0.9 1.  0.9 1.  0.5 0.3 0.8 1.  0.6 0.8 0.8 0.7 0.6]
2025-12-04 19:23:30.943 | INFO | 249  > Iter:50|loss:1.8488569259643555
2025-12-04 19:23:31.113 | INFO | 284  > Evaluate 50|OA:0.75|MACC:0.75|Kappa:0.7333333333333333|MIOU:0.6110478337452022|IOU:[0.76923077 0.23076923 0.72727273 0.90909091 0.90909091 0.81818182
 0.52631579 0.42857143 0.4        0.5        0.5        0.5
 0.61538462 0.64285714 0.7        0.6       ]|ACC:[1.  0.3 0.8 1.  1.  0.9 1.  0.6 0.4 0.5 1.  0.5 0.8 0.9 0.7 0.6]
2025-12-04 19:23:31.879 | INFO | 249  > Iter:51|loss:1.8084464073181152
2025-12-04 19:23:32.040 | INFO | 284  > Evaluate 51|OA:0.73125|MACC:0.73125|Kappa:0.7133333333333333|MIOU:0.5866552073764728|IOU:[0.71428571 0.1875     0.45454545 0.71428571 0.83333333 0.54545455
 0.52631579 0.35714286 0.4        0.8        0.58823529 0.6
 0.61538462 0.75       0.7        0.6       ]|ACC:[1.  0.3 0.5 1.  1.  0.6 1.  0.5 0.4 0.8 1.  0.6 0.8 0.9 0.7 0.6]
2025-12-04 19:23:32.759 | INFO | 249  > Iter:52|loss:1.6945770978927612
2025-12-04 19:23:32.921 | INFO | 284  > Evaluate 52|OA:0.7625|MACC:0.7625|Kappa:0.7466666666666666|MIOU:0.6251154450554606|IOU:[0.76923077 0.25       0.76923077 0.9        0.90909091 0.6
 0.52631579 0.30769231 0.3        0.8        0.58823529 0.6
 0.61538462 0.66666667 0.7        0.7       ]|ACC:[1.  0.3 1.  0.9 1.  0.9 1.  0.4 0.3 0.8 1.  0.6 0.8 0.8 0.7 0.7]
2025-12-04 19:23:33.646 | INFO | 249  > Iter:53|loss:1.6555867195129395
2025-12-04 19:23:33.807 | INFO | 284  > Evaluate 53|OA:0.775|MACC:0.7749999999999999|Kappa:0.76|MIOU:0.6436150654900654|IOU:[0.83333333 0.23076923 0.81818182 0.90909091 0.90909091 0.75
 0.55555556 0.42857143 0.4        0.6        0.55555556 0.6
 0.61538462 0.69230769 0.7        0.7       ]|ACC:[1.  0.3 0.9 1.  1.  0.9 1.  0.6 0.4 0.6 1.  0.6 0.8 0.9 0.7 0.7]
2025-12-04 19:23:34.532 | INFO | 249  > Iter:54|loss:1.597369909286499
2025-12-04 19:23:34.693 | INFO | 284  > Evaluate 54|OA:0.75625|MACC:0.75625|Kappa:0.74|MIOU:0.6258480082009494|IOU:[0.71428571 0.17647059 0.8        0.90909091 0.83333333 0.45454545
 0.55555556 0.5        0.4        0.8        0.58823529 0.6
 0.61538462 0.66666667 0.7        0.7       ]|ACC:[1.  0.3 0.8 1.  1.  0.5 1.  0.7 0.4 0.8 1.  0.6 0.8 0.8 0.7 0.7]
2025-12-04 19:23:35.411 | INFO | 249  > Iter:55|loss:1.5406947135925293
2025-12-04 19:23:35.573 | INFO | 284  > Evaluate 55|OA:0.7875|MACC:0.7875|Kappa:0.7733333333333333|MIOU:0.6603304681429681|IOU:[0.76923077 0.23076923 0.83333333 1.         0.90909091 0.69230769
 0.55555556 0.38461538 0.4        0.8        0.625      0.6
 0.61538462 0.75       0.7        0.7       ]|ACC:[1.  0.3 1.  1.  1.  0.9 1.  0.5 0.4 0.8 1.  0.6 0.8 0.9 0.7 0.7]
2025-12-04 19:23:36.297 | INFO | 249  > Iter:56|loss:1.4855146408081055
2025-12-04 19:23:36.458 | INFO | 284  > Evaluate 56|OA:0.78125|MACC:0.78125|Kappa:0.7666666666666667|MIOU:0.6466224747474748|IOU:[0.83333333 0.33333333 0.83333333 0.90909091 0.90909091 0.69230769
 0.55555556 0.41666667 0.4        0.6        0.55555556 0.6
 0.61538462 0.69230769 0.7        0.7       ]|ACC:[1.  0.4 1.  1.  1.  0.9 1.  0.5 0.4 0.6 1.  0.6 0.8 0.9 0.7 0.7]
2025-12-04 19:23:37.208 | INFO | 249  > Iter:57|loss:1.4245175123214722
2025-12-04 19:23:37.369 | INFO | 284  > Evaluate 57|OA:0.78125|MACC:0.78125|Kappa:0.7666666666666667|MIOU:0.6585603632478633|IOU:[0.76923077 0.25       0.9        1.         0.83333333 0.5
 0.55555556 0.53846154 0.4        0.8        0.625      0.6
 0.61538462 0.75       0.7        0.7       ]|ACC:[1.  0.4 0.9 1.  1.  0.6 1.  0.7 0.4 0.8 1.  0.6 0.8 0.9 0.7 0.7]
2025-12-04 19:23:38.109 | INFO | 249  > Iter:58|loss:1.3888428211212158
2025-12-04 19:23:38.271 | INFO | 284  > Evaluate 58|OA:0.80625|MACC:0.80625|Kappa:0.7933333333333333|MIOU:0.6853304681429682|IOU:[0.76923077 0.33333333 0.9        1.         0.90909091 0.69230769
 0.55555556 0.61538462 0.4        0.8        0.625      0.6
 0.61538462 0.75       0.7        0.7       ]|ACC:[1.  0.4 0.9 1.  1.  0.9 1.  0.8 0.4 0.8 1.  0.6 0.8 0.9 0.7 0.7]
2025-12-04 19:23:38.995 | INFO | 249  > Iter:59|loss:1.331211805343628
2025-12-04 19:23:39.156 | INFO | 284  > Evaluate 59|OA:0.8|MACC:0.8|Kappa:0.7866666666666667|MIOU:0.6751083985458985|IOU:[0.76923077 0.33333333 0.83333333 1.         0.90909091 0.64285714
 0.55555556 0.41666667 0.4        0.8        0.625      0.7
 0.66666667 0.75       0.7        0.7       ]|ACC:[1.  0.4 1.  1.  1.  0.9 1.  0.5 0.4 0.8 1.  0.7 0.8 0.9 0.7 0.7]
2025-12-04 19:23:39.874 | INFO | 249  > Iter:60|loss:1.2887756824493408
2025-12-04 19:23:40.036 | INFO | 284  > Evaluate 60|OA:0.79375|MACC:0.79375|Kappa:0.7799999999999999|MIOU:0.6707526848151848|IOU:[0.76923077 0.28571429 0.90909091 0.90909091 0.83333333 0.54545455
 0.5        0.53846154 0.5        0.8        0.625      0.7
 0.66666667 0.75       0.7        0.7       ]|ACC:[1.  0.4 1.  1.  1.  0.6 0.9 0.7 0.5 0.8 1.  0.7 0.8 0.9 0.7 0.7]
2025-12-04 19:23:40.754 | INFO | 249  > Iter:61|loss:1.2567253112792969
2025-12-04 19:23:40.916 | INFO | 284  > Evaluate 61|OA:0.80625|MACC:0.80625|Kappa:0.7933333333333333|MIOU:0.6880208333333333|IOU:[0.76923077 0.33333333 1.         1.         0.83333333 0.61538462
 0.5        0.61538462 0.4        0.8        0.625      0.7
 0.66666667 0.75       0.7        0.7       ]|ACC:[1.  0.4 1.  1.  1.  0.8 0.9 0.8 0.4 0.8 1.  0.7 0.8 0.9 0.7 0.7]
2025-12-04 19:23:41.640 | INFO | 249  > Iter:62|loss:1.1919779777526855
2025-12-04 19:23:41.802 | INFO | 284  > Evaluate 62|OA:0.79375|MACC:0.7937500000000001|Kappa:0.7799999999999999|MIOU:0.6696329711954712|IOU:[0.76923077 0.33333333 0.83333333 1.         0.90909091 0.64285714
 0.5        0.38461538 0.4        0.8        0.625      0.7
 0.66666667 0.75       0.7        0.7       ]|ACC:[1.  0.4 1.  1.  1.  0.9 0.9 0.5 0.4 0.8 1.  0.7 0.8 0.9 0.7 0.7]
2025-12-04 19:23:42.528 | INFO | 249  > Iter:63|loss:1.1535238027572632
2025-12-04 19:23:42.699 | INFO | 284  > Evaluate 63|OA:0.81875|MACC:0.81875|Kappa:0.8066666666666666|MIOU:0.7114255536130536|IOU:[0.76923077 0.33333333 1.         1.         0.90909091 0.69230769
 0.5        0.53846154 0.5        0.8        0.625      0.8
 0.61538462 0.9        0.7        0.7       ]|ACC:[1.  0.4 1.  1.  1.  0.9 0.9 0.7 0.5 0.8 1.  0.8 0.8 0.9 0.7 0.7]
2025-12-04 19:23:43.465 | INFO | 249  > Iter:64|loss:1.1099212169647217
2025-12-04 19:23:43.626 | INFO | 284  > Evaluate 64|OA:0.8125|MACC:0.8125|Kappa:0.8|MIOU:0.7020848942723943|IOU:[0.76923077 0.33333333 1.         1.         0.90909091 0.64285714
 0.5        0.53846154 0.4        0.8        0.625      0.8
 0.61538462 0.9        0.7        0.7       ]|ACC:[1.  0.4 1.  1.  1.  0.9 0.9 0.7 0.4 0.8 1.  0.8 0.8 0.9 0.7 0.7]
2025-12-04 19:23:44.344 | INFO | 249  > Iter:65|loss:1.0673351287841797
2025-12-04 19:23:44.506 | INFO | 284  > Evaluate 65|OA:0.8125|MACC:0.8125|Kappa:0.8|MIOU:0.6995962064895889|IOU:[0.76923077 0.33333333 0.83333333 1.         0.90909091 0.64285714
 0.52941176 0.38461538 0.5        0.8        0.625      0.9
 0.66666667 0.9        0.7        0.7       ]|ACC:[1.  0.4 1.  1.  1.  0.9 0.9 0.5 0.5 0.8 1.  0.9 0.8 0.9 0.7 0.7]
2025-12-04 19:23:45.224 | INFO | 249  > Iter:66|loss:1.029396414756775
2025-12-04 19:23:45.386 | INFO | 284  > Evaluate 66|OA:0.81875|MACC:0.81875|Kappa:0.8066666666666666|MIOU:0.7088811923370747|IOU:[0.76923077 0.33333333 1.         0.90909091 0.90909091 0.61538462
 0.52941176 0.53846154 0.6        0.8        0.66666667 0.7
 0.57142857 0.9        0.7        0.8       ]|ACC:[1.  0.4 1.  1.  1.  0.8 0.9 0.7 0.6 0.8 1.  0.7 0.8 0.9 0.7 0.8]
2025-12-04 19:23:46.109 | INFO | 249  > Iter:67|loss:0.9939892292022705
2025-12-04 19:23:46.271 | INFO | 284  > Evaluate 67|OA:0.8125|MACC:0.8125|Kappa:0.8|MIOU:0.7006394340953164|IOU:[0.71428571 0.33333333 0.90909091 1.         0.90909091 0.61538462
 0.52941176 0.46153846 0.6        0.8        0.66666667 0.7
 0.57142857 0.9        0.7        0.8       ]|ACC:[1.  0.4 1.  1.  1.  0.8 0.9 0.6 0.6 0.8 1.  0.7 0.8 0.9 0.7 0.8]
2025-12-04 19:23:46.989 | INFO | 249  > Iter:68|loss:0.9600553512573242
2025-12-04 19:23:47.151 | INFO | 284  > Evaluate 68|OA:0.81875|MACC:0.8187500000000001|Kappa:0.8066666666666666|MIOU:0.7067593558402381|IOU:[0.71428571 0.41666667 0.90909091 0.90909091 0.90909091 0.53846154
 0.52941176 0.5        0.6        0.8        0.66666667 0.8
 0.61538462 0.9        0.7        0.8       ]|ACC:[1.  0.5 1.  1.  1.  0.7 0.9 0.6 0.6 0.8 1.  0.8 0.8 0.9 0.7 0.8]
2025-12-04 19:23:47.876 | INFO | 249  > Iter:69|loss:0.941472589969635
2025-12-04 19:23:48.037 | INFO | 284  > Evaluate 69|OA:0.8125|MACC:0.8125|Kappa:0.8|MIOU:0.700284580615463|IOU:[0.76923077 0.41666667 0.90909091 1.         0.90909091 0.57142857
 0.52941176 0.46153846 0.5        0.8        0.66666667 0.7
 0.57142857 0.9        0.7        0.8       ]|ACC:[1.  0.5 1.  1.  1.  0.8 0.9 0.6 0.5 0.8 1.  0.7 0.8 0.9 0.7 0.8]
2025-12-04 19:23:48.786 | INFO | 249  > Iter:70|loss:0.9722417593002319
2025-12-04 19:23:48.949 | INFO | 284  > Evaluate 70|OA:0.7625|MACC:0.7625|Kappa:0.7466666666666666|MIOU:0.6343945569828722|IOU:[0.66666667 0.36363636 0.27272727 0.43478261 0.90909091 0.54545455
 0.5625     0.5        0.54545455 0.8        0.66666667 0.9
 0.58333333 0.9        0.7        0.8       ]|ACC:[1.  0.4 0.3 1.  1.  0.6 0.9 0.6 0.6 0.8 1.  0.9 0.7 0.9 0.7 0.8]
2025-12-04 19:23:49.681 | INFO | 249  > Iter:71|loss:1.2734966278076172
2025-12-04 19:23:49.843 | INFO | 284  > Evaluate 71|OA:0.7875|MACC:0.7875|Kappa:0.7733333333333333|MIOU:0.6693831903390727|IOU:[0.71428571 0.33333333 0.76923077 0.9        0.90909091 0.5
 0.52941176 0.27272727 0.5        0.8        0.66666667 0.8
 0.61538462 0.9        0.7        0.8       ]|ACC:[1.  0.6 1.  0.9 1.  0.6 0.9 0.3 0.5 0.8 1.  0.8 0.8 0.9 0.7 0.8]
2025-12-04 19:23:50.561 | INFO | 249  > Iter:72|loss:1.3469631671905518
2025-12-04 19:23:50.723 | INFO | 284  > Evaluate 72|OA:0.75|MACC:0.75|Kappa:0.7333333333333333|MIOU:0.6170756020939845|IOU:[0.76923077 0.28571429 0.5        0.         0.90909091 0.57142857
 0.52941176 0.375      0.5        0.8        0.66666667 0.9
 0.66666667 0.9        0.7        0.8       ]|ACC:[1.  0.4 0.9 0.  1.  0.8 0.9 0.6 0.5 0.8 1.  0.9 0.8 0.9 0.7 0.8]
2025-12-04 19:23:51.440 | INFO | 249  > Iter:73|loss:1.2364087104797363
2025-12-04 19:23:51.602 | INFO | 284  > Evaluate 73|OA:0.79375|MACC:0.79375|Kappa:0.7799999999999999|MIOU:0.6675878808691309|IOU:[0.625      0.36363636 0.76923077 0.64285714 0.90909091 0.5
 0.5625     0.5        0.54545455 0.8        0.6        0.9
 0.63636364 0.9        0.7        0.72727273]|ACC:[1.  0.4 1.  0.9 1.  0.6 0.9 0.6 0.6 0.8 0.9 0.9 0.7 0.9 0.7 0.8]
2025-12-04 19:23:52.321 | INFO | 249  > Iter:74|loss:1.0688451528549194
2025-12-04 19:23:52.483 | INFO | 284  > Evaluate 74|OA:0.75|MACC:0.75|Kappa:0.7333333333333333|MIOU:0.6173532196969697|IOU:[0.66666667 0.36363636 0.36363636 0.41666667 0.90909091 0.5
 0.5625     0.45454545 0.45454545 0.8        0.66666667 0.9
 0.58333333 0.8        0.63636364 0.8       ]|ACC:[1.  0.4 0.4 1.  1.  0.6 0.9 0.5 0.5 0.8 1.  0.9 0.7 0.8 0.7 0.8]
2025-12-04 19:23:53.201 | INFO | 249  > Iter:75|loss:1.0147676467895508
2025-12-04 19:23:53.363 | INFO | 284  > Evaluate 75|OA:0.75|MACC:0.75|Kappa:0.7333333333333333|MIOU:0.6071024155582979|IOU:[0.76923077 0.30769231 0.2        0.55555556 0.83333333 0.5
 0.52941176 0.5        0.5        0.8        0.66666667 0.7
 0.61538462 0.8        0.63636364 0.8       ]|ACC:[1.  0.4 0.2 1.  1.  0.7 0.9 0.7 0.5 0.8 1.  0.7 0.8 0.8 0.7 0.8]
2025-12-04 19:23:54.088 | INFO | 249  > Iter:76|loss:0.9608200788497925
2025-12-04 19:23:54.258 | INFO | 284  > Evaluate 76|OA:0.81875|MACC:0.8187500000000001|Kappa:0.8066666666666666|MIOU:0.7024688546747371|IOU:[0.76923077 0.36363636 0.8        0.83333333 0.90909091 0.71428571
 0.52941176 0.53846154 0.5        0.8        0.66666667 0.8
 0.61538462 0.9        0.7        0.8       ]|ACC:[1.  0.4 0.8 1.  1.  1.  0.9 0.7 0.5 0.8 1.  0.8 0.8 0.9 0.7 0.8]
2025-12-04 19:23:55.034 | INFO | 249  > Iter:77|loss:0.9235005378723145
2025-12-04 19:23:55.196 | INFO | 284  > Evaluate 77|OA:0.8|MACC:0.8|Kappa:0.7866666666666667|MIOU:0.6715979333166834|IOU:[0.76923077 0.41666667 0.66666667 0.76923077 0.90909091 0.64285714
 0.5625     0.45454545 0.45454545 0.8        0.66666667 0.7
 0.61538462 0.81818182 0.7        0.8       ]|ACC:[1.  0.5 0.8 1.  1.  0.9 0.9 0.5 0.5 0.8 1.  0.7 0.8 0.9 0.7 0.8]
2025-12-04 19:23:55.914 | INFO | 249  > Iter:78|loss:0.8546056747436523
2025-12-04 19:23:56.076 | INFO | 284  > Evaluate 78|OA:0.8|MACC:0.8|Kappa:0.7866666666666667|MIOU:0.6791435127372627|IOU:[0.71428571 0.30769231 0.6        0.66666667 0.90909091 0.63636364
 0.5625     0.5        0.63636364 0.8        0.66666667 0.8
 0.66666667 0.9        0.7        0.8       ]|ACC:[1.  0.4 0.6 1.  1.  0.7 0.9 0.7 0.7 0.8 1.  0.8 0.8 0.9 0.7 0.8]
2025-12-04 19:23:56.795 | INFO | 249  > Iter:79|loss:0.8040549755096436
2025-12-04 19:23:56.958 | INFO | 284  > Evaluate 79|OA:0.83125|MACC:0.83125|Kappa:0.8200000000000001|MIOU:0.7275940205627706|IOU:[0.71428571 0.35714286 1.         0.90909091 0.90909091 0.63636364
 0.5625     0.58333333 0.63636364 0.8        0.66666667 0.8
 0.66666667 0.9        0.7        0.8       ]|ACC:[1.  0.5 1.  1.  1.  0.7 0.9 0.7 0.7 0.8 1.  0.8 0.8 0.9 0.7 0.8]
2025-12-04 19:23:57.681 | INFO | 249  > Iter:80|loss:0.7692403197288513
2025-12-04 19:23:57.843 | INFO | 284  > Evaluate 80|OA:0.8125|MACC:0.8125|Kappa:0.8|MIOU:0.6984356789044289|IOU:[0.66666667 0.38461538 0.90909091 0.90909091 0.90909091 0.53846154
 0.5625     0.5        0.54545455 0.8        0.66666667 0.8
 0.58333333 0.9        0.7        0.8       ]|ACC:[1.  0.5 1.  1.  1.  0.7 0.9 0.6 0.6 0.8 1.  0.8 0.7 0.9 0.7 0.8]
2025-12-04 19:23:58.561 | INFO | 249  > Iter:81|loss:0.7334051132202148
2025-12-04 19:23:58.723 | INFO | 284  > Evaluate 81|OA:0.81875|MACC:0.8187500000000001|Kappa:0.8066666666666666|MIOU:0.7045308857808857|IOU:[0.66666667 0.38461538 0.81818182 0.83333333 0.90909091 0.58333333
 0.6        0.5        0.72727273 0.8        0.66666667 0.8
 0.58333333 0.9        0.7        0.8       ]|ACC:[1.  0.5 0.9 1.  1.  0.7 0.9 0.6 0.8 0.8 1.  0.8 0.7 0.9 0.7 0.8]
2025-12-04 19:23:59.441 | INFO | 249  > Iter:82|loss:0.6862741708755493
2025-12-04 19:23:59.606 | INFO | 284  > Evaluate 82|OA:0.81875|MACC:0.8187500000000001|Kappa:0.8066666666666666|MIOU:0.7053581834831835|IOU:[0.71428571 0.41666667 0.81818182 0.90909091 0.90909091 0.53846154
 0.6        0.46153846 0.63636364 0.8        0.66666667 0.8
 0.61538462 0.9        0.7        0.8       ]|ACC:[1.  0.5 0.9 1.  1.  0.7 0.9 0.6 0.7 0.8 1.  0.8 0.8 0.9 0.7 0.8]
2025-12-04 19:24:00.356 | INFO | 249  > Iter:83|loss:0.6591641902923584
2025-12-04 19:24:00.525 | INFO | 284  > Evaluate 83|OA:0.83125|MACC:0.83125|Kappa:0.8200000000000001|MIOU:0.721140318015318|IOU:[0.71428571 0.41666667 0.81818182 0.83333333 0.90909091 0.53846154
 0.6        0.5        0.72727273 0.8        0.71428571 0.8
 0.66666667 0.9        0.7        0.9       ]|ACC:[1.  0.5 0.9 1.  1.  0.7 0.9 0.6 0.8 0.8 1.  0.8 0.8 0.9 0.7 0.9]
2025-12-04 19:24:01.266 | INFO | 249  > Iter:84|loss:0.6300493478775024
2025-12-04 19:24:01.428 | INFO | 284  > Evaluate 84|OA:0.84375|MACC:0.84375|Kappa:0.8333333333333334|MIOU:0.7388881951381951|IOU:[0.76923077 0.45454545 0.81818182 0.90909091 0.90909091 0.69230769
 0.6        0.46153846 0.72727273 0.8        0.71428571 0.8
 0.66666667 0.9        0.7        0.9       ]|ACC:[1.  0.5 0.9 1.  1.  0.9 0.9 0.6 0.8 0.8 1.  0.8 0.8 0.9 0.7 0.9]
2025-12-04 19:24:02.150 | INFO | 249  > Iter:85|loss:0.5997765064239502
2025-12-04 19:24:02.312 | INFO | 284  > Evaluate 85|OA:0.8375|MACC:0.8375|Kappa:0.8266666666666667|MIOU:0.7368423243423243|IOU:[0.66666667 0.38461538 0.90909091 1.         0.90909091 0.46153846
 0.64285714 0.46153846 0.81818182 0.8        0.76923077 0.8
 0.66666667 0.9        0.7        0.9       ]|ACC:[1.  0.5 1.  1.  1.  0.6 0.9 0.6 0.9 0.8 1.  0.8 0.8 0.9 0.7 0.9]
2025-12-04 19:24:03.031 | INFO | 249  > Iter:86|loss:0.573941171169281
2025-12-04 19:24:03.192 | INFO | 284  > Evaluate 86|OA:0.83125|MACC:0.83125|Kappa:0.8200000000000001|MIOU:0.7281999250749251|IOU:[0.66666667 0.38461538 0.90909091 1.         0.90909091 0.46153846
 0.64285714 0.46153846 0.81818182 0.8        0.71428571 0.8
 0.58333333 0.9        0.7        0.9       ]|ACC:[1.  0.5 1.  1.  1.  0.6 0.9 0.6 0.9 0.8 1.  0.8 0.7 0.9 0.7 0.9]
2025-12-04 19:24:03.911 | INFO | 249  > Iter:87|loss:0.5488146543502808
2025-12-04 19:24:04.073 | INFO | 284  > Evaluate 87|OA:0.83125|MACC:0.83125|Kappa:0.8200000000000001|MIOU:0.7230072011322011|IOU:[0.66666667 0.41666667 0.90909091 0.90909091 0.90909091 0.53846154
 0.64285714 0.5        0.75       0.8        0.64285714 0.8
 0.58333333 0.9        0.7        0.9       ]|ACC:[1.  0.5 1.  1.  1.  0.7 0.9 0.6 0.9 0.8 0.9 0.8 0.7 0.9 0.7 0.9]
2025-12-04 19:24:04.792 | INFO | 249  > Iter:88|loss:0.524899959564209
2025-12-04 19:24:04.953 | INFO | 284  > Evaluate 88|OA:0.825|MACC:0.8250000000000001|Kappa:0.8133333333333332|MIOU:0.7199607683982685|IOU:[0.625      0.38461538 0.90909091 1.         0.90909091 0.46153846
 0.64285714 0.46153846 0.75       0.8        0.69230769 0.8
 0.58333333 0.9        0.7        0.9       ]|ACC:[1.  0.5 1.  1.  1.  0.6 0.9 0.6 0.9 0.8 0.9 0.8 0.7 0.9 0.7 0.9]
2025-12-04 19:24:05.683 | INFO | 249  > Iter:89|loss:0.5043206810951233
2025-12-04 19:24:05.846 | INFO | 284  > Evaluate 89|OA:0.8375|MACC:0.8375|Kappa:0.8266666666666667|MIOU:0.7363844488844489|IOU:[0.71428571 0.38461538 0.90909091 1.         0.90909091 0.46153846
 0.64285714 0.46153846 0.81818182 0.8        0.71428571 0.8
 0.66666667 0.9        0.7        0.9       ]|ACC:[1.  0.5 1.  1.  1.  0.6 0.9 0.6 0.9 0.8 1.  0.8 0.8 0.9 0.7 0.9]
2025-12-04 19:24:06.592 | INFO | 249  > Iter:90|loss:0.4812115430831909
2025-12-04 19:24:06.754 | INFO | 284  > Evaluate 90|OA:0.8375|MACC:0.8375|Kappa:0.8266666666666667|MIOU:0.7350108225108225|IOU:[0.66666667 0.41666667 0.90909091 1.         0.90909091 0.53846154
 0.64285714 0.46153846 0.81818182 0.8        0.71428571 0.8
 0.58333333 0.9        0.7        0.9       ]|ACC:[1.  0.5 1.  1.  1.  0.7 0.9 0.6 0.9 0.8 1.  0.8 0.7 0.9 0.7 0.9]
2025-12-04 19:24:07.472 | INFO | 249  > Iter:91|loss:0.46079081296920776
2025-12-04 19:24:07.634 | INFO | 284  > Evaluate 91|OA:0.8375|MACC:0.8375|Kappa:0.8266666666666667|MIOU:0.7326538045288046|IOU:[0.66666667 0.41666667 0.83333333 1.         0.90909091 0.58333333
 0.64285714 0.46153846 0.75       0.8        0.69230769 0.8
 0.66666667 0.9        0.7        0.9       ]|ACC:[1.  0.5 1.  1.  1.  0.7 0.9 0.6 0.9 0.8 0.9 0.8 0.8 0.9 0.7 0.9]
2025-12-04 19:24:08.353 | INFO | 249  > Iter:92|loss:0.4418395161628723
2025-12-04 19:24:08.515 | INFO | 284  > Evaluate 92|OA:0.83125|MACC:0.83125|Kappa:0.8200000000000001|MIOU:0.7276587995337995|IOU:[0.71428571 0.38461538 0.90909091 1.         0.90909091 0.46153846
 0.64285714 0.46153846 0.75       0.8        0.64285714 0.8
 0.66666667 0.9        0.7        0.9       ]|ACC:[1.  0.5 1.  1.  1.  0.6 0.9 0.6 0.9 0.8 0.9 0.8 0.8 0.9 0.7 0.9]
2025-12-04 19:24:09.234 | INFO | 249  > Iter:93|loss:0.42200523614883423
2025-12-04 19:24:09.395 | INFO | 284  > Evaluate 93|OA:0.85625|MACC:0.85625|Kappa:0.8466666666666666|MIOU:0.7648944805194805|IOU:[0.66666667 0.41666667 0.90909091 1.         0.90909091 0.53846154
 0.64285714 0.46153846 0.81818182 0.9        0.90909091 0.8
 0.66666667 0.9        0.7        1.        ]|ACC:[1.  0.5 1.  1.  1.  0.7 0.9 0.6 0.9 0.9 1.  0.8 0.8 0.9 0.7 1. ]
2025-12-04 19:24:10.121 | INFO | 249  > Iter:94|loss:0.404572993516922
2025-12-04 19:24:10.283 | INFO | 284  > Evaluate 94|OA:0.85|MACC:0.85|Kappa:0.84|MIOU:0.7587703962703962|IOU:[0.66666667 0.35714286 0.90909091 1.         0.90909091 0.46153846
 0.64285714 0.5        0.81818182 0.9        0.90909091 0.8
 0.66666667 0.9        0.7        1.        ]|ACC:[1.  0.5 1.  1.  1.  0.6 0.9 0.6 0.9 0.9 1.  0.8 0.8 0.9 0.7 1. ]
2025-12-04 19:24:11.001 | INFO | 249  > Iter:95|loss:0.3888348340988159
2025-12-04 19:24:11.164 | INFO | 284  > Evaluate 95|OA:0.85|MACC:0.8500000000000001|Kappa:0.84|MIOU:0.7528794122544122|IOU:[0.71428571 0.41666667 0.90909091 1.         0.90909091 0.53846154
 0.64285714 0.46153846 0.81818182 0.8        0.76923077 0.8
 0.66666667 0.9        0.7        1.        ]|ACC:[1.  0.5 1.  1.  1.  0.7 0.9 0.6 0.9 0.8 1.  0.8 0.8 0.9 0.7 1. ]
2025-12-04 19:24:11.914 | INFO | 249  > Iter:96|loss:0.3724687695503235
2025-12-04 19:24:12.076 | INFO | 284  > Evaluate 96|OA:0.8625|MACC:0.8625|Kappa:0.8533333333333334|MIOU:0.7733079420579421|IOU:[0.66666667 0.38461538 0.90909091 1.         0.90909091 0.58333333
 0.64285714 0.5        0.81818182 0.9        0.90909091 0.8
 0.75       0.9        0.7        1.        ]|ACC:[1.  0.5 1.  1.  1.  0.7 0.9 0.6 0.9 0.9 1.  0.8 0.9 0.9 0.7 1. ]
2025-12-04 19:24:12.813 | INFO | 249  > Iter:97|loss:0.36133062839508057
2025-12-04 19:24:12.975 | INFO | 284  > Evaluate 97|OA:0.84375|MACC:0.84375|Kappa:0.8333333333333334|MIOU:0.7431953463203463|IOU:[0.71428571 0.41666667 0.90909091 1.         0.90909091 0.53846154
 0.64285714 0.46153846 0.81818182 0.8        0.71428571 0.8
 0.66666667 0.9        0.7        0.9       ]|ACC:[1.  0.5 1.  1.  1.  0.7 0.9 0.6 0.9 0.8 1.  0.8 0.8 0.9 0.7 0.9]
2025-12-04 19:24:13.694 | INFO | 249  > Iter:98|loss:0.3482220768928528
2025-12-04 19:24:13.856 | INFO | 284  > Evaluate 98|OA:0.8625|MACC:0.8625|Kappa:0.8533333333333334|MIOU:0.7641504329004329|IOU:[0.66666667 0.41666667 0.83333333 0.90909091 0.90909091 0.63636364
 0.71428571 0.54545455 0.81818182 0.9        0.81818182 0.8
 0.75       0.9        0.7        0.90909091]|ACC:[1.  0.5 1.  1.  1.  0.7 1.  0.6 0.9 0.9 0.9 0.8 0.9 0.9 0.7 1. ]
2025-12-04 19:24:14.581 | INFO | 249  > Iter:99|loss:0.34156835079193115
2025-12-04 19:24:14.743 | INFO | 284  > Evaluate 99|OA:0.84375|MACC:0.84375|Kappa:0.8333333333333334|MIOU:0.7402722277722278|IOU:[0.76923077 0.35714286 0.90909091 0.90909091 0.90909091 0.61538462
 0.64285714 0.45454545 0.81818182 0.8        0.71428571 0.8
 0.72727273 0.81818182 0.7        0.9       ]|ACC:[1.  0.5 1.  1.  1.  0.8 0.9 0.5 0.9 0.8 1.  0.8 0.8 0.9 0.7 0.9]
2025-12-04 19:24:15.512 | INFO | 249  > Iter:100|loss:0.32876408100128174
2025-12-04 19:24:15.675 | INFO | 284  > Evaluate 100|OA:0.8625|MACC:0.8625|Kappa:0.8533333333333334|MIOU:0.7674606643356643|IOU:[0.66666667 0.5        0.83333333 1.         0.90909091 0.72727273
 0.6        0.53846154 0.81818182 0.9        0.72727273 0.8
 0.75       0.9        0.7        0.90909091]|ACC:[1.  0.5 1.  1.  1.  0.8 0.9 0.7 0.9 0.9 0.8 0.8 0.9 0.9 0.7 1. ]
2025-12-04 19:24:16.399 | INFO | 249  > Iter:101|loss:0.3224157392978668
2025-12-04 19:24:16.562 | INFO | 284  > Evaluate 101|OA:0.8375|MACC:0.8375|Kappa:0.8266666666666667|MIOU:0.7347867206323089|IOU:[0.76923077 0.35294118 0.83333333 1.         0.90909091 0.66666667
 0.64285714 0.2        0.81818182 0.8        0.71428571 0.8
 0.75       0.9        0.7        0.9       ]|ACC:[1.  0.6 1.  1.  1.  0.8 0.9 0.2 0.9 0.8 1.  0.8 0.9 0.9 0.7 0.9]
2025-12-04 19:24:17.287 | INFO | 249  > Iter:102|loss:0.3097619414329529
2025-12-04 19:24:17.449 | INFO | 284  > Evaluate 102|OA:0.88125|MACC:0.8812500000000001|Kappa:0.8733333333333333|MIOU:0.7961725774225774|IOU:[0.71428571 0.5        0.90909091 1.         0.90909091 0.81818182
 0.6        0.61538462 0.81818182 0.9        0.81818182 0.8
 0.81818182 0.81818182 0.7        1.        ]|ACC:[1.  0.5 1.  1.  1.  0.9 0.9 0.8 0.9 0.9 0.9 0.8 0.9 0.9 0.7 1. ]
2025-12-04 19:24:18.212 | INFO | 249  > Iter:103|loss:0.30440783500671387
2025-12-04 19:24:18.374 | INFO | 284  > Evaluate 103|OA:0.84375|MACC:0.84375|Kappa:0.8333333333333334|MIOU:0.7469494047619047|IOU:[0.66666667 0.375      0.66666667 1.         0.90909091 0.54545455
 0.64285714 0.2        0.81818182 0.9        0.90909091 0.9
 0.81818182 0.9        0.7        1.        ]|ACC:[1.  0.6 1.  1.  1.  0.6 0.9 0.2 0.9 0.9 1.  0.9 0.9 0.9 0.7 1. ]
2025-12-04 19:24:19.094 | INFO | 249  > Iter:104|loss:0.30949634313583374
2025-12-04 19:24:19.256 | INFO | 284  > Evaluate 104|OA:0.86875|MACC:0.86875|Kappa:0.86|MIOU:0.7737491674991676|IOU:[0.76923077 0.5        0.83333333 1.         0.90909091 0.81818182
 0.64285714 0.53846154 0.81818182 0.8        0.71428571 0.8
 0.81818182 0.81818182 0.7        0.9       ]|ACC:[1.  0.5 1.  1.  1.  0.9 0.9 0.7 0.9 0.8 1.  0.8 0.9 0.9 0.7 0.9]
2025-12-04 19:24:19.975 | INFO | 249  > Iter:105|loss:0.3148442506790161
2025-12-04 19:24:20.138 | INFO | 284  > Evaluate 105|OA:0.825|MACC:0.825|Kappa:0.8133333333333332|MIOU:0.712423513986014|IOU:[0.66666667 0.35714286 0.76923077 0.90909091 0.90909091 0.64285714
 0.625      0.2        0.72727273 1.         0.6        0.9
 0.58333333 0.9        0.7        0.90909091]|ACC:[1.  0.5 1.  1.  1.  0.9 1.  0.2 0.8 1.  0.6 0.9 0.7 0.9 0.7 1. ]
2025-12-04 19:24:20.857 | INFO | 249  > Iter:106|loss:0.32940882444381714
2025-12-04 19:24:21.019 | INFO | 284  > Evaluate 106|OA:0.825|MACC:0.8250000000000001|Kappa:0.8133333333333332|MIOU:0.723633658008658|IOU:[0.83333333 0.4        0.5        0.9        0.90909091 0.54545455
 0.57142857 0.40909091 0.75       0.8        0.71428571 0.9
 0.9        0.81818182 0.72727273 0.9       ]|ACC:[1.  0.4 0.5 0.9 1.  0.6 0.8 0.9 0.9 0.8 1.  0.9 0.9 0.9 0.8 0.9]
2025-12-04 19:24:21.738 | INFO | 249  > Iter:107|loss:0.3446821868419647
2025-12-04 19:24:21.901 | INFO | 284  > Evaluate 107|OA:0.81875|MACC:0.8187500000000001|Kappa:0.8066666666666666|MIOU:0.7150343375986759|IOU:[0.66666667 0.35294118 0.71428571 1.         0.90909091 0.57142857
 0.5625     0.         0.72727273 1.         0.8        0.9
 0.63636364 0.9        0.7        1.        ]|ACC:[1.  0.6 1.  1.  1.  0.8 0.9 0.  0.8 1.  0.8 0.9 0.7 0.9 0.7 1. ]
2025-12-04 19:24:22.620 | INFO | 249  > Iter:108|loss:0.3914334177970886
2025-12-04 19:24:22.782 | INFO | 284  > Evaluate 108|OA:0.7625|MACC:0.7625|Kappa:0.7466666666666666|MIOU:0.6520156926406926|IOU:[0.66666667 0.1        0.1        0.9        0.90909091 0.4
 0.64285714 0.3030303  0.72727273 0.9        0.83333333 0.8
 0.8        0.75       0.7        0.9       ]|ACC:[1.  0.1 0.1 0.9 1.  0.4 0.9 1.  0.8 0.9 1.  0.8 0.8 0.9 0.7 0.9]
2025-12-04 19:24:23.531 | INFO | 249  > Iter:109|loss:0.3907889723777771
2025-12-04 19:24:23.701 | INFO | 284  > Evaluate 109|OA:0.8375|MACC:0.8374999999999999|Kappa:0.8266666666666667|MIOU:0.7448905261405261|IOU:[0.76923077 0.33333333 0.90909091 1.         0.90909091 0.3
 0.69230769 0.45454545 0.81818182 0.8        0.71428571 0.9
 0.81818182 0.9        0.7        0.9       ]|ACC:[1.  0.7 1.  1.  1.  0.3 0.9 0.5 0.9 0.8 1.  0.9 0.9 0.9 0.7 0.9]
2025-12-04 19:24:24.436 | INFO | 249  > Iter:110|loss:0.3083852231502533
2025-12-04 19:24:24.598 | INFO | 284  > Evaluate 110|OA:0.8125|MACC:0.8125|Kappa:0.8|MIOU:0.6941242784992785|IOU:[0.66666667 0.41666667 0.55555556 1.         0.90909091 0.64285714
 0.6        0.1        0.72727273 0.9        0.63636364 0.9
 0.7        0.81818182 0.7        0.83333333]|ACC:[1.  0.5 1.  1.  1.  0.9 0.9 0.1 0.8 0.9 0.7 0.9 0.7 0.9 0.7 1. ]
2025-12-04 19:24:25.316 | INFO | 249  > Iter:111|loss:0.33703598380088806
2025-12-04 19:24:25.479 | INFO | 284  > Evaluate 111|OA:0.85|MACC:0.85|Kappa:0.84|MIOU:0.7512425074925075|IOU:[0.71428571 0.4        0.8        0.76923077 0.90909091 0.9
 0.6        0.5        0.72727273 0.9        0.72727273 0.9
 0.9        0.72727273 0.63636364 0.90909091]|ACC:[1.  0.4 0.8 1.  1.  0.9 0.9 0.8 0.8 0.9 0.8 0.9 0.9 0.8 0.7 1. ]
2025-12-04 19:24:26.197 | INFO | 249  > Iter:112|loss:0.3001370429992676
2025-12-04 19:24:26.360 | INFO | 284  > Evaluate 112|OA:0.84375|MACC:0.84375|Kappa:0.8333333333333334|MIOU:0.7481445637695637|IOU:[0.76923077 0.33333333 0.8        1.         0.90909091 0.6
 0.64285714 0.53333333 0.81818182 0.8        0.71428571 0.8
 0.75       0.9        0.7        0.9       ]|ACC:[1.  0.5 0.8 1.  1.  0.6 0.9 0.8 0.9 0.8 1.  0.8 0.9 0.9 0.7 0.9]
2025-12-04 19:24:27.079 | INFO | 249  > Iter:113|loss:0.27094513177871704
2025-12-04 19:24:27.243 | INFO | 284  > Evaluate 113|OA:0.85|MACC:0.8500000000000001|Kappa:0.84|MIOU:0.7551909028471528|IOU:[0.66666667 0.4375     0.83333333 1.         0.90909091 0.57142857
 0.69230769 0.3        0.72727273 0.9        0.90909091 0.9
 0.63636364 0.9        0.7        1.        ]|ACC:[1.  0.7 1.  1.  1.  0.8 0.9 0.3 0.8 0.9 1.  0.9 0.7 0.9 0.7 1. ]
2025-12-04 19:24:27.961 | INFO | 249  > Iter:114|loss:0.25321948528289795
2025-12-04 19:24:28.124 | INFO | 284  > Evaluate 114|OA:0.8625|MACC:0.8625|Kappa:0.8533333333333334|MIOU:0.764285193972694|IOU:[0.625      0.4        0.83333333 1.         0.90909091 0.75
 0.71428571 0.54545455 0.69230769 1.         0.8        0.8
 0.8        0.75       0.7        0.90909091]|ACC:[1.  0.4 1.  1.  1.  0.9 1.  0.6 0.9 1.  0.8 0.8 0.8 0.9 0.7 1. ]
2025-12-04 19:24:28.853 | INFO | 249  > Iter:115|loss:0.2362121343612671
2025-12-04 19:24:29.016 | INFO | 284  > Evaluate 115|OA:0.85625|MACC:0.85625|Kappa:0.8466666666666666|MIOU:0.764192057942058|IOU:[0.71428571 0.38461538 0.90909091 1.         0.90909091 0.5
 0.64285714 0.46153846 0.81818182 0.9        0.76923077 0.9
 0.81818182 0.9        0.7        0.9       ]|ACC:[1.  0.5 1.  1.  1.  0.6 0.9 0.6 0.9 0.9 1.  0.9 0.9 0.9 0.7 0.9]
2025-12-04 19:24:29.792 | INFO | 249  > Iter:116|loss:0.21873489022254944
2025-12-04 19:24:29.954 | INFO | 284  > Evaluate 116|OA:0.85625|MACC:0.85625|Kappa:0.8466666666666666|MIOU:0.7666645854145854|IOU:[0.76923077 0.33333333 0.83333333 1.         0.90909091 0.5
 0.64285714 0.5        0.81818182 0.9        0.83333333 0.9
 0.72727273 0.9        0.7        1.        ]|ACC:[1.  0.5 1.  1.  1.  0.6 0.9 0.6 0.9 0.9 1.  0.9 0.8 0.9 0.7 1. ]
2025-12-04 19:24:30.672 | INFO | 249  > Iter:117|loss:0.20463615655899048
2025-12-04 19:24:30.834 | INFO | 284  > Evaluate 117|OA:0.83125|MACC:0.83125|Kappa:0.8200000000000001|MIOU:0.727091138028638|IOU:[0.625      0.33333333 0.71428571 1.         0.90909091 0.61538462
 0.6        0.41666667 0.72727273 1.         0.8        0.8
 0.58333333 0.9        0.7        0.90909091]|ACC:[1.  0.4 1.  1.  1.  0.8 0.9 0.5 0.8 1.  0.8 0.8 0.7 0.9 0.7 1. ]
2025-12-04 19:24:31.553 | INFO | 249  > Iter:118|loss:0.19807645678520203
2025-12-04 19:24:31.716 | INFO | 284  > Evaluate 118|OA:0.89375|MACC:0.8937499999999999|Kappa:0.8866666666666667|MIOU:0.8156364468864468|IOU:[0.66666667 0.4        0.76923077 1.         0.90909091 0.81818182
 0.71428571 0.63636364 0.81818182 1.         1.         0.9
 0.81818182 0.9        0.7        1.        ]|ACC:[1.  0.4 1.  1.  1.  0.9 1.  0.7 0.9 1.  1.  0.9 0.9 0.9 0.7 1. ]
2025-12-04 19:24:32.441 | INFO | 249  > Iter:119|loss:0.17969068884849548
2025-12-04 19:24:32.603 | INFO | 284  > Evaluate 119|OA:0.875|MACC:0.875|Kappa:0.8666666666666667|MIOU:0.7951413170163171|IOU:[0.76923077 0.35714286 0.90909091 1.         0.90909091 0.58333333
 0.64285714 0.5        0.81818182 0.9        0.83333333 1.
 0.9        0.9        0.7        1.        ]|ACC:[1.  0.5 1.  1.  1.  0.7 0.9 0.6 0.9 0.9 1.  1.  0.9 0.9 0.7 1. ]
2025-12-04 19:24:33.323 | INFO | 249  > Iter:120|loss:0.17798897624015808
2025-12-04 19:24:33.486 | INFO | 284  > Evaluate 120|OA:0.86875|MACC:0.8687499999999999|Kappa:0.86|MIOU:0.7883366633366633|IOU:[0.71428571 0.35714286 0.76923077 1.         0.90909091 0.54545455
 0.6        0.5        0.81818182 1.         0.9        1.
 0.9        0.9        0.7        1.        ]|ACC:[1.  0.5 1.  1.  1.  0.6 0.9 0.6 0.9 1.  0.9 1.  0.9 0.9 0.7 1. ]
2025-12-04 19:24:34.206 | INFO | 249  > Iter:121|loss:0.16323897242546082
2025-12-04 19:24:34.369 | INFO | 284  > Evaluate 121|OA:0.8625|MACC:0.8625|Kappa:0.8533333333333334|MIOU:0.7672140359640359|IOU:[0.71428571 0.36363636 0.71428571 1.         0.90909091 0.81818182
 0.6        0.63636364 0.81818182 1.         0.7        0.8
 0.69230769 0.9        0.7        0.90909091]|ACC:[1.  0.4 1.  1.  1.  0.9 0.9 0.7 0.9 1.  0.7 0.8 0.9 0.9 0.7 1. ]
2025-12-04 19:24:35.110 | INFO | 249  > Iter:122|loss:0.16141009330749512
2025-12-04 19:24:35.280 | INFO | 284  > Evaluate 122|OA:0.88125|MACC:0.88125|Kappa:0.8733333333333333|MIOU:0.7967532467532468|IOU:[0.71428571 0.41666667 0.90909091 1.         0.90909091 0.75
 0.64285714 0.63636364 0.81818182 0.9        0.83333333 0.9
 0.81818182 0.9        0.7        0.9       ]|ACC:[1.  0.5 1.  1.  1.  0.9 0.9 0.7 0.9 0.9 1.  0.9 0.9 0.9 0.7 0.9]
2025-12-04 19:24:36.035 | INFO | 249  > Iter:123|loss:0.15048545598983765
2025-12-04 19:24:36.198 | INFO | 284  > Evaluate 123|OA:0.8875|MACC:0.8875|Kappa:0.88|MIOU:0.8101159257409257|IOU:[0.76923077 0.38461538 0.90909091 1.         0.90909091 0.75
 0.64285714 0.54545455 0.81818182 0.9        0.83333333 1.
 0.9        0.9        0.7        1.        ]|ACC:[1.  0.5 1.  1.  1.  0.9 0.9 0.6 0.9 0.9 1.  1.  0.9 0.9 0.7 1. ]
2025-12-04 19:24:36.917 | INFO | 249  > Iter:124|loss:0.14705008268356323
2025-12-04 19:24:37.079 | INFO | 284  > Evaluate 124|OA:0.8875|MACC:0.8875|Kappa:0.88|MIOU:0.8126352813852814|IOU:[0.71428571 0.41666667 0.83333333 1.         0.90909091 0.72727273
 0.6        0.58333333 0.81818182 1.         0.9        1.
 0.9        0.9        0.7        1.        ]|ACC:[1.  0.5 1.  1.  1.  0.8 0.9 0.7 0.9 1.  0.9 1.  0.9 0.9 0.7 1. ]
2025-12-04 19:24:37.798 | INFO | 249  > Iter:125|loss:0.13856294751167297
2025-12-04 19:24:37.961 | INFO | 284  > Evaluate 125|OA:0.89375|MACC:0.89375|Kappa:0.8866666666666667|MIOU:0.8191964285714286|IOU:[0.71428571 0.41666667 0.83333333 1.         0.90909091 0.81818182
 0.64285714 0.63636364 0.81818182 1.         1.         0.9
 0.9        0.81818182 0.7        1.        ]|ACC:[1.  0.5 1.  1.  1.  0.9 0.9 0.7 0.9 1.  1.  0.9 0.9 0.9 0.7 1. ]
2025-12-04 19:24:38.684 | INFO | 249  > Iter:126|loss:0.13512639701366425
2025-12-04 19:24:38.846 | INFO | 284  > Evaluate 126|OA:0.8875|MACC:0.8875|Kappa:0.88|MIOU:0.8077380952380953|IOU:[0.71428571 0.41666667 0.90909091 1.         0.90909091 0.75
 0.64285714 0.63636364 0.81818182 0.9        0.90909091 0.9
 0.9        0.81818182 0.7        1.        ]|ACC:[1.  0.5 1.  1.  1.  0.9 0.9 0.7 0.9 0.9 1.  0.9 0.9 0.9 0.7 1. ]
2025-12-04 19:24:39.566 | INFO | 249  > Iter:127|loss:0.12873660027980804
2025-12-04 19:24:39.728 | INFO | 284  > Evaluate 127|OA:0.9|MACC:0.8999999999999999|Kappa:0.8933333333333333|MIOU:0.8286390692640693|IOU:[0.71428571 0.45454545 0.90909091 1.         0.90909091 0.75
 0.66666667 0.63636364 0.81818182 1.         0.9        1.
 0.9        0.9        0.7        1.        ]|ACC:[1.  0.5 1.  1.  1.  0.9 1.  0.7 0.9 1.  0.9 1.  0.9 0.9 0.7 1. ]
2025-12-04 19:24:40.458 | INFO | 249  > Iter:128|loss:0.1251818984746933
2025-12-04 19:24:40.621 | INFO | 284  > Evaluate 128|OA:0.8875|MACC:0.8875|Kappa:0.88|MIOU:0.8102678571428571|IOU:[0.71428571 0.41666667 0.83333333 1.         0.90909091 0.81818182
 0.6        0.63636364 0.81818182 1.         0.9        0.9
 0.9        0.81818182 0.7        1.        ]|ACC:[1.  0.5 1.  1.  1.  0.9 0.9 0.7 0.9 1.  0.9 0.9 0.9 0.9 0.7 1. ]
2025-12-04 19:24:41.392 | INFO | 249  > Iter:129|loss:0.11984395980834961
2025-12-04 19:24:41.554 | INFO | 284  > Evaluate 129|OA:0.89375|MACC:0.89375|Kappa:0.8866666666666667|MIOU:0.8191964285714286|IOU:[0.71428571 0.41666667 0.83333333 1.         0.90909091 0.81818182
 0.64285714 0.63636364 0.81818182 1.         1.         0.9
 0.9        0.81818182 0.7        1.        ]|ACC:[1.  0.5 1.  1.  1.  0.9 0.9 0.7 0.9 1.  1.  0.9 0.9 0.9 0.7 1. ]
2025-12-04 19:24:42.274 | INFO | 249  > Iter:130|loss:0.11651506274938583
2025-12-04 19:24:42.436 | INFO | 284  > Evaluate 130|OA:0.89375|MACC:0.8937499999999999|Kappa:0.8866666666666667|MIOU:0.8183170995670995|IOU:[0.71428571 0.45454545 0.83333333 1.         0.90909091 0.90909091
 0.6        0.63636364 0.81818182 1.         0.9        0.9
 0.81818182 0.9        0.7        1.        ]|ACC:[1.  0.5 1.  1.  1.  1.  0.9 0.7 0.9 1.  0.9 0.9 0.9 0.9 0.7 1. ]
2025-12-04 19:24:43.155 | INFO | 249  > Iter:131|loss:0.11167482286691666
2025-12-04 19:24:43.317 | INFO | 284  > Evaluate 131|OA:0.9|MACC:0.8999999999999999|Kappa:0.8933333333333333|MIOU:0.8253246753246753|IOU:[0.71428571 0.5        0.90909091 1.         0.90909091 0.83333333
 0.66666667 0.63636364 0.81818182 1.         0.9        0.9
 0.81818182 0.9        0.7        1.        ]|ACC:[1.  0.5 1.  1.  1.  1.  1.  0.7 0.9 1.  0.9 0.9 0.9 0.9 0.7 1. ]
2025-12-04 19:24:44.043 | INFO | 249  > Iter:132|loss:0.10927510261535645
2025-12-04 19:24:44.205 | INFO | 284  > Evaluate 132|OA:0.9|MACC:0.8999999999999999|Kappa:0.8933333333333333|MIOU:0.8253246753246753|IOU:[0.71428571 0.5        0.90909091 1.         0.90909091 0.83333333
 0.66666667 0.63636364 0.81818182 1.         0.9        0.9
 0.9        0.81818182 0.7        1.        ]|ACC:[1.  0.5 1.  1.  1.  1.  1.  0.7 0.9 1.  0.9 0.9 0.9 0.9 0.7 1. ]
2025-12-04 19:24:44.930 | INFO | 249  > Iter:133|loss:0.10495993494987488
2025-12-04 19:24:45.092 | INFO | 284  > Evaluate 133|OA:0.89375|MACC:0.8937499999999999|Kappa:0.8866666666666667|MIOU:0.8183170995670995|IOU:[0.71428571 0.45454545 0.83333333 1.         0.90909091 0.90909091
 0.6        0.63636364 0.81818182 1.         0.9        0.9
 0.81818182 0.9        0.7        1.        ]|ACC:[1.  0.5 1.  1.  1.  1.  0.9 0.7 0.9 1.  0.9 0.9 0.9 0.9 0.7 1. ]
2025-12-04 19:24:45.811 | INFO | 249  > Iter:134|loss:0.10232923924922943
2025-12-04 19:24:45.974 | INFO | 284  > Evaluate 134|OA:0.89375|MACC:0.8937499999999999|Kappa:0.8866666666666667|MIOU:0.8166125541125542|IOU:[0.71428571 0.45454545 0.83333333 0.90909091 0.90909091 0.90909091
 0.6        0.7        0.81818182 1.         0.9        0.9
 0.81818182 0.9        0.7        1.        ]|ACC:[1.  0.5 1.  1.  1.  1.  0.9 0.7 0.9 1.  0.9 0.9 0.9 0.9 0.7 1. ]
2025-12-04 19:24:46.705 | INFO | 249  > Iter:135|loss:0.09897303581237793
2025-12-04 19:24:46.867 | INFO | 284  > Evaluate 135|OA:0.9|MACC:0.8999999999999999|Kappa:0.8933333333333333|MIOU:0.8253246753246753|IOU:[0.71428571 0.5        0.90909091 1.         0.90909091 0.83333333
 0.66666667 0.63636364 0.81818182 1.         0.9        0.9
 0.81818182 0.9        0.7        1.        ]|ACC:[1.  0.5 1.  1.  1.  1.  1.  0.7 0.9 1.  0.9 0.9 0.9 0.9 0.7 1. ]
2025-12-04 19:24:47.600 | INFO | 249  > Iter:136|loss:0.09626670181751251
2025-12-04 19:24:47.762 | INFO | 284  > Evaluate 136|OA:0.89375|MACC:0.8937499999999999|Kappa:0.8866666666666667|MIOU:0.8172754329004329|IOU:[0.71428571 0.45454545 0.90909091 1.         0.90909091 0.75
 0.66666667 0.63636364 0.81818182 1.         0.9        0.9
 0.9        0.81818182 0.7        1.        ]|ACC:[1.  0.5 1.  1.  1.  0.9 1.  0.7 0.9 1.  0.9 0.9 0.9 0.9 0.7 1. ]
2025-12-04 19:24:48.480 | INFO | 249  > Iter:137|loss:0.09337250143289566
2025-12-04 19:24:48.643 | INFO | 284  > Evaluate 137|OA:0.89375|MACC:0.8937499999999999|Kappa:0.8866666666666667|MIOU:0.816801948051948|IOU:[0.71428571 0.45454545 0.83333333 1.         0.90909091 0.81818182
 0.66666667 0.63636364 0.81818182 1.         0.9        0.9
 0.9        0.81818182 0.7        1.        ]|ACC:[1.  0.5 1.  1.  1.  0.9 1.  0.7 0.9 1.  0.9 0.9 0.9 0.9 0.7 1. ]
2025-12-04 19:24:49.363 | INFO | 249  > Iter:138|loss:0.0910126268863678
2025-12-04 19:24:49.524 | INFO | 284  > Evaluate 138|OA:0.8875|MACC:0.8875|Kappa:0.88|MIOU:0.8085633116883117|IOU:[0.71428571 0.41666667 0.83333333 0.90909091 0.90909091 0.81818182
 0.6        0.7        0.81818182 1.         0.9        0.9
 0.9        0.81818182 0.7        1.        ]|ACC:[1.  0.5 1.  1.  1.  0.9 0.9 0.7 0.9 1.  0.9 0.9 0.9 0.9 0.7 1. ]
2025-12-04 19:24:50.243 | INFO | 249  > Iter:139|loss:0.08836281299591064
2025-12-04 19:24:50.405 | INFO | 284  > Evaluate 139|OA:0.89375|MACC:0.8937499999999999|Kappa:0.8866666666666667|MIOU:0.816801948051948|IOU:[0.71428571 0.45454545 0.83333333 1.         0.90909091 0.81818182
 0.66666667 0.63636364 0.81818182 1.         0.9        0.9
 0.9        0.81818182 0.7        1.        ]|ACC:[1.  0.5 1.  1.  1.  0.9 1.  0.7 0.9 1.  0.9 0.9 0.9 0.9 0.7 1. ]
2025-12-04 19:24:51.123 | INFO | 249  > Iter:140|loss:0.08611913025379181
2025-12-04 19:24:51.285 | INFO | 284  > Evaluate 140|OA:0.9|MACC:0.8999999999999999|Kappa:0.8933333333333333|MIOU:0.8253246753246753|IOU:[0.71428571 0.5        0.90909091 1.         0.90909091 0.83333333
 0.66666667 0.63636364 0.81818182 1.         0.9        0.9
 0.81818182 0.9        0.7        1.        ]|ACC:[1.  0.5 1.  1.  1.  1.  1.  0.7 0.9 1.  0.9 0.9 0.9 0.9 0.7 1. ]
2025-12-04 19:24:52.010 | INFO | 249  > Iter:141|loss:0.0836745947599411
2025-12-04 19:24:52.172 | INFO | 284  > Evaluate 141|OA:0.89375|MACC:0.8937499999999999|Kappa:0.8866666666666667|MIOU:0.816801948051948|IOU:[0.71428571 0.45454545 0.83333333 1.         0.90909091 0.81818182
 0.66666667 0.63636364 0.81818182 1.         0.9        0.9
 0.81818182 0.9        0.7        1.        ]|ACC:[1.  0.5 1.  1.  1.  0.9 1.  0.7 0.9 1.  0.9 0.9 0.9 0.9 0.7 1. ]
2025-12-04 19:24:52.930 | INFO | 249  > Iter:142|loss:0.08169426769018173
2025-12-04 19:24:53.092 | INFO | 284  > Evaluate 142|OA:0.8875|MACC:0.8875|Kappa:0.88|MIOU:0.8102678571428571|IOU:[0.71428571 0.41666667 0.83333333 1.         0.90909091 0.81818182
 0.6        0.63636364 0.81818182 1.         0.9        0.9
 0.81818182 0.9        0.7        1.        ]|ACC:[1.  0.5 1.  1.  1.  0.9 0.9 0.7 0.9 1.  0.9 0.9 0.9 0.9 0.7 1. ]
2025-12-04 19:24:53.810 | INFO | 249  > Iter:143|loss:0.07952077686786652
2025-12-04 19:24:53.972 | INFO | 284  > Evaluate 143|OA:0.89375|MACC:0.8937499999999999|Kappa:0.8866666666666667|MIOU:0.8172754329004329|IOU:[0.71428571 0.45454545 0.90909091 1.         0.90909091 0.75
 0.66666667 0.63636364 0.81818182 1.         0.9        0.9
 0.9        0.81818182 0.7        1.        ]|ACC:[1.  0.5 1.  1.  1.  0.9 1.  0.7 0.9 1.  0.9 0.9 0.9 0.9 0.7 1. ]
2025-12-04 19:24:54.691 | INFO | 249  > Iter:144|loss:0.07755645364522934
2025-12-04 19:24:54.853 | INFO | 284  > Evaluate 144|OA:0.9|MACC:0.8999999999999999|Kappa:0.8933333333333333|MIOU:0.8253246753246753|IOU:[0.71428571 0.5        0.90909091 1.         0.90909091 0.83333333
 0.66666667 0.63636364 0.81818182 1.         0.9        0.9
 0.81818182 0.9        0.7        1.        ]|ACC:[1.  0.5 1.  1.  1.  1.  1.  0.7 0.9 1.  0.9 0.9 0.9 0.9 0.7 1. ]
2025-12-04 19:24:55.578 | INFO | 249  > Iter:145|loss:0.0756329596042633
2025-12-04 19:24:55.740 | INFO | 284  > Evaluate 145|OA:0.89375|MACC:0.8937499999999999|Kappa:0.8866666666666667|MIOU:0.8165178571428571|IOU:[0.71428571 0.45454545 0.83333333 1.         0.90909091 0.75
 0.66666667 0.7        0.81818182 1.         0.9        0.9
 0.81818182 0.9        0.7        1.        ]|ACC:[1.  0.5 1.  1.  1.  0.9 1.  0.7 0.9 1.  0.9 0.9 0.9 0.9 0.7 1. ]
2025-12-04 19:24:56.459 | INFO | 249  > Iter:146|loss:0.07382886856794357
2025-12-04 19:24:56.621 | INFO | 284  > Evaluate 146|OA:0.8875|MACC:0.8875|Kappa:0.88|MIOU:0.8111128454878456|IOU:[0.71428571 0.41666667 0.90909091 1.         0.90909091 0.69230769
 0.6        0.7        0.81818182 1.         0.9        0.9
 0.81818182 0.9        0.7        1.        ]|ACC:[1.  0.5 1.  1.  1.  0.9 0.9 0.7 0.9 1.  0.9 0.9 0.9 0.9 0.7 1. ]
2025-12-04 19:24:57.341 | INFO | 249  > Iter:147|loss:0.0720379501581192
2025-12-04 19:24:57.503 | INFO | 284  > Evaluate 147|OA:0.89375|MACC:0.8937499999999999|Kappa:0.8866666666666667|MIOU:0.8172754329004328|IOU:[0.71428571 0.45454545 0.90909091 1.         0.90909091 0.75
 0.66666667 0.63636364 0.81818182 1.         0.9        0.9
 0.81818182 0.9        0.7        1.        ]|ACC:[1.  0.5 1.  1.  1.  0.9 1.  0.7 0.9 1.  0.9 0.9 0.9 0.9 0.7 1. ]
2025-12-04 19:24:58.248 | INFO | 249  > Iter:148|loss:0.07035143673419952
2025-12-04 19:24:58.410 | INFO | 284  > Evaluate 148|OA:0.9|MACC:0.8999999999999999|Kappa:0.8933333333333333|MIOU:0.8253246753246753|IOU:[0.71428571 0.5        0.90909091 1.         0.90909091 0.83333333
 0.66666667 0.63636364 0.81818182 1.         0.9        0.9
 0.81818182 0.9        0.7        1.        ]|ACC:[1.  0.5 1.  1.  1.  1.  1.  0.7 0.9 1.  0.9 0.9 0.9 0.9 0.7 1. ]
2025-12-04 19:24:59.154 | INFO | 249  > Iter:149|loss:0.0686832144856453
2025-12-04 19:24:59.316 | INFO | 284  > Evaluate 149|OA:0.9|MACC:0.8999999999999999|Kappa:0.8933333333333333|MIOU:0.8252955377955378|IOU:[0.71428571 0.5        0.90909091 1.         0.90909091 0.76923077
 0.66666667 0.7        0.81818182 1.         0.9        0.9
 0.81818182 0.9        0.7        1.        ]|ACC:[1.  0.5 1.  1.  1.  1.  1.  0.7 0.9 1.  0.9 0.9 0.9 0.9 0.7 1. ]
2025-12-04 19:25:00.092 | INFO | 249  > Iter:150|loss:0.0671306848526001
2025-12-04 19:25:00.254 | INFO | 284  > Evaluate 150|OA:0.9|MACC:0.8999999999999999|Kappa:0.8933333333333333|MIOU:0.8252955377955378|IOU:[0.71428571 0.5        0.90909091 1.         0.90909091 0.76923077
 0.66666667 0.7        0.81818182 1.         0.9        0.9
 0.81818182 0.9        0.7        1.        ]|ACC:[1.  0.5 1.  1.  1.  1.  1.  0.7 0.9 1.  0.9 0.9 0.9 0.9 0.7 1. ]
2025-12-04 19:25:00.979 | INFO | 249  > Iter:151|loss:0.06560215353965759
2025-12-04 19:25:01.141 | INFO | 284  > Evaluate 151|OA:0.9|MACC:0.8999999999999999|Kappa:0.8933333333333333|MIOU:0.8252955377955378|IOU:[0.71428571 0.5        0.90909091 1.         0.90909091 0.76923077
 0.66666667 0.7        0.81818182 1.         0.9        0.9
 0.81818182 0.9        0.7        1.        ]|ACC:[1.  0.5 1.  1.  1.  1.  1.  0.7 0.9 1.  0.9 0.9 0.9 0.9 0.7 1. ]
2025-12-04 19:25:01.864 | INFO | 249  > Iter:152|loss:0.06413373351097107
2025-12-04 19:25:02.026 | INFO | 284  > Evaluate 152|OA:0.9|MACC:0.8999999999999999|Kappa:0.8933333333333333|MIOU:0.8252955377955378|IOU:[0.71428571 0.5        0.90909091 1.         0.90909091 0.76923077
 0.66666667 0.7        0.81818182 1.         0.9        0.9
 0.81818182 0.9        0.7        1.        ]|ACC:[1.  0.5 1.  1.  1.  1.  1.  0.7 0.9 1.  0.9 0.9 0.9 0.9 0.7 1. ]
2025-12-04 19:25:02.748 | INFO | 249  > Iter:153|loss:0.06270343065261841
2025-12-04 19:25:02.910 | INFO | 284  > Evaluate 153|OA:0.9|MACC:0.8999999999999999|Kappa:0.8933333333333333|MIOU:0.8252955377955378|IOU:[0.71428571 0.5        0.90909091 1.         0.90909091 0.76923077
 0.66666667 0.7        0.81818182 1.         0.9        0.9
 0.81818182 0.9        0.7        1.        ]|ACC:[1.  0.5 1.  1.  1.  1.  1.  0.7 0.9 1.  0.9 0.9 0.9 0.9 0.7 1. ]
2025-12-04 19:25:03.634 | INFO | 249  > Iter:154|loss:0.061346106231212616
2025-12-04 19:25:03.796 | INFO | 284  > Evaluate 154|OA:0.9|MACC:0.8999999999999999|Kappa:0.8933333333333333|MIOU:0.8252955377955378|IOU:[0.71428571 0.5        0.90909091 1.         0.90909091 0.76923077
 0.66666667 0.7        0.81818182 1.         0.9        0.9
 0.81818182 0.9        0.7        1.        ]|ACC:[1.  0.5 1.  1.  1.  1.  1.  0.7 0.9 1.  0.9 0.9 0.9 0.9 0.7 1. ]
2025-12-04 19:25:04.567 | INFO | 249  > Iter:155|loss:0.06003466993570328
2025-12-04 19:25:04.729 | INFO | 284  > Evaluate 155|OA:0.9|MACC:0.8999999999999999|Kappa:0.8933333333333333|MIOU:0.8252955377955378|IOU:[0.71428571 0.5        0.90909091 1.         0.90909091 0.76923077
 0.66666667 0.7        0.81818182 1.         0.9        0.9
 0.81818182 0.9        0.7        1.        ]|ACC:[1.  0.5 1.  1.  1.  1.  1.  0.7 0.9 1.  0.9 0.9 0.9 0.9 0.7 1. ]
2025-12-04 19:25:05.452 | INFO | 249  > Iter:156|loss:0.05875847488641739
2025-12-04 19:25:05.614 | INFO | 284  > Evaluate 156|OA:0.9|MACC:0.8999999999999999|Kappa:0.8933333333333333|MIOU:0.8252955377955378|IOU:[0.71428571 0.5        0.90909091 1.         0.90909091 0.76923077
 0.66666667 0.7        0.81818182 1.         0.9        0.9
 0.81818182 0.9        0.7        1.        ]|ACC:[1.  0.5 1.  1.  1.  1.  1.  0.7 0.9 1.  0.9 0.9 0.9 0.9 0.7 1. ]
2025-12-04 19:25:06.337 | INFO | 249  > Iter:157|loss:0.05750490725040436
2025-12-04 19:25:06.500 | INFO | 284  > Evaluate 157|OA:0.89375|MACC:0.8937499999999999|Kappa:0.8866666666666667|MIOU:0.8147841741591741|IOU:[0.71428571 0.5        0.90909091 1.         0.90909091 0.76923077
 0.66666667 0.7        0.81818182 1.         0.8        0.9
 0.75       0.9        0.7        1.        ]|ACC:[1.  0.5 1.  1.  1.  1.  1.  0.7 0.9 1.  0.8 0.9 0.9 0.9 0.7 1. ]
2025-12-04 19:25:07.217 | INFO | 249  > Iter:158|loss:0.056310154497623444
2025-12-04 19:25:07.380 | INFO | 284  > Evaluate 158|OA:0.89375|MACC:0.8937499999999999|Kappa:0.8866666666666667|MIOU:0.8147841741591741|IOU:[0.71428571 0.5        0.90909091 1.         0.90909091 0.76923077
 0.66666667 0.7        0.81818182 1.         0.8        0.9
 0.75       0.9        0.7        1.        ]|ACC:[1.  0.5 1.  1.  1.  1.  1.  0.7 0.9 1.  0.8 0.9 0.9 0.9 0.7 1. ]
2025-12-04 19:25:08.098 | INFO | 249  > Iter:159|loss:0.05515725910663605
2025-12-04 19:25:08.260 | INFO | 284  > Evaluate 159|OA:0.89375|MACC:0.8937499999999999|Kappa:0.8866666666666667|MIOU:0.8147841741591741|IOU:[0.71428571 0.5        0.90909091 1.         0.90909091 0.76923077
 0.66666667 0.7        0.81818182 1.         0.8        0.9
 0.75       0.9        0.7        1.        ]|ACC:[1.  0.5 1.  1.  1.  1.  1.  0.7 0.9 1.  0.8 0.9 0.9 0.9 0.7 1. ]
2025-12-04 19:25:08.978 | INFO | 249  > Iter:160|loss:0.054038356989622116
2025-12-04 19:25:09.139 | INFO | 284  > Evaluate 160|OA:0.89375|MACC:0.8937499999999999|Kappa:0.8866666666666667|MIOU:0.8147841741591741|IOU:[0.71428571 0.5        0.90909091 1.         0.90909091 0.76923077
 0.66666667 0.7        0.81818182 1.         0.8        0.9
 0.75       0.9        0.7        1.        ]|ACC:[1.  0.5 1.  1.  1.  1.  1.  0.7 0.9 1.  0.8 0.9 0.9 0.9 0.7 1. ]
2025-12-04 19:25:09.913 | INFO | 249  > Iter:161|loss:0.0529463030397892
2025-12-04 19:25:10.075 | INFO | 284  > Evaluate 161|OA:0.89375|MACC:0.8937499999999999|Kappa:0.8866666666666667|MIOU:0.8147841741591741|IOU:[0.71428571 0.5        0.90909091 1.         0.90909091 0.76923077
 0.66666667 0.7        0.81818182 1.         0.8        0.9
 0.75       0.9        0.7        1.        ]|ACC:[1.  0.5 1.  1.  1.  1.  1.  0.7 0.9 1.  0.8 0.9 0.9 0.9 0.7 1. ]
2025-12-04 19:25:10.821 | INFO | 249  > Iter:162|loss:0.0518946498632431
2025-12-04 19:25:10.983 | INFO | 284  > Evaluate 162|OA:0.89375|MACC:0.8937499999999999|Kappa:0.8866666666666667|MIOU:0.8147841741591741|IOU:[0.71428571 0.5        0.90909091 1.         0.90909091 0.76923077
 0.66666667 0.7        0.81818182 1.         0.8        0.9
 0.75       0.9        0.7        1.        ]|ACC:[1.  0.5 1.  1.  1.  1.  1.  0.7 0.9 1.  0.8 0.9 0.9 0.9 0.7 1. ]
2025-12-04 19:25:11.701 | INFO | 249  > Iter:163|loss:0.050875358283519745
2025-12-04 19:25:11.863 | INFO | 284  > Evaluate 163|OA:0.89375|MACC:0.8937499999999999|Kappa:0.8866666666666667|MIOU:0.8147841741591741|IOU:[0.71428571 0.5        0.90909091 1.         0.90909091 0.76923077
 0.66666667 0.7        0.81818182 1.         0.8        0.9
 0.75       0.9        0.7        1.        ]|ACC:[1.  0.5 1.  1.  1.  1.  1.  0.7 0.9 1.  0.8 0.9 0.9 0.9 0.7 1. ]
2025-12-04 19:25:12.582 | INFO | 249  > Iter:164|loss:0.04988904297351837
2025-12-04 19:25:12.744 | INFO | 284  > Evaluate 164|OA:0.89375|MACC:0.8937499999999999|Kappa:0.8866666666666667|MIOU:0.8147841741591741|IOU:[0.71428571 0.5        0.90909091 1.         0.90909091 0.76923077
 0.66666667 0.7        0.81818182 1.         0.8        0.9
 0.75       0.9        0.7        1.        ]|ACC:[1.  0.5 1.  1.  1.  1.  1.  0.7 0.9 1.  0.8 0.9 0.9 0.9 0.7 1. ]
2025-12-04 19:25:13.463 | INFO | 249  > Iter:165|loss:0.04892206937074661
2025-12-04 19:25:13.625 | INFO | 284  > Evaluate 165|OA:0.89375|MACC:0.8937499999999999|Kappa:0.8866666666666667|MIOU:0.8147841741591741|IOU:[0.71428571 0.5        0.90909091 1.         0.90909091 0.76923077
 0.66666667 0.7        0.81818182 1.         0.8        0.9
 0.75       0.9        0.7        1.        ]|ACC:[1.  0.5 1.  1.  1.  1.  1.  0.7 0.9 1.  0.8 0.9 0.9 0.9 0.7 1. ]
2025-12-04 19:25:14.342 | INFO | 249  > Iter:166|loss:0.047994568943977356
2025-12-04 19:25:14.505 | INFO | 284  > Evaluate 166|OA:0.89375|MACC:0.8937499999999999|Kappa:0.8866666666666667|MIOU:0.8147841741591741|IOU:[0.71428571 0.5        0.90909091 1.         0.90909091 0.76923077
 0.66666667 0.7        0.81818182 1.         0.8        0.9
 0.75       0.9        0.7        1.        ]|ACC:[1.  0.5 1.  1.  1.  1.  1.  0.7 0.9 1.  0.8 0.9 0.9 0.9 0.7 1. ]
2025-12-04 19:25:15.236 | INFO | 249  > Iter:167|loss:0.047088008373975754
2025-12-04 19:25:15.398 | INFO | 284  > Evaluate 167|OA:0.89375|MACC:0.8937499999999999|Kappa:0.8866666666666667|MIOU:0.8147841741591741|IOU:[0.71428571 0.5        0.90909091 1.         0.90909091 0.76923077
 0.66666667 0.7        0.81818182 1.         0.8        0.9
 0.75       0.9        0.7        1.        ]|ACC:[1.  0.5 1.  1.  1.  1.  1.  0.7 0.9 1.  0.8 0.9 0.9 0.9 0.7 1. ]
2025-12-04 19:25:16.128 | INFO | 249  > Iter:168|loss:0.0462123267352581
2025-12-04 19:25:16.290 | INFO | 284  > Evaluate 168|OA:0.89375|MACC:0.8937499999999999|Kappa:0.8866666666666667|MIOU:0.8147841741591741|IOU:[0.71428571 0.5        0.90909091 1.         0.90909091 0.76923077
 0.66666667 0.7        0.81818182 1.         0.8        0.9
 0.75       0.9        0.7        1.        ]|ACC:[1.  0.5 1.  1.  1.  1.  1.  0.7 0.9 1.  0.8 0.9 0.9 0.9 0.7 1. ]
2025-12-04 19:25:17.008 | INFO | 249  > Iter:169|loss:0.0453580766916275
2025-12-04 19:25:17.170 | INFO | 284  > Evaluate 169|OA:0.89375|MACC:0.8937499999999999|Kappa:0.8866666666666667|MIOU:0.8147841741591741|IOU:[0.71428571 0.5        0.90909091 1.         0.90909091 0.76923077
 0.66666667 0.7        0.81818182 1.         0.8        0.9
 0.75       0.9        0.7        1.        ]|ACC:[1.  0.5 1.  1.  1.  1.  1.  0.7 0.9 1.  0.8 0.9 0.9 0.9 0.7 1. ]
2025-12-04 19:25:17.887 | INFO | 249  > Iter:170|loss:0.04452543705701828
2025-12-04 19:25:18.049 | INFO | 284  > Evaluate 170|OA:0.89375|MACC:0.8937499999999999|Kappa:0.8866666666666667|MIOU:0.8147841741591741|IOU:[0.71428571 0.5        0.90909091 1.         0.90909091 0.76923077
 0.66666667 0.7        0.81818182 1.         0.8        0.9
 0.75       0.9        0.7        1.        ]|ACC:[1.  0.5 1.  1.  1.  1.  1.  0.7 0.9 1.  0.8 0.9 0.9 0.9 0.7 1. ]
2025-12-04 19:25:18.767 | INFO | 249  > Iter:171|loss:0.04372213035821915
2025-12-04 19:25:18.929 | INFO | 284  > Evaluate 171|OA:0.89375|MACC:0.8937499999999999|Kappa:0.8866666666666667|MIOU:0.8147841741591741|IOU:[0.71428571 0.5        0.90909091 1.         0.90909091 0.76923077
 0.66666667 0.7        0.81818182 1.         0.8        0.9
 0.75       0.9        0.7        1.        ]|ACC:[1.  0.5 1.  1.  1.  1.  1.  0.7 0.9 1.  0.8 0.9 0.9 0.9 0.7 1. ]
2025-12-04 19:25:19.647 | INFO | 249  > Iter:172|loss:0.042937882244586945
2025-12-04 19:25:19.809 | INFO | 284  > Evaluate 172|OA:0.89375|MACC:0.8937499999999999|Kappa:0.8866666666666667|MIOU:0.8147841741591741|IOU:[0.71428571 0.5        0.90909091 1.         0.90909091 0.76923077
 0.66666667 0.7        0.81818182 1.         0.8        0.9
 0.75       0.9        0.7        1.        ]|ACC:[1.  0.5 1.  1.  1.  1.  1.  0.7 0.9 1.  0.8 0.9 0.9 0.9 0.7 1. ]
2025-12-04 19:25:20.527 | INFO | 249  > Iter:173|loss:0.04217586666345596
2025-12-04 19:25:20.689 | INFO | 284  > Evaluate 173|OA:0.89375|MACC:0.8937499999999999|Kappa:0.8866666666666667|MIOU:0.8147841741591741|IOU:[0.71428571 0.5        0.90909091 1.         0.90909091 0.76923077
 0.66666667 0.7        0.81818182 1.         0.8        0.9
 0.75       0.9        0.7        1.        ]|ACC:[1.  0.5 1.  1.  1.  1.  1.  0.7 0.9 1.  0.8 0.9 0.9 0.9 0.7 1. ]
2025-12-04 19:25:21.435 | INFO | 249  > Iter:174|loss:0.04143421724438667
2025-12-04 19:25:21.596 | INFO | 284  > Evaluate 174|OA:0.89375|MACC:0.8937499999999999|Kappa:0.8866666666666667|MIOU:0.8147841741591741|IOU:[0.71428571 0.5        0.90909091 1.         0.90909091 0.76923077
 0.66666667 0.7        0.81818182 1.         0.8        0.9
 0.75       0.9        0.7        1.        ]|ACC:[1.  0.5 1.  1.  1.  1.  1.  0.7 0.9 1.  0.8 0.9 0.9 0.9 0.7 1. ]
2025-12-04 19:25:22.334 | INFO | 249  > Iter:175|loss:0.04071113467216492
2025-12-04 19:25:22.495 | INFO | 284  > Evaluate 175|OA:0.89375|MACC:0.8937499999999999|Kappa:0.8866666666666667|MIOU:0.8147841741591741|IOU:[0.71428571 0.5        0.90909091 1.         0.90909091 0.76923077
 0.66666667 0.7        0.81818182 1.         0.8        0.9
 0.75       0.9        0.7        1.        ]|ACC:[1.  0.5 1.  1.  1.  1.  1.  0.7 0.9 1.  0.8 0.9 0.9 0.9 0.7 1. ]
2025-12-04 19:25:23.214 | INFO | 249  > Iter:176|loss:0.04001539573073387
2025-12-04 19:25:23.376 | INFO | 284  > Evaluate 176|OA:0.89375|MACC:0.8937499999999999|Kappa:0.8866666666666667|MIOU:0.8147841741591741|IOU:[0.71428571 0.5        0.90909091 1.         0.90909091 0.76923077
 0.66666667 0.7        0.81818182 1.         0.8        0.9
 0.75       0.9        0.7        1.        ]|ACC:[1.  0.5 1.  1.  1.  1.  1.  0.7 0.9 1.  0.8 0.9 0.9 0.9 0.7 1. ]
2025-12-04 19:25:24.093 | INFO | 249  > Iter:177|loss:0.039328038692474365
2025-12-04 19:25:24.255 | INFO | 284  > Evaluate 177|OA:0.89375|MACC:0.8937499999999999|Kappa:0.8866666666666667|MIOU:0.8147841741591741|IOU:[0.71428571 0.5        0.90909091 1.         0.90909091 0.76923077
 0.66666667 0.7        0.81818182 1.         0.8        0.9
 0.75       0.9        0.7        1.        ]|ACC:[1.  0.5 1.  1.  1.  1.  1.  0.7 0.9 1.  0.8 0.9 0.9 0.9 0.7 1. ]
2025-12-04 19:25:24.974 | INFO | 249  > Iter:178|loss:0.038659192621707916
2025-12-04 19:25:25.135 | INFO | 284  > Evaluate 178|OA:0.89375|MACC:0.8937499999999999|Kappa:0.8866666666666667|MIOU:0.8147841741591741|IOU:[0.71428571 0.5        0.90909091 1.         0.90909091 0.76923077
 0.66666667 0.7        0.81818182 1.         0.8        0.9
 0.75       0.9        0.7        1.        ]|ACC:[1.  0.5 1.  1.  1.  1.  1.  0.7 0.9 1.  0.8 0.9 0.9 0.9 0.7 1. ]
2025-12-04 19:25:25.853 | INFO | 249  > Iter:179|loss:0.03801397606730461
2025-12-04 19:25:26.015 | INFO | 284  > Evaluate 179|OA:0.89375|MACC:0.8937499999999999|Kappa:0.8866666666666667|MIOU:0.8147841741591741|IOU:[0.71428571 0.5        0.90909091 1.         0.90909091 0.76923077
 0.66666667 0.7        0.81818182 1.         0.8        0.9
 0.75       0.9        0.7        1.        ]|ACC:[1.  0.5 1.  1.  1.  1.  1.  0.7 0.9 1.  0.8 0.9 0.9 0.9 0.7 1. ]
2025-12-04 19:25:26.734 | INFO | 249  > Iter:180|loss:0.03738313168287277
2025-12-04 19:25:26.896 | INFO | 284  > Evaluate 180|OA:0.89375|MACC:0.8937499999999999|Kappa:0.8866666666666667|MIOU:0.8147841741591741|IOU:[0.71428571 0.5        0.90909091 1.         0.90909091 0.76923077
 0.66666667 0.7        0.81818182 1.         0.8        0.9
 0.75       0.9        0.7        1.        ]|ACC:[1.  0.5 1.  1.  1.  1.  1.  0.7 0.9 1.  0.8 0.9 0.9 0.9 0.7 1. ]
2025-12-04 19:25:27.665 | INFO | 249  > Iter:181|loss:0.03676997497677803
2025-12-04 19:25:27.827 | INFO | 284  > Evaluate 181|OA:0.89375|MACC:0.8937499999999999|Kappa:0.8866666666666667|MIOU:0.8147841741591741|IOU:[0.71428571 0.5        0.90909091 1.         0.90909091 0.76923077
 0.66666667 0.7        0.81818182 1.         0.8        0.9
 0.75       0.9        0.7        1.        ]|ACC:[1.  0.5 1.  1.  1.  1.  1.  0.7 0.9 1.  0.8 0.9 0.9 0.9 0.7 1. ]
2025-12-04 19:25:28.545 | INFO | 249  > Iter:182|loss:0.036168843507766724
2025-12-04 19:25:28.707 | INFO | 284  > Evaluate 182|OA:0.89375|MACC:0.8937499999999999|Kappa:0.8866666666666667|MIOU:0.8147841741591741|IOU:[0.71428571 0.5        0.90909091 1.         0.90909091 0.76923077
 0.66666667 0.7        0.81818182 1.         0.8        0.9
 0.75       0.9        0.7        1.        ]|ACC:[1.  0.5 1.  1.  1.  1.  1.  0.7 0.9 1.  0.8 0.9 0.9 0.9 0.7 1. ]
2025-12-04 19:25:29.424 | INFO | 249  > Iter:183|loss:0.035579755902290344
2025-12-04 19:25:29.586 | INFO | 284  > Evaluate 183|OA:0.89375|MACC:0.8937499999999999|Kappa:0.8866666666666667|MIOU:0.8147841741591741|IOU:[0.71428571 0.5        0.90909091 1.         0.90909091 0.76923077
 0.66666667 0.7        0.81818182 1.         0.8        0.9
 0.75       0.9        0.7        1.        ]|ACC:[1.  0.5 1.  1.  1.  1.  1.  0.7 0.9 1.  0.8 0.9 0.9 0.9 0.7 1. ]
2025-12-04 19:25:30.305 | INFO | 249  > Iter:184|loss:0.03501293435692787
2025-12-04 19:25:30.467 | INFO | 284  > Evaluate 184|OA:0.89375|MACC:0.8937499999999999|Kappa:0.8866666666666667|MIOU:0.8147841741591741|IOU:[0.71428571 0.5        0.90909091 1.         0.90909091 0.76923077
 0.66666667 0.7        0.81818182 1.         0.8        0.9
 0.75       0.9        0.7        1.        ]|ACC:[1.  0.5 1.  1.  1.  1.  1.  0.7 0.9 1.  0.8 0.9 0.9 0.9 0.7 1. ]
2025-12-04 19:25:31.185 | INFO | 249  > Iter:185|loss:0.03445786237716675
2025-12-04 19:25:31.347 | INFO | 284  > Evaluate 185|OA:0.89375|MACC:0.8937499999999999|Kappa:0.8866666666666667|MIOU:0.8147841741591741|IOU:[0.71428571 0.5        0.90909091 1.         0.90909091 0.76923077
 0.66666667 0.7        0.81818182 1.         0.8        0.9
 0.75       0.9        0.7        1.        ]|ACC:[1.  0.5 1.  1.  1.  1.  1.  0.7 0.9 1.  0.8 0.9 0.9 0.9 0.7 1. ]
2025-12-04 19:25:32.065 | INFO | 249  > Iter:186|loss:0.03391185402870178
2025-12-04 19:25:32.228 | INFO | 284  > Evaluate 186|OA:0.89375|MACC:0.8937499999999999|Kappa:0.8866666666666667|MIOU:0.8147841741591741|IOU:[0.71428571 0.5        0.90909091 1.         0.90909091 0.76923077
 0.66666667 0.7        0.81818182 1.         0.8        0.9
 0.75       0.9        0.7        1.        ]|ACC:[1.  0.5 1.  1.  1.  1.  1.  0.7 0.9 1.  0.8 0.9 0.9 0.9 0.7 1. ]
2025-12-04 19:25:32.952 | INFO | 249  > Iter:187|loss:0.033384375274181366
2025-12-04 19:25:33.114 | INFO | 284  > Evaluate 187|OA:0.89375|MACC:0.8937499999999999|Kappa:0.8866666666666667|MIOU:0.8147841741591741|IOU:[0.71428571 0.5        0.90909091 1.         0.90909091 0.76923077
 0.66666667 0.7        0.81818182 1.         0.8        0.9
 0.75       0.9        0.7        1.        ]|ACC:[1.  0.5 1.  1.  1.  1.  1.  0.7 0.9 1.  0.8 0.9 0.9 0.9 0.7 1. ]
2025-12-04 19:25:33.835 | INFO | 249  > Iter:188|loss:0.032867252826690674
2025-12-04 19:25:33.997 | INFO | 284  > Evaluate 188|OA:0.89375|MACC:0.8937499999999999|Kappa:0.8866666666666667|MIOU:0.8147841741591741|IOU:[0.71428571 0.5        0.90909091 1.         0.90909091 0.76923077
 0.66666667 0.7        0.81818182 1.         0.8        0.9
 0.75       0.9        0.7        1.        ]|ACC:[1.  0.5 1.  1.  1.  1.  1.  0.7 0.9 1.  0.8 0.9 0.9 0.9 0.7 1. ]
2025-12-04 19:25:34.715 | INFO | 249  > Iter:189|loss:0.03236651420593262
2025-12-04 19:25:34.877 | INFO | 284  > Evaluate 189|OA:0.89375|MACC:0.8937499999999999|Kappa:0.8866666666666667|MIOU:0.8147841741591741|IOU:[0.71428571 0.5        0.90909091 1.         0.90909091 0.76923077
 0.66666667 0.7        0.81818182 1.         0.8        0.9
 0.75       0.9        0.7        1.        ]|ACC:[1.  0.5 1.  1.  1.  1.  1.  0.7 0.9 1.  0.8 0.9 0.9 0.9 0.7 1. ]
2025-12-04 19:25:35.594 | INFO | 249  > Iter:190|loss:0.03187022730708122
2025-12-04 19:25:35.756 | INFO | 284  > Evaluate 190|OA:0.89375|MACC:0.8937499999999999|Kappa:0.8866666666666667|MIOU:0.8147841741591741|IOU:[0.71428571 0.5        0.90909091 1.         0.90909091 0.76923077
 0.66666667 0.7        0.81818182 1.         0.8        0.9
 0.75       0.9        0.7        1.        ]|ACC:[1.  0.5 1.  1.  1.  1.  1.  0.7 0.9 1.  0.8 0.9 0.9 0.9 0.7 1. ]
2025-12-04 19:25:36.473 | INFO | 249  > Iter:191|loss:0.0313863530755043
2025-12-04 19:25:36.635 | INFO | 284  > Evaluate 191|OA:0.89375|MACC:0.8937499999999999|Kappa:0.8866666666666667|MIOU:0.8147841741591741|IOU:[0.71428571 0.5        0.90909091 1.         0.90909091 0.76923077
 0.66666667 0.7        0.81818182 1.         0.8        0.9
 0.75       0.9        0.7        1.        ]|ACC:[1.  0.5 1.  1.  1.  1.  1.  0.7 0.9 1.  0.8 0.9 0.9 0.9 0.7 1. ]
2025-12-04 19:25:37.353 | INFO | 249  > Iter:192|loss:0.03091835230588913
2025-12-04 19:25:37.515 | INFO | 284  > Evaluate 192|OA:0.89375|MACC:0.8937499999999999|Kappa:0.8866666666666667|MIOU:0.8147841741591741|IOU:[0.71428571 0.5        0.90909091 1.         0.90909091 0.76923077
 0.66666667 0.7        0.81818182 1.         0.8        0.9
 0.75       0.9        0.7        1.        ]|ACC:[1.  0.5 1.  1.  1.  1.  1.  0.7 0.9 1.  0.8 0.9 0.9 0.9 0.7 1. ]
2025-12-04 19:25:38.232 | INFO | 249  > Iter:193|loss:0.030459269881248474
2025-12-04 19:25:38.394 | INFO | 284  > Evaluate 193|OA:0.89375|MACC:0.8937499999999999|Kappa:0.8866666666666667|MIOU:0.8147841741591741|IOU:[0.71428571 0.5        0.90909091 1.         0.90909091 0.76923077
 0.66666667 0.7        0.81818182 1.         0.8        0.9
 0.75       0.9        0.7        1.        ]|ACC:[1.  0.5 1.  1.  1.  1.  1.  0.7 0.9 1.  0.8 0.9 0.9 0.9 0.7 1. ]
2025-12-04 19:25:39.171 | INFO | 249  > Iter:194|loss:0.030008547008037567
2025-12-04 19:25:39.333 | INFO | 284  > Evaluate 194|OA:0.89375|MACC:0.8937499999999999|Kappa:0.8866666666666667|MIOU:0.8147841741591741|IOU:[0.71428571 0.5        0.90909091 1.         0.90909091 0.76923077
 0.66666667 0.7        0.81818182 1.         0.8        0.9
 0.75       0.9        0.7        1.        ]|ACC:[1.  0.5 1.  1.  1.  1.  1.  0.7 0.9 1.  0.8 0.9 0.9 0.9 0.7 1. ]
2025-12-04 19:25:40.051 | INFO | 249  > Iter:195|loss:0.02956981584429741
2025-12-04 19:25:40.213 | INFO | 284  > Evaluate 195|OA:0.89375|MACC:0.8937499999999999|Kappa:0.8866666666666667|MIOU:0.8147841741591741|IOU:[0.71428571 0.5        0.90909091 1.         0.90909091 0.76923077
 0.66666667 0.7        0.81818182 1.         0.8        0.9
 0.75       0.9        0.7        1.        ]|ACC:[1.  0.5 1.  1.  1.  1.  1.  0.7 0.9 1.  0.8 0.9 0.9 0.9 0.7 1. ]
2025-12-04 19:25:40.932 | INFO | 249  > Iter:196|loss:0.02914218232035637
2025-12-04 19:25:41.094 | INFO | 284  > Evaluate 196|OA:0.89375|MACC:0.8937499999999999|Kappa:0.8866666666666667|MIOU:0.8147841741591741|IOU:[0.71428571 0.5        0.90909091 1.         0.90909091 0.76923077
 0.66666667 0.7        0.81818182 1.         0.8        0.9
 0.75       0.9        0.7        1.        ]|ACC:[1.  0.5 1.  1.  1.  1.  1.  0.7 0.9 1.  0.8 0.9 0.9 0.9 0.7 1. ]
2025-12-04 19:25:41.812 | INFO | 249  > Iter:197|loss:0.02872573584318161
2025-12-04 19:25:41.974 | INFO | 284  > Evaluate 197|OA:0.89375|MACC:0.8937499999999999|Kappa:0.8866666666666667|MIOU:0.8147841741591741|IOU:[0.71428571 0.5        0.90909091 1.         0.90909091 0.76923077
 0.66666667 0.7        0.81818182 1.         0.8        0.9
 0.75       0.9        0.7        1.        ]|ACC:[1.  0.5 1.  1.  1.  1.  1.  0.7 0.9 1.  0.8 0.9 0.9 0.9 0.7 1. ]
2025-12-04 19:25:42.691 | INFO | 249  > Iter:198|loss:0.028312329202890396
2025-12-04 19:25:42.853 | INFO | 284  > Evaluate 198|OA:0.89375|MACC:0.8937499999999999|Kappa:0.8866666666666667|MIOU:0.8147841741591741|IOU:[0.71428571 0.5        0.90909091 1.         0.90909091 0.76923077
 0.66666667 0.7        0.81818182 1.         0.8        0.9
 0.75       0.9        0.7        1.        ]|ACC:[1.  0.5 1.  1.  1.  1.  1.  0.7 0.9 1.  0.8 0.9 0.9 0.9 0.7 1. ]
2025-12-04 19:25:43.571 | INFO | 249  > Iter:199|loss:0.027908403426408768
2025-12-04 19:25:43.733 | INFO | 284  > Evaluate 199|OA:0.89375|MACC:0.8937499999999999|Kappa:0.8866666666666667|MIOU:0.8147841741591741|IOU:[0.71428571 0.5        0.90909091 1.         0.90909091 0.76923077
 0.66666667 0.7        0.81818182 1.         0.8        0.9
 0.75       0.9        0.7        1.        ]|ACC:[1.  0.5 1.  1.  1.  1.  1.  0.7 0.9 1.  0.8 0.9 0.9 0.9 0.7 1. ]
2025-12-04 19:25:43.792 | INFO | 416  > 
====================Mean result of 1 times runs =========================
2025-12-04 19:25:43.793 | INFO | 421  > List of OA:
2025-12-04 19:25:43.793 | INFO | 422  > List of AA:
2025-12-04 19:25:43.793 | INFO | 423  > List of KPP:
2025-12-04 19:25:43.794 | INFO | 424  > OA=
2025-12-04 19:25:43.794 | INFO | 427  > AA=
2025-12-04 19:25:43.794 | INFO | 430  > Kpp=
2025-12-04 19:25:43.794 | INFO | 433  > Acc per class=
2025-12-04 19:25:43.794 | INFO | 440  > Average training time=
2025-12-04 19:25:43.794 | INFO | 446  > Average testing time=
