2025-12-04 19:32:27.441 | INFO | 126  > MambaHSI_HanChuan
2025-12-04 19:32:30.933 | INFO | 202  > MambaHSI(
  (patch_embedding): Sequential(
    (0): Conv2d(274, 128, kernel_size=(1, 1), stride=(1, 1))
    (1): GroupNorm(4, 128, eps=1e-05, affine=True)
    (2): SiLU()
  )
  (mamba): Sequential(
    (0): BothMamba(
      (softmax): Softmax(dim=0)
      (spa_mamba): SpaMamba(
        (mamba): Mamba(
          (in_proj): Linear(in_features=128, out_features=512, bias=False)
          (conv1d): Conv1d(256, 256, kernel_size=(4,), stride=(1,), padding=(3,), groups=256)
          (act): SiLU()
          (x_proj): Linear(in_features=256, out_features=40, bias=False)
          (dt_proj): Linear(in_features=8, out_features=256, bias=True)
          (out_proj): Linear(in_features=256, out_features=128, bias=False)
        )
        (proj): Sequential(
          (0): GroupNorm(4, 128, eps=1e-05, affine=True)
          (1): SiLU()
        )
      )
      (spe_mamba): SpeMamba(
        (mamba): Mamba(
          (in_proj): Linear(in_features=32, out_features=128, bias=False)
          (conv1d): Conv1d(64, 64, kernel_size=(4,), stride=(1,), padding=(3,), groups=64)
          (act): SiLU()
          (x_proj): Linear(in_features=64, out_features=34, bias=False)
          (dt_proj): Linear(in_features=2, out_features=64, bias=True)
          (out_proj): Linear(in_features=64, out_features=32, bias=False)
        )
        (proj): Sequential(
          (0): GroupNorm(4, 128, eps=1e-05, affine=True)
          (1): SiLU()
        )
      )
    )
    (1): AvgPool2d(kernel_size=2, stride=2, padding=0)
    (2): BothMamba(
      (softmax): Softmax(dim=0)
      (spa_mamba): SpaMamba(
        (mamba): Mamba(
          (in_proj): Linear(in_features=128, out_features=512, bias=False)
          (conv1d): Conv1d(256, 256, kernel_size=(4,), stride=(1,), padding=(3,), groups=256)
          (act): SiLU()
          (x_proj): Linear(in_features=256, out_features=40, bias=False)
          (dt_proj): Linear(in_features=8, out_features=256, bias=True)
          (out_proj): Linear(in_features=256, out_features=128, bias=False)
        )
        (proj): Sequential(
          (0): GroupNorm(4, 128, eps=1e-05, affine=True)
          (1): SiLU()
        )
      )
      (spe_mamba): SpeMamba(
        (mamba): Mamba(
          (in_proj): Linear(in_features=32, out_features=128, bias=False)
          (conv1d): Conv1d(64, 64, kernel_size=(4,), stride=(1,), padding=(3,), groups=64)
          (act): SiLU()
          (x_proj): Linear(in_features=64, out_features=34, bias=False)
          (dt_proj): Linear(in_features=2, out_features=64, bias=True)
          (out_proj): Linear(in_features=64, out_features=32, bias=False)
        )
        (proj): Sequential(
          (0): GroupNorm(4, 128, eps=1e-05, affine=True)
          (1): SiLU()
        )
      )
    )
    (3): AvgPool2d(kernel_size=2, stride=2, padding=0)
    (4): BothMamba(
      (softmax): Softmax(dim=0)
      (spa_mamba): SpaMamba(
        (mamba): Mamba(
          (in_proj): Linear(in_features=128, out_features=512, bias=False)
          (conv1d): Conv1d(256, 256, kernel_size=(4,), stride=(1,), padding=(3,), groups=256)
          (act): SiLU()
          (x_proj): Linear(in_features=256, out_features=40, bias=False)
          (dt_proj): Linear(in_features=8, out_features=256, bias=True)
          (out_proj): Linear(in_features=256, out_features=128, bias=False)
        )
        (proj): Sequential(
          (0): GroupNorm(4, 128, eps=1e-05, affine=True)
          (1): SiLU()
        )
      )
      (spe_mamba): SpeMamba(
        (mamba): Mamba(
          (in_proj): Linear(in_features=32, out_features=128, bias=False)
          (conv1d): Conv1d(64, 64, kernel_size=(4,), stride=(1,), padding=(3,), groups=64)
          (act): SiLU()
          (x_proj): Linear(in_features=64, out_features=34, bias=False)
          (dt_proj): Linear(in_features=2, out_features=64, bias=True)
          (out_proj): Linear(in_features=64, out_features=32, bias=False)
        )
        (proj): Sequential(
          (0): GroupNorm(4, 128, eps=1e-05, affine=True)
          (1): SiLU()
        )
      )
    )
  )
  (cls_head): Sequential(
    (0): Conv2d(128, 128, kernel_size=(1, 1), stride=(1, 1))
    (1): GroupNorm(4, 128, eps=1e-05, affine=True)
    (2): SiLU()
    (3): Conv2d(128, 16, kernel_size=(1, 1), stride=(1, 1))
  )
)
2025-12-04 19:32:31.230 | INFO | 219  > Adam (
Parameter Group 0
    amsgrad: False
    betas: (0.9, 0.999)
    capturable: False
    decoupled_weight_decay: False
    differentiable: False
    eps: 1e-08
    foreach: None
    fused: None
    lr: 0.0003
    maximize: False
    weight_decay: 0
)
2025-12-04 19:32:32.309 | DEBUG | 249  > epoch 0
2025-12-04 19:32:32.309 | DEBUG | 250  > loss 5.949802398681641
2025-12-04 19:32:32.472 | DEBUG | 286  > OA: 0.10625 | mAcc: 0.10625000000000001 | Kappa: 0.04666666666666666 | mIOU: 0.03035208584900236
2025-12-04 19:32:32.472 | DEBUG | 287  > Acc: [0.  0.3 0.1 0.  0.  0.  0.  0.1 0.  0.  0.  0.  0.4 0.8 0.  0. ]
2025-12-04 19:32:32.473 | DEBUG | 288  > IOU: [0.0, 0.0967741935483871, 0.06666666666666667, 0.0, 0.0, 0.0, 0.0, 0.08333333333333333, 0.0, 0.0, 0.0, 0.0, 0.11764705882352941, 0.12121212121212122, 0.0, 0.0]
2025-12-04 19:32:32.473 | INFO | 289  > Epoch 0| OA 0.10625| mAcc 0.10625000000000001| Kappa 0.04666666666666666| mIOU 0.03035208584900236
2025-12-04 19:32:33.194 | DEBUG | 249  > epoch 1
2025-12-04 19:32:33.194 | DEBUG | 250  > loss 5.459717273712158
2025-12-04 19:32:33.355 | DEBUG | 286  > OA: 0.14375 | mAcc: 0.14375 | Kappa: 0.08666666666666666 | mIOU: 0.0520538271844242
2025-12-04 19:32:33.355 | DEBUG | 287  > Acc: [0.  0.5 0.1 0.  0.  0.  0.  0.2 0.  0.3 0.  0.  0.2 1.  0.  0. ]
2025-12-04 19:32:33.355 | DEBUG | 288  > IOU: [0.0, 0.07936507936507936, 0.09090909090909091, 0.0, 0.0, 0.0, 0.0, 0.13333333333333333, 0.0, 0.3, 0.0, 0.0, 0.08, 0.14925373134328357, 0.0, 0.0]
2025-12-04 19:32:33.355 | INFO | 289  > Epoch 1| OA 0.14375| mAcc 0.14375| Kappa 0.08666666666666666| mIOU 0.0520538271844242
2025-12-04 19:32:34.077 | DEBUG | 249  > epoch 2
2025-12-04 19:32:34.077 | DEBUG | 250  > loss 5.220757007598877
2025-12-04 19:32:34.238 | DEBUG | 286  > OA: 0.16875 | mAcc: 0.16874999999999998 | Kappa: 0.11333333333333334 | mIOU: 0.04691109780097545
2025-12-04 19:32:34.239 | DEBUG | 287  > Acc: [0.  0.3 0.  0.  0.  0.  0.  0.8 0.  0.  0.  0.  0.  1.  0.6 0. ]
2025-12-04 19:32:34.239 | DEBUG | 288  > IOU: [0.0, 0.07692307692307693, 0.0, 0.0, 0.0, 0.0, 0.0, 0.3076923076923077, 0.0, 0.0, 0.0, 0.0, 0.0, 0.1724137931034483, 0.1935483870967742, 0.0]
2025-12-04 19:32:34.239 | INFO | 289  > Epoch 2| OA 0.16875| mAcc 0.16874999999999998| Kappa 0.11333333333333334| mIOU 0.04691109780097545
2025-12-04 19:32:34.960 | DEBUG | 249  > epoch 3
2025-12-04 19:32:34.960 | DEBUG | 250  > loss 5.062968730926514
2025-12-04 19:32:35.121 | DEBUG | 286  > OA: 0.175 | mAcc: 0.17500000000000002 | Kappa: 0.11999999999999998 | mIOU: 0.0421005817376488
2025-12-04 19:32:35.121 | DEBUG | 287  > Acc: [0.  0.1 0.  0.  0.  0.  0.  0.9 0.  0.  0.  0.  0.1 1.  0.7 0. ]
2025-12-04 19:32:35.121 | DEBUG | 288  > IOU: [0.0, 0.07142857142857142, 0.0, 0.0, 0.0, 0.0, 0.0, 0.1956521739130435, 0.0, 0.0, 0.0, 0.0, 0.037037037037037035, 0.1694915254237288, 0.2, 0.0]
2025-12-04 19:32:35.121 | INFO | 289  > Epoch 3| OA 0.175| mAcc 0.17500000000000002| Kappa 0.11999999999999998| mIOU 0.0421005817376488
