2025-12-04 19:28:54.876 | INFO | 126  > MambaHSI_HanChuan
2025-12-04 19:28:58.412 | INFO | 202  > MambaHSI(
  (patch_embedding): Sequential(
    (0): Conv2d(274, 128, kernel_size=(1, 1), stride=(1, 1))
    (1): GroupNorm(4, 128, eps=1e-05, affine=True)
    (2): SiLU()
  )
  (mamba): Sequential(
    (0): BothMamba(
      (softmax): Softmax(dim=0)
      (spa_mamba): SpaMamba(
        (mamba): Mamba(
          (in_proj): Linear(in_features=128, out_features=512, bias=False)
          (conv1d): Conv1d(256, 256, kernel_size=(4,), stride=(1,), padding=(3,), groups=256)
          (act): SiLU()
          (x_proj): Linear(in_features=256, out_features=40, bias=False)
          (dt_proj): Linear(in_features=8, out_features=256, bias=True)
          (out_proj): Linear(in_features=256, out_features=128, bias=False)
        )
        (proj): Sequential(
          (0): GroupNorm(4, 128, eps=1e-05, affine=True)
          (1): SiLU()
        )
      )
      (spe_mamba): SpeMamba(
        (mamba): Mamba(
          (in_proj): Linear(in_features=32, out_features=128, bias=False)
          (conv1d): Conv1d(64, 64, kernel_size=(4,), stride=(1,), padding=(3,), groups=64)
          (act): SiLU()
          (x_proj): Linear(in_features=64, out_features=34, bias=False)
          (dt_proj): Linear(in_features=2, out_features=64, bias=True)
          (out_proj): Linear(in_features=64, out_features=32, bias=False)
        )
        (proj): Sequential(
          (0): GroupNorm(4, 128, eps=1e-05, affine=True)
          (1): SiLU()
        )
      )
    )
    (1): AvgPool2d(kernel_size=2, stride=2, padding=0)
    (2): BothMamba(
      (softmax): Softmax(dim=0)
      (spa_mamba): SpaMamba(
        (mamba): Mamba(
          (in_proj): Linear(in_features=128, out_features=512, bias=False)
          (conv1d): Conv1d(256, 256, kernel_size=(4,), stride=(1,), padding=(3,), groups=256)
          (act): SiLU()
          (x_proj): Linear(in_features=256, out_features=40, bias=False)
          (dt_proj): Linear(in_features=8, out_features=256, bias=True)
          (out_proj): Linear(in_features=256, out_features=128, bias=False)
        )
        (proj): Sequential(
          (0): GroupNorm(4, 128, eps=1e-05, affine=True)
          (1): SiLU()
        )
      )
      (spe_mamba): SpeMamba(
        (mamba): Mamba(
          (in_proj): Linear(in_features=32, out_features=128, bias=False)
          (conv1d): Conv1d(64, 64, kernel_size=(4,), stride=(1,), padding=(3,), groups=64)
          (act): SiLU()
          (x_proj): Linear(in_features=64, out_features=34, bias=False)
          (dt_proj): Linear(in_features=2, out_features=64, bias=True)
          (out_proj): Linear(in_features=64, out_features=32, bias=False)
        )
        (proj): Sequential(
          (0): GroupNorm(4, 128, eps=1e-05, affine=True)
          (1): SiLU()
        )
      )
    )
    (3): AvgPool2d(kernel_size=2, stride=2, padding=0)
    (4): BothMamba(
      (softmax): Softmax(dim=0)
      (spa_mamba): SpaMamba(
        (mamba): Mamba(
          (in_proj): Linear(in_features=128, out_features=512, bias=False)
          (conv1d): Conv1d(256, 256, kernel_size=(4,), stride=(1,), padding=(3,), groups=256)
          (act): SiLU()
          (x_proj): Linear(in_features=256, out_features=40, bias=False)
          (dt_proj): Linear(in_features=8, out_features=256, bias=True)
          (out_proj): Linear(in_features=256, out_features=128, bias=False)
        )
        (proj): Sequential(
          (0): GroupNorm(4, 128, eps=1e-05, affine=True)
          (1): SiLU()
        )
      )
      (spe_mamba): SpeMamba(
        (mamba): Mamba(
          (in_proj): Linear(in_features=32, out_features=128, bias=False)
          (conv1d): Conv1d(64, 64, kernel_size=(4,), stride=(1,), padding=(3,), groups=64)
          (act): SiLU()
          (x_proj): Linear(in_features=64, out_features=34, bias=False)
          (dt_proj): Linear(in_features=2, out_features=64, bias=True)
          (out_proj): Linear(in_features=64, out_features=32, bias=False)
        )
        (proj): Sequential(
          (0): GroupNorm(4, 128, eps=1e-05, affine=True)
          (1): SiLU()
        )
      )
    )
  )
  (cls_head): Sequential(
    (0): Conv2d(128, 128, kernel_size=(1, 1), stride=(1, 1))
    (1): GroupNorm(4, 128, eps=1e-05, affine=True)
    (2): SiLU()
    (3): Conv2d(128, 16, kernel_size=(1, 1), stride=(1, 1))
  )
)
2025-12-04 19:28:58.693 | INFO | 219  > Adam (
Parameter Group 0
    amsgrad: False
    betas: (0.9, 0.999)
    capturable: False
    decoupled_weight_decay: False
    differentiable: False
    eps: 1e-08
    foreach: None
    fused: None
    lr: 0.0003
    maximize: False
    weight_decay: 0
)
2025-12-04 19:28:59.761 | INFO | 249  > -- Epoch 0 --
2025-12-04 19:28:59.762 | INFO | 250  > loss: 5.949803352355957
2025-12-04 19:28:59.925 | INFO | 285  > OA: 0.10625 | mAcc: 0.10625000000000001 | Kappa: 0.04666666666666666 | mIOU: 0.03035208584900236
2025-12-04 19:28:59.925 | INFO | 286  > Acc: [0.  0.3 0.1 0.  0.  0.  0.  0.1 0.  0.  0.  0.  0.4 0.8 0.  0. ]
2025-12-04 19:28:59.925 | INFO | 287  > IOU: [0.0, 0.0967741935483871, 0.06666666666666667, 0.0, 0.0, 0.0, 0.0, 0.08333333333333333, 0.0, 0.0, 0.0, 0.0, 0.11764705882352941, 0.12121212121212122, 0.0, 0.0]
2025-12-04 19:29:00.646 | INFO | 249  > -- Epoch 1 --
2025-12-04 19:29:00.646 | INFO | 250  > loss: 5.459718704223633
2025-12-04 19:29:00.807 | INFO | 285  > OA: 0.14375 | mAcc: 0.14375 | Kappa: 0.08666666666666666 | mIOU: 0.0520538271844242
2025-12-04 19:29:00.807 | INFO | 286  > Acc: [0.  0.5 0.1 0.  0.  0.  0.  0.2 0.  0.3 0.  0.  0.2 1.  0.  0. ]
2025-12-04 19:29:00.807 | INFO | 287  > IOU: [0.0, 0.07936507936507936, 0.09090909090909091, 0.0, 0.0, 0.0, 0.0, 0.13333333333333333, 0.0, 0.3, 0.0, 0.0, 0.08, 0.14925373134328357, 0.0, 0.0]
2025-12-04 19:29:01.565 | INFO | 249  > -- Epoch 2 --
2025-12-04 19:29:01.565 | INFO | 250  > loss: 5.220757007598877
2025-12-04 19:29:01.734 | INFO | 285  > OA: 0.16875 | mAcc: 0.16874999999999998 | Kappa: 0.11333333333333334 | mIOU: 0.04691109780097545
2025-12-04 19:29:01.734 | INFO | 286  > Acc: [0.  0.3 0.  0.  0.  0.  0.  0.8 0.  0.  0.  0.  0.  1.  0.6 0. ]
2025-12-04 19:29:01.734 | INFO | 287  > IOU: [0.0, 0.07692307692307693, 0.0, 0.0, 0.0, 0.0, 0.0, 0.3076923076923077, 0.0, 0.0, 0.0, 0.0, 0.0, 0.1724137931034483, 0.1935483870967742, 0.0]
2025-12-04 19:29:02.467 | INFO | 249  > -- Epoch 3 --
2025-12-04 19:29:02.467 | INFO | 250  > loss: 5.062966823577881
2025-12-04 19:29:02.627 | INFO | 285  > OA: 0.175 | mAcc: 0.17500000000000002 | Kappa: 0.11999999999999998 | mIOU: 0.0421005817376488
2025-12-04 19:29:02.628 | INFO | 286  > Acc: [0.  0.1 0.  0.  0.  0.  0.  0.9 0.  0.  0.  0.  0.1 1.  0.7 0. ]
2025-12-04 19:29:02.628 | INFO | 287  > IOU: [0.0, 0.07142857142857142, 0.0, 0.0, 0.0, 0.0, 0.0, 0.1956521739130435, 0.0, 0.0, 0.0, 0.0, 0.037037037037037035, 0.1694915254237288, 0.2, 0.0]
2025-12-04 19:29:03.349 | INFO | 249  > -- Epoch 4 --
2025-12-04 19:29:03.349 | INFO | 250  > loss: 4.947689056396484
2025-12-04 19:29:03.509 | INFO | 285  > OA: 0.18125 | mAcc: 0.18125000000000002 | Kappa: 0.12666666666666665 | mIOU: 0.04700442818883598
2025-12-04 19:29:03.510 | INFO | 286  > Acc: [0.2 0.  0.  0.  0.  0.  0.  0.9 0.  0.  0.  0.  0.1 1.  0.7 0. ]
2025-12-04 19:29:03.510 | INFO | 287  > IOU: [0.15384615384615385, 0.0, 0.0, 0.0, 0.0, 0.0, 0.0, 0.1956521739130435, 0.0, 0.0, 0.0, 0.0, 0.03571428571428571, 0.1724137931034483, 0.19444444444444445, 0.0]
2025-12-04 19:29:04.230 | INFO | 249  > -- Epoch 5 --
2025-12-04 19:29:04.231 | INFO | 250  > loss: 4.855165004730225
2025-12-04 19:29:04.392 | INFO | 285  > OA: 0.19375 | mAcc: 0.19375 | Kappa: 0.14 | mIOU: 0.05908973101221786
2025-12-04 19:29:04.392 | INFO | 286  > Acc: [0.4 0.1 0.  0.  0.  0.  0.  0.9 0.  0.  0.  0.  0.1 1.  0.6 0. ]
2025-12-04 19:29:04.392 | INFO | 287  > IOU: [0.25, 0.08333333333333333, 0.0, 0.0, 0.0, 0.0, 0.0, 0.2, 0.0, 0.0, 0.0, 0.0, 0.03571428571428571, 0.1694915254237288, 0.20689655172413793, 0.0]
2025-12-04 19:29:05.113 | INFO | 249  > -- Epoch 6 --
2025-12-04 19:29:05.114 | INFO | 250  > loss: 4.774130821228027
2025-12-04 19:29:05.274 | INFO | 285  > OA: 0.24375 | mAcc: 0.24375 | Kappa: 0.19333333333333333 | mIOU: 0.1009303369189844
2025-12-04 19:29:05.275 | INFO | 286  > Acc: [0.5 0.  0.  1.  0.  0.  0.  0.6 0.  0.  0.  0.  0.1 1.  0.7 0. ]
2025-12-04 19:29:05.275 | INFO | 287  > IOU: [0.23809523809523808, 0.0, 0.0, 0.21739130434782608, 0.0, 0.0, 0.0, 0.4, 0.0, 0.0, 0.0, 0.0, 0.03225806451612903, 0.18867924528301888, 0.5384615384615384, 0.0]
2025-12-04 19:29:05.996 | INFO | 249  > -- Epoch 7 --
2025-12-04 19:29:05.996 | INFO | 250  > loss: 4.701672554016113
2025-12-04 19:29:06.157 | INFO | 285  > OA: 0.24375 | mAcc: 0.24375000000000002 | Kappa: 0.19333333333333333 | mIOU: 0.0980170265780731
2025-12-04 19:29:06.158 | INFO | 286  > Acc: [0.8 0.  0.  1.  0.  0.  0.  0.4 0.  0.  0.  0.  0.  1.  0.7 0. ]
2025-12-04 19:29:06.158 | INFO | 287  > IOU: [0.26666666666666666, 0.0, 0.0, 0.2, 0.0, 0.0, 0.0, 0.2857142857142857, 0.0, 0.0, 0.0, 0.0, 0.0, 0.23255813953488372, 0.5833333333333334, 0.0]
2025-12-04 19:29:06.898 | INFO | 249  > -- Epoch 8 --
2025-12-04 19:29:06.899 | INFO | 250  > loss: 4.632786750793457
2025-12-04 19:29:07.059 | INFO | 285  > OA: 0.25 | mAcc: 0.25 | Kappa: 0.2 | mIOU: 0.10955725821797249
2025-12-04 19:29:07.060 | INFO | 286  > Acc: [0.8 0.  0.  1.  0.1 0.  0.  0.4 0.  0.  0.  0.  0.  1.  0.7 0. ]
2025-12-04 19:29:07.060 | INFO | 287  > IOU: [0.24242424242424243, 0.0, 0.0, 0.20408163265306123, 0.1, 0.0, 0.0, 0.25, 0.0, 0.0, 0.0, 0.0, 0.0, 0.2564102564102564, 0.7, 0.0]
2025-12-04 19:29:07.783 | INFO | 249  > -- Epoch 9 --
2025-12-04 19:29:07.783 | INFO | 250  > loss: 4.562856674194336
2025-12-04 19:29:07.944 | INFO | 285  > OA: 0.26875 | mAcc: 0.26875 | Kappa: 0.22 | mIOU: 0.12618189102564104
2025-12-04 19:29:07.944 | INFO | 286  > Acc: [0.8 0.  0.  1.  0.3 0.  0.  0.5 0.  0.  0.  0.  0.  1.  0.7 0. ]
2025-12-04 19:29:07.944 | INFO | 287  > IOU: [0.25, 0.0, 0.0, 0.22727272727272727, 0.2727272727272727, 0.0, 0.0, 0.3125, 0.0, 0.0, 0.0, 0.0, 0.0, 0.2564102564102564, 0.7, 0.0]
2025-12-04 19:29:08.665 | INFO | 249  > -- Epoch 10 --
2025-12-04 19:29:08.665 | INFO | 250  > loss: 4.493112564086914
2025-12-04 19:29:08.827 | INFO | 285  > OA: 0.29375 | mAcc: 0.29375 | Kappa: 0.24666666666666667 | mIOU: 0.14635234557109555
2025-12-04 19:29:08.827 | INFO | 286  > Acc: [0.8 0.1 0.  0.9 0.6 0.  0.  0.6 0.  0.  0.  0.  0.  1.  0.7 0. ]
2025-12-04 19:29:08.827 | INFO | 287  > IOU: [0.25, 0.0625, 0.0, 0.2727272727272727, 0.5, 0.0, 0.0, 0.3, 0.0, 0.0, 0.0, 0.0, 0.0, 0.2564102564102564, 0.7, 0.0]
2025-12-04 19:29:09.548 | INFO | 249  > -- Epoch 11 --
2025-12-04 19:29:09.548 | INFO | 250  > loss: 4.424925327301025
2025-12-04 19:29:09.710 | INFO | 285  > OA: 0.30625 | mAcc: 0.30625 | Kappa: 0.26 | mIOU: 0.16139202033598585
2025-12-04 19:29:09.710 | INFO | 286  > Acc: [0.8 0.3 0.  0.8 0.7 0.  0.  0.5 0.  0.1 0.  0.  0.  1.  0.7 0. ]
2025-12-04 19:29:09.710 | INFO | 287  > IOU: [0.25, 0.16666666666666666, 0.0, 0.27586206896551724, 0.5833333333333334, 0.0, 0.0, 0.25, 0.0, 0.1, 0.0, 0.0, 0.0, 0.2564102564102564, 0.7, 0.0]
2025-12-04 19:29:10.432 | INFO | 249  > -- Epoch 12 --
2025-12-04 19:29:10.432 | INFO | 250  > loss: 4.357224941253662
2025-12-04 19:29:10.592 | INFO | 285  > OA: 0.3125 | mAcc: 0.3125 | Kappa: 0.26666666666666666 | mIOU: 0.16913154662861296
2025-12-04 19:29:10.593 | INFO | 286  > Acc: [0.8 0.3 0.  0.8 0.7 0.  0.  0.5 0.  0.2 0.  0.  0.  1.  0.7 0. ]
2025-12-04 19:29:10.593 | INFO | 287  > IOU: [0.24242424242424243, 0.15789473684210525, 0.0, 0.25806451612903225, 0.5833333333333334, 0.0, 0.0, 0.29411764705882354, 0.0, 0.2, 0.0, 0.0, 0.0, 0.2702702702702703, 0.7, 0.0]
2025-12-04 19:29:11.313 | INFO | 249  > -- Epoch 13 --
2025-12-04 19:29:11.313 | INFO | 250  > loss: 4.289274215698242
2025-12-04 19:29:11.474 | INFO | 285  > OA: 0.30625 | mAcc: 0.30625 | Kappa: 0.26 | mIOU: 0.16598256434508368
2025-12-04 19:29:11.475 | INFO | 286  > Acc: [0.8 0.3 0.  0.9 0.7 0.  0.  0.3 0.  0.2 0.  0.  0.  1.  0.7 0. ]
2025-12-04 19:29:11.475 | INFO | 287  > IOU: [0.23529411764705882, 0.15789473684210525, 0.0, 0.32142857142857145, 0.5833333333333334, 0.0, 0.0, 0.1875, 0.0, 0.2, 0.0, 0.0, 0.0, 0.2702702702702703, 0.7, 0.0]
2025-12-04 19:29:12.191 | INFO | 249  > -- Epoch 14 --
2025-12-04 19:29:12.191 | INFO | 250  > loss: 4.220896244049072
2025-12-04 19:29:12.352 | INFO | 285  > OA: 0.35 | mAcc: 0.35 | Kappa: 0.30666666666666664 | mIOU: 0.20062490214144627
2025-12-04 19:29:12.352 | INFO | 286  > Acc: [0.8 0.3 0.3 1.  0.7 0.1 0.  0.3 0.  0.3 0.  0.  0.1 1.  0.7 0. ]
2025-12-04 19:29:12.352 | INFO | 287  > IOU: [0.24242424242424243, 0.17647058823529413, 0.1875, 0.4166666666666667, 0.5833333333333334, 0.08333333333333333, 0.0, 0.21428571428571427, 0.0, 0.3, 0.0, 0.0, 0.03571428571428571, 0.2702702702702703, 0.7, 0.0]
2025-12-04 19:29:13.094 | INFO | 249  > -- Epoch 15 --
2025-12-04 19:29:13.094 | INFO | 250  > loss: 4.151484489440918
2025-12-04 19:29:13.264 | INFO | 285  > OA: 0.375 | mAcc: 0.375 | Kappa: 0.3333333333333333 | mIOU: 0.21999517155283407
2025-12-04 19:29:13.264 | INFO | 286  > Acc: [0.8 0.3 0.5 1.  0.8 0.2 0.  0.3 0.  0.3 0.  0.  0.1 1.  0.7 0. ]
2025-12-04 19:29:13.264 | INFO | 287  > IOU: [0.25, 0.17647058823529413, 0.2777777777777778, 0.5263157894736842, 0.6153846153846154, 0.16666666666666666, 0.0, 0.2, 0.0, 0.3, 0.0, 0.0, 0.037037037037037035, 0.2702702702702703, 0.7, 0.0]
2025-12-04 19:29:14.010 | INFO | 249  > -- Epoch 16 --
2025-12-04 19:29:14.010 | INFO | 250  > loss: 4.081662178039551
2025-12-04 19:29:14.171 | INFO | 285  > OA: 0.3875 | mAcc: 0.38749999999999996 | Kappa: 0.3466666666666667 | mIOU: 0.23521124844654256
2025-12-04 19:29:14.171 | INFO | 286  > Acc: [0.8 0.3 0.7 1.  0.8 0.2 0.  0.3 0.  0.3 0.  0.  0.1 1.  0.7 0. ]
2025-12-04 19:29:14.171 | INFO | 287  > IOU: [0.24242424242424243, 0.17647058823529413, 0.3333333333333333, 0.7142857142857143, 0.6153846153846154, 0.16666666666666666, 0.0, 0.2, 0.0, 0.3, 0.0, 0.0, 0.037037037037037035, 0.2777777777777778, 0.7, 0.0]
2025-12-04 19:29:14.891 | INFO | 249  > -- Epoch 17 --
2025-12-04 19:29:14.891 | INFO | 250  > loss: 4.010411262512207
2025-12-04 19:29:15.052 | INFO | 285  > OA: 0.38125 | mAcc: 0.38125 | Kappa: 0.33999999999999997 | mIOU: 0.2265081459934401
2025-12-04 19:29:15.052 | INFO | 286  > Acc: [0.8 0.3 0.8 0.8 0.9 0.1 0.  0.3 0.  0.3 0.  0.  0.1 1.  0.7 0. ]
2025-12-04 19:29:15.052 | INFO | 287  > IOU: [0.24242424242424243, 0.17647058823529413, 0.3333333333333333, 0.6153846153846154, 0.6428571428571429, 0.09090909090909091, 0.0, 0.2, 0.0, 0.3, 0.0, 0.0, 0.037037037037037035, 0.2857142857142857, 0.7, 0.0]
2025-12-04 19:29:15.769 | INFO | 249  > -- Epoch 18 --
2025-12-04 19:29:15.769 | INFO | 250  > loss: 3.9365482330322266
2025-12-04 19:29:15.930 | INFO | 285  > OA: 0.4 | mAcc: 0.4 | Kappa: 0.36000000000000004 | mIOU: 0.24461712572777564
2025-12-04 19:29:15.930 | INFO | 286  > Acc: [0.8 0.3 0.7 0.8 0.9 0.1 0.2 0.3 0.  0.3 0.1 0.  0.2 1.  0.7 0. ]
2025-12-04 19:29:15.930 | INFO | 287  > IOU: [0.25806451612903225, 0.17647058823529413, 0.2916666666666667, 0.5714285714285714, 0.6428571428571429, 0.09090909090909091, 0.2, 0.21428571428571427, 0.0, 0.3, 0.1, 0.0, 0.07407407407407407, 0.29411764705882354, 0.7, 0.0]
2025-12-04 19:29:16.653 | INFO | 249  > -- Epoch 19 --
2025-12-04 19:29:16.653 | INFO | 250  > loss: 3.8608145713806152
2025-12-04 19:29:16.815 | INFO | 285  > OA: 0.4125 | mAcc: 0.4125 | Kappa: 0.3733333333333333 | mIOU: 0.2560299320777262
2025-12-04 19:29:16.815 | INFO | 286  > Acc: [0.8 0.3 0.5 1.  0.9 0.1 0.3 0.3 0.  0.3 0.1 0.  0.3 1.  0.7 0. ]
2025-12-04 19:29:16.815 | INFO | 287  > IOU: [0.32, 0.17647058823529413, 0.23809523809523808, 0.625, 0.6428571428571429, 0.08333333333333333, 0.3, 0.23076923076923078, 0.0, 0.3, 0.07692307692307693, 0.0, 0.1, 0.30303030303030304, 0.7, 0.0]
2025-12-04 19:29:17.538 | INFO | 249  > -- Epoch 20 --
2025-12-04 19:29:17.538 | INFO | 250  > loss: 3.785893201828003
2025-12-04 19:29:17.699 | INFO | 285  > OA: 0.40625 | mAcc: 0.40625 | Kappa: 0.36666666666666664 | mIOU: 0.2511486726100697
2025-12-04 19:29:17.699 | INFO | 286  > Acc: [0.8 0.3 0.5 1.  0.9 0.1 0.4 0.1 0.  0.3 0.1 0.  0.3 1.  0.7 0. ]
2025-12-04 19:29:17.699 | INFO | 287  > IOU: [0.3333333333333333, 0.16666666666666666, 0.25, 0.5882352941176471, 0.6428571428571429, 0.07692307692307693, 0.4, 0.07692307692307693, 0.0, 0.3, 0.05555555555555555, 0.0, 0.11538461538461539, 0.3125, 0.7, 0.0]
2025-12-04 19:29:18.427 | INFO | 249  > -- Epoch 21 --
2025-12-04 19:29:18.427 | INFO | 250  > loss: 3.7114830017089844
2025-12-04 19:29:18.588 | INFO | 285  > OA: 0.425 | mAcc: 0.425 | Kappa: 0.38666666666666666 | mIOU: 0.26327465559802515
2025-12-04 19:29:18.589 | INFO | 286  > Acc: [0.8 0.3 0.5 1.  0.9 0.1 0.4 0.2 0.  0.3 0.3 0.  0.3 1.  0.7 0. ]
2025-12-04 19:29:18.589 | INFO | 287  > IOU: [0.3333333333333333, 0.16666666666666666, 0.25, 0.625, 0.6428571428571429, 0.07692307692307693, 0.3333333333333333, 0.15384615384615385, 0.0, 0.3, 0.14285714285714285, 0.0, 0.13043478260869565, 0.35714285714285715, 0.7, 0.0]
2025-12-04 19:29:19.346 | INFO | 249  > -- Epoch 22 --
2025-12-04 19:29:19.347 | INFO | 250  > loss: 3.6364588737487793
2025-12-04 19:29:19.508 | INFO | 285  > OA: 0.40625 | mAcc: 0.40625 | Kappa: 0.36666666666666664 | mIOU: 0.24606801712779974
2025-12-04 19:29:19.508 | INFO | 286  > Acc: [0.8 0.3 0.5 0.8 0.9 0.  0.4 0.2 0.  0.3 0.3 0.  0.3 1.  0.7 0. ]
2025-12-04 19:29:19.508 | INFO | 287  > IOU: [0.3333333333333333, 0.16666666666666666, 0.21739130434782608, 0.5333333333333333, 0.6428571428571429, 0.0, 0.25, 0.13333333333333333, 0.0, 0.3, 0.13636363636363635, 0.0, 0.16666666666666666, 0.35714285714285715, 0.7, 0.0]
2025-12-04 19:29:20.225 | INFO | 249  > -- Epoch 23 --
2025-12-04 19:29:20.225 | INFO | 250  > loss: 3.560429573059082
2025-12-04 19:29:20.386 | INFO | 285  > OA: 0.425 | mAcc: 0.425 | Kappa: 0.38666666666666666 | mIOU: 0.2640742376496053
2025-12-04 19:29:20.386 | INFO | 286  > Acc: [0.8 0.3 0.5 0.9 0.9 0.  0.5 0.2 0.1 0.3 0.4 0.  0.3 0.9 0.7 0. ]
2025-12-04 19:29:20.387 | INFO | 287  > IOU: [0.36363636363636365, 0.17647058823529413, 0.22727272727272727, 0.6, 0.6428571428571429, 0.0, 0.29411764705882354, 0.13333333333333333, 0.1, 0.3, 0.15384615384615385, 0.0, 0.1875, 0.34615384615384615, 0.7, 0.0]
2025-12-04 19:29:21.109 | INFO | 249  > -- Epoch 24 --
2025-12-04 19:29:21.109 | INFO | 250  > loss: 3.484185218811035
2025-12-04 19:29:21.270 | INFO | 285  > OA: 0.43125 | mAcc: 0.43125 | Kappa: 0.39333333333333337 | mIOU: 0.269376480039746
2025-12-04 19:29:21.270 | INFO | 286  > Acc: [0.8 0.3 0.5 0.9 0.9 0.1 0.5 0.1 0.1 0.3 0.5 0.  0.3 0.9 0.7 0. ]
2025-12-04 19:29:21.270 | INFO | 287  > IOU: [0.38095238095238093, 0.17647058823529413, 0.2631578947368421, 0.5625, 0.6428571428571429, 0.07692307692307693, 0.2631578947368421, 0.0625, 0.1, 0.3, 0.1724137931034483, 0.0, 0.2, 0.4090909090909091, 0.7, 0.0]
2025-12-04 19:29:21.993 | INFO | 249  > -- Epoch 25 --
2025-12-04 19:29:21.993 | INFO | 250  > loss: 3.408271551132202
2025-12-04 19:29:22.155 | INFO | 285  > OA: 0.475 | mAcc: 0.475 | Kappa: 0.44 | mIOU: 0.309394227844472
2025-12-04 19:29:22.155 | INFO | 286  > Acc: [0.8 0.3 0.5 0.9 0.9 0.1 0.6 0.2 0.1 0.3 0.7 0.  0.3 0.9 0.7 0.3]
2025-12-04 19:29:22.155 | INFO | 287  > IOU: [0.4444444444444444, 0.17647058823529413, 0.2631578947368421, 0.6, 0.6428571428571429, 0.07692307692307693, 0.3157894736842105, 0.125, 0.1, 0.3, 0.2413793103448276, 0.0, 0.21428571428571427, 0.45, 0.7, 0.3]
2025-12-04 19:29:22.877 | INFO | 249  > -- Epoch 26 --
2025-12-04 19:29:22.877 | INFO | 250  > loss: 3.3312549591064453
2025-12-04 19:29:23.039 | INFO | 285  > OA: 0.5125 | mAcc: 0.5125 | Kappa: 0.4799999999999999 | mIOU: 0.3501768597114959
2025-12-04 19:29:23.039 | INFO | 286  > Acc: [0.8 0.3 0.5 0.9 0.9 0.1 0.7 0.2 0.1 0.3 0.8 0.1 0.3 0.9 0.7 0.6]
2025-12-04 19:29:23.039 | INFO | 287  > IOU: [0.5333333333333333, 0.17647058823529413, 0.2631578947368421, 0.6, 0.6428571428571429, 0.07692307692307693, 0.3684210526315789, 0.125, 0.1, 0.3, 0.26666666666666666, 0.1, 0.25, 0.5, 0.7, 0.6]
2025-12-04 19:29:23.761 | INFO | 249  > -- Epoch 27 --
2025-12-04 19:29:23.761 | INFO | 250  > loss: 3.2491726875305176
2025-12-04 19:29:23.923 | INFO | 285  > OA: 0.5375 | mAcc: 0.5375 | Kappa: 0.5066666666666666 | mIOU: 0.37131303100230995
2025-12-04 19:29:23.923 | INFO | 286  > Acc: [0.8 0.3 0.5 1.  0.9 0.1 0.8 0.3 0.1 0.3 0.9 0.1 0.4 0.8 0.7 0.6]
2025-12-04 19:29:23.924 | INFO | 287  > IOU: [0.5714285714285714, 0.17647058823529413, 0.29411764705882354, 0.6666666666666666, 0.6428571428571429, 0.07692307692307693, 0.4444444444444444, 0.2, 0.1, 0.3, 0.2903225806451613, 0.1, 0.3333333333333333, 0.4444444444444444, 0.7, 0.6]
2025-12-04 19:29:24.650 | INFO | 249  > -- Epoch 28 --
2025-12-04 19:29:24.650 | INFO | 250  > loss: 3.166306495666504
2025-12-04 19:29:24.811 | INFO | 285  > OA: 0.55625 | mAcc: 0.55625 | Kappa: 0.5266666666666667 | mIOU: 0.38626612103174607
2025-12-04 19:29:24.811 | INFO | 286  > Acc: [0.8 0.3 0.5 1.  0.9 0.3 0.8 0.5 0.1 0.3 0.9 0.  0.4 0.8 0.7 0.6]
2025-12-04 19:29:24.812 | INFO | 287  > IOU: [0.5714285714285714, 0.2, 0.3333333333333333, 0.6666666666666666, 0.6428571428571429, 0.25, 0.4444444444444444, 0.3125, 0.1, 0.3, 0.28125, 0.0, 0.3333333333333333, 0.4444444444444444, 0.7, 0.6]
2025-12-04 19:29:25.547 | INFO | 249  > -- Epoch 29 --
2025-12-04 19:29:25.547 | INFO | 250  > loss: 3.078608512878418
2025-12-04 19:29:25.709 | INFO | 285  > OA: 0.55 | mAcc: 0.55 | Kappa: 0.52 | mIOU: 0.38259309060392654
2025-12-04 19:29:25.709 | INFO | 286  > Acc: [0.8 0.3 0.4 1.  1.  0.3 0.8 0.5 0.1 0.3 0.9 0.  0.3 0.8 0.7 0.6]
2025-12-04 19:29:25.709 | INFO | 287  > IOU: [0.6153846153846154, 0.2, 0.26666666666666666, 0.6666666666666666, 0.7142857142857143, 0.25, 0.42105263157894735, 0.29411764705882354, 0.1, 0.3, 0.2727272727272727, 0.0, 0.25, 0.47058823529411764, 0.7, 0.6]
2025-12-04 19:29:26.425 | INFO | 249  > -- Epoch 30 --
2025-12-04 19:29:26.426 | INFO | 250  > loss: 2.9868266582489014
2025-12-04 19:29:26.587 | INFO | 285  > OA: 0.575 | mAcc: 0.5750000000000001 | Kappa: 0.5466666666666666 | mIOU: 0.4085551014549176
2025-12-04 19:29:26.587 | INFO | 286  > Acc: [0.8 0.3 0.5 1.  1.  0.5 0.9 0.5 0.1 0.3 0.9 0.  0.3 0.8 0.7 0.6]
2025-12-04 19:29:26.587 | INFO | 287  > IOU: [0.6153846153846154, 0.2, 0.4166666666666667, 0.7142857142857143, 0.7142857142857143, 0.4166666666666667, 0.45, 0.29411764705882354, 0.09090909090909091, 0.3, 0.28125, 0.0, 0.2727272727272727, 0.47058823529411764, 0.7, 0.6]
2025-12-04 19:29:27.310 | INFO | 249  > -- Epoch 31 --
2025-12-04 19:29:27.310 | INFO | 250  > loss: 2.8989460468292236
2025-12-04 19:29:27.471 | INFO | 285  > OA: 0.5875 | mAcc: 0.5875 | Kappa: 0.56 | mIOU: 0.4249153384929247
2025-12-04 19:29:27.472 | INFO | 286  > Acc: [0.8 0.3 0.5 1.  1.  0.4 1.  0.4 0.2 0.4 0.9 0.1 0.3 0.8 0.7 0.6]
2025-12-04 19:29:27.472 | INFO | 287  > IOU: [0.6153846153846154, 0.21428571428571427, 0.3333333333333333, 0.6666666666666666, 0.9090909090909091, 0.3076923076923077, 0.47619047619047616, 0.26666666666666666, 0.18181818181818182, 0.4, 0.3103448275862069, 0.1, 0.2727272727272727, 0.4444444444444444, 0.7, 0.6]
2025-12-04 19:29:28.195 | INFO | 249  > -- Epoch 32 --
2025-12-04 19:29:28.195 | INFO | 250  > loss: 2.8183083534240723
2025-12-04 19:29:28.356 | INFO | 285  > OA: 0.625 | mAcc: 0.625 | Kappa: 0.6 | mIOU: 0.47163366816162205
2025-12-04 19:29:28.357 | INFO | 286  > Acc: [0.7 0.3 0.9 0.9 1.  0.6 1.  0.5 0.2 0.4 0.9 0.2 0.3 0.8 0.7 0.6]
2025-12-04 19:29:28.357 | INFO | 287  > IOU: [0.5833333333333334, 0.2, 0.75, 0.9, 0.625, 0.5454545454545454, 0.47619047619047616, 0.3125, 0.2, 0.4, 0.3103448275862069, 0.2, 0.2727272727272727, 0.47058823529411764, 0.7, 0.6]
2025-12-04 19:29:29.078 | INFO | 249  > -- Epoch 33 --
2025-12-04 19:29:29.078 | INFO | 250  > loss: 2.825730800628662
2025-12-04 19:29:29.240 | INFO | 285  > OA: 0.56875 | mAcc: 0.56875 | Kappa: 0.5399999999999999 | mIOU: 0.4077504159971198
2025-12-04 19:29:29.240 | INFO | 286  > Acc: [0.8 0.3 0.1 1.  1.  0.4 1.  0.2 0.3 0.4 0.9 0.2 0.4 0.8 0.7 0.6]
2025-12-04 19:29:29.240 | INFO | 287  > IOU: [0.6153846153846154, 0.23076923076923078, 0.07142857142857142, 0.4166666666666667, 0.9090909090909091, 0.3333333333333333, 0.47619047619047616, 0.15384615384615385, 0.2727272727272727, 0.4, 0.3103448275862069, 0.2, 0.36363636363636365, 0.47058823529411764, 0.7, 0.6]
