2025-12-04 19:33:21.716 | INFO | 128    > MambaHSI_HanChuan
2025-12-04 19:33:25.287 | INFO | 204    > MambaHSI(
  (patch_embedding): Sequential(
    (0): Conv2d(274, 128, kernel_size=(1, 1), stride=(1, 1))
    (1): GroupNorm(4, 128, eps=1e-05, affine=True)
    (2): SiLU()
  )
  (mamba): Sequential(
    (0): BothMamba(
      (softmax): Softmax(dim=0)
      (spa_mamba): SpaMamba(
        (mamba): Mamba(
          (in_proj): Linear(in_features=128, out_features=512, bias=False)
          (conv1d): Conv1d(256, 256, kernel_size=(4,), stride=(1,), padding=(3,), groups=256)
          (act): SiLU()
          (x_proj): Linear(in_features=256, out_features=40, bias=False)
          (dt_proj): Linear(in_features=8, out_features=256, bias=True)
          (out_proj): Linear(in_features=256, out_features=128, bias=False)
        )
        (proj): Sequential(
          (0): GroupNorm(4, 128, eps=1e-05, affine=True)
          (1): SiLU()
        )
      )
      (spe_mamba): SpeMamba(
        (mamba): Mamba(
          (in_proj): Linear(in_features=32, out_features=128, bias=False)
          (conv1d): Conv1d(64, 64, kernel_size=(4,), stride=(1,), padding=(3,), groups=64)
          (act): SiLU()
          (x_proj): Linear(in_features=64, out_features=34, bias=False)
          (dt_proj): Linear(in_features=2, out_features=64, bias=True)
          (out_proj): Linear(in_features=64, out_features=32, bias=False)
        )
        (proj): Sequential(
          (0): GroupNorm(4, 128, eps=1e-05, affine=True)
          (1): SiLU()
        )
      )
    )
    (1): AvgPool2d(kernel_size=2, stride=2, padding=0)
    (2): BothMamba(
      (softmax): Softmax(dim=0)
      (spa_mamba): SpaMamba(
        (mamba): Mamba(
          (in_proj): Linear(in_features=128, out_features=512, bias=False)
          (conv1d): Conv1d(256, 256, kernel_size=(4,), stride=(1,), padding=(3,), groups=256)
          (act): SiLU()
          (x_proj): Linear(in_features=256, out_features=40, bias=False)
          (dt_proj): Linear(in_features=8, out_features=256, bias=True)
          (out_proj): Linear(in_features=256, out_features=128, bias=False)
        )
        (proj): Sequential(
          (0): GroupNorm(4, 128, eps=1e-05, affine=True)
          (1): SiLU()
        )
      )
      (spe_mamba): SpeMamba(
        (mamba): Mamba(
          (in_proj): Linear(in_features=32, out_features=128, bias=False)
          (conv1d): Conv1d(64, 64, kernel_size=(4,), stride=(1,), padding=(3,), groups=64)
          (act): SiLU()
          (x_proj): Linear(in_features=64, out_features=34, bias=False)
          (dt_proj): Linear(in_features=2, out_features=64, bias=True)
          (out_proj): Linear(in_features=64, out_features=32, bias=False)
        )
        (proj): Sequential(
          (0): GroupNorm(4, 128, eps=1e-05, affine=True)
          (1): SiLU()
        )
      )
    )
    (3): AvgPool2d(kernel_size=2, stride=2, padding=0)
    (4): BothMamba(
      (softmax): Softmax(dim=0)
      (spa_mamba): SpaMamba(
        (mamba): Mamba(
          (in_proj): Linear(in_features=128, out_features=512, bias=False)
          (conv1d): Conv1d(256, 256, kernel_size=(4,), stride=(1,), padding=(3,), groups=256)
          (act): SiLU()
          (x_proj): Linear(in_features=256, out_features=40, bias=False)
          (dt_proj): Linear(in_features=8, out_features=256, bias=True)
          (out_proj): Linear(in_features=256, out_features=128, bias=False)
        )
        (proj): Sequential(
          (0): GroupNorm(4, 128, eps=1e-05, affine=True)
          (1): SiLU()
        )
      )
      (spe_mamba): SpeMamba(
        (mamba): Mamba(
          (in_proj): Linear(in_features=32, out_features=128, bias=False)
          (conv1d): Conv1d(64, 64, kernel_size=(4,), stride=(1,), padding=(3,), groups=64)
          (act): SiLU()
          (x_proj): Linear(in_features=64, out_features=34, bias=False)
          (dt_proj): Linear(in_features=2, out_features=64, bias=True)
          (out_proj): Linear(in_features=64, out_features=32, bias=False)
        )
        (proj): Sequential(
          (0): GroupNorm(4, 128, eps=1e-05, affine=True)
          (1): SiLU()
        )
      )
    )
  )
  (cls_head): Sequential(
    (0): Conv2d(128, 128, kernel_size=(1, 1), stride=(1, 1))
    (1): GroupNorm(4, 128, eps=1e-05, affine=True)
    (2): SiLU()
    (3): Conv2d(128, 16, kernel_size=(1, 1), stride=(1, 1))
  )
)
2025-12-04 19:33:25.575 | INFO | 221    > Adam (
Parameter Group 0
    amsgrad: False
    betas: (0.9, 0.999)
    capturable: False
    decoupled_weight_decay: False
    differentiable: False
    eps: 1e-08
    foreach: None
    fused: None
    lr: 0.0003
    maximize: False
    weight_decay: 0
)
2025-12-04 19:33:26.647 | DEBUG | 251    > epoch 0
2025-12-04 19:33:26.647 | DEBUG | 252    > loss 5.949802398681641
2025-12-04 19:33:26.810 | DEBUG | 288    > OA: 0.10625 | mAcc: 0.10625000000000001 | Kappa: 0.04666666666666666 | mIOU: 0.03035208584900236
2025-12-04 19:33:26.811 | DEBUG | 289    > Acc: [0.  0.3 0.1 0.  0.  0.  0.  0.1 0.  0.  0.  0.  0.4 0.8 0.  0. ]
2025-12-04 19:33:26.811 | DEBUG | 290    > IOU: [0.0, 0.0967741935483871, 0.06666666666666667, 0.0, 0.0, 0.0, 0.0, 0.08333333333333333, 0.0, 0.0, 0.0, 0.0, 0.11764705882352941, 0.12121212121212122, 0.0, 0.0]
2025-12-04 19:33:26.811 | INFO | 291    > Epoch 0| OA 0.10625| mAcc 0.10625000000000001| Kappa 0.04666666666666666| mIOU 0.03035208584900236
2025-12-04 19:33:27.532 | DEBUG | 251    > epoch 1
2025-12-04 19:33:27.533 | DEBUG | 252    > loss 5.459718704223633
2025-12-04 19:33:27.694 | DEBUG | 288    > OA: 0.14375 | mAcc: 0.14375 | Kappa: 0.08666666666666666 | mIOU: 0.0520538271844242
2025-12-04 19:33:27.694 | DEBUG | 289    > Acc: [0.  0.5 0.1 0.  0.  0.  0.  0.2 0.  0.3 0.  0.  0.2 1.  0.  0. ]
2025-12-04 19:33:27.694 | DEBUG | 290    > IOU: [0.0, 0.07936507936507936, 0.09090909090909091, 0.0, 0.0, 0.0, 0.0, 0.13333333333333333, 0.0, 0.3, 0.0, 0.0, 0.08, 0.14925373134328357, 0.0, 0.0]
2025-12-04 19:33:27.694 | INFO | 291    > Epoch 1| OA 0.14375| mAcc 0.14375| Kappa 0.08666666666666666| mIOU 0.0520538271844242
2025-12-04 19:33:28.465 | DEBUG | 251    > epoch 2
2025-12-04 19:33:28.465 | DEBUG | 252    > loss 5.220757484436035
2025-12-04 19:33:28.627 | DEBUG | 288    > OA: 0.16875 | mAcc: 0.16874999999999998 | Kappa: 0.11333333333333334 | mIOU: 0.04691109780097545
2025-12-04 19:33:28.627 | DEBUG | 289    > Acc: [0.  0.3 0.  0.  0.  0.  0.  0.8 0.  0.  0.  0.  0.  1.  0.6 0. ]
2025-12-04 19:33:28.627 | DEBUG | 290    > IOU: [0.0, 0.07692307692307693, 0.0, 0.0, 0.0, 0.0, 0.0, 0.3076923076923077, 0.0, 0.0, 0.0, 0.0, 0.0, 0.1724137931034483, 0.1935483870967742, 0.0]
2025-12-04 19:33:28.627 | INFO | 291    > Epoch 2| OA 0.16875| mAcc 0.16874999999999998| Kappa 0.11333333333333334| mIOU 0.04691109780097545
2025-12-04 19:33:29.347 | DEBUG | 251    > epoch 3
2025-12-04 19:33:29.347 | DEBUG | 252    > loss 5.062967777252197
2025-12-04 19:33:29.508 | DEBUG | 288    > OA: 0.175 | mAcc: 0.17500000000000002 | Kappa: 0.11999999999999998 | mIOU: 0.0421005817376488
2025-12-04 19:33:29.508 | DEBUG | 289    > Acc: [0.  0.1 0.  0.  0.  0.  0.  0.9 0.  0.  0.  0.  0.1 1.  0.7 0. ]
2025-12-04 19:33:29.508 | DEBUG | 290    > IOU: [0.0, 0.07142857142857142, 0.0, 0.0, 0.0, 0.0, 0.0, 0.1956521739130435, 0.0, 0.0, 0.0, 0.0, 0.037037037037037035, 0.1694915254237288, 0.2, 0.0]
2025-12-04 19:33:29.508 | INFO | 291    > Epoch 3| OA 0.175| mAcc 0.17500000000000002| Kappa 0.11999999999999998| mIOU 0.0421005817376488
2025-12-04 19:33:30.228 | DEBUG | 251    > epoch 4
2025-12-04 19:33:30.228 | DEBUG | 252    > loss 4.947691440582275
2025-12-04 19:33:30.389 | DEBUG | 288    > OA: 0.18125 | mAcc: 0.18125000000000002 | Kappa: 0.12666666666666665 | mIOU: 0.04700442818883598
2025-12-04 19:33:30.389 | DEBUG | 289    > Acc: [0.2 0.  0.  0.  0.  0.  0.  0.9 0.  0.  0.  0.  0.1 1.  0.7 0. ]
2025-12-04 19:33:30.389 | DEBUG | 290    > IOU: [0.15384615384615385, 0.0, 0.0, 0.0, 0.0, 0.0, 0.0, 0.1956521739130435, 0.0, 0.0, 0.0, 0.0, 0.03571428571428571, 0.1724137931034483, 0.19444444444444445, 0.0]
2025-12-04 19:33:30.389 | INFO | 291    > Epoch 4| OA 0.18125| mAcc 0.18125000000000002| Kappa 0.12666666666666665| mIOU 0.04700442818883598
2025-12-04 19:33:31.109 | DEBUG | 251    > epoch 5
2025-12-04 19:33:31.110 | DEBUG | 252    > loss 4.855163097381592
2025-12-04 19:33:31.270 | DEBUG | 288    > OA: 0.19375 | mAcc: 0.19375 | Kappa: 0.14 | mIOU: 0.05908973101221786
2025-12-04 19:33:31.270 | DEBUG | 289    > Acc: [0.4 0.1 0.  0.  0.  0.  0.  0.9 0.  0.  0.  0.  0.1 1.  0.6 0. ]
2025-12-04 19:33:31.271 | DEBUG | 290    > IOU: [0.25, 0.08333333333333333, 0.0, 0.0, 0.0, 0.0, 0.0, 0.2, 0.0, 0.0, 0.0, 0.0, 0.03571428571428571, 0.1694915254237288, 0.20689655172413793, 0.0]
2025-12-04 19:33:31.271 | INFO | 291    > Epoch 5| OA 0.19375| mAcc 0.19375| Kappa 0.14| mIOU 0.05908973101221786
2025-12-04 19:33:31.991 | DEBUG | 251    > epoch 6
2025-12-04 19:33:31.991 | DEBUG | 252    > loss 4.7741289138793945
2025-12-04 19:33:32.152 | DEBUG | 288    > OA: 0.24375 | mAcc: 0.24375 | Kappa: 0.19333333333333333 | mIOU: 0.1009303369189844
2025-12-04 19:33:32.152 | DEBUG | 289    > Acc: [0.5 0.  0.  1.  0.  0.  0.  0.6 0.  0.  0.  0.  0.1 1.  0.7 0. ]
2025-12-04 19:33:32.152 | DEBUG | 290    > IOU: [0.23809523809523808, 0.0, 0.0, 0.21739130434782608, 0.0, 0.0, 0.0, 0.4, 0.0, 0.0, 0.0, 0.0, 0.03225806451612903, 0.18867924528301888, 0.5384615384615384, 0.0]
2025-12-04 19:33:32.152 | INFO | 291    > Epoch 6| OA 0.24375| mAcc 0.24375| Kappa 0.19333333333333333| mIOU 0.1009303369189844
2025-12-04 19:33:32.870 | DEBUG | 251    > epoch 7
2025-12-04 19:33:32.871 | DEBUG | 252    > loss 4.701674461364746
2025-12-04 19:33:33.032 | DEBUG | 288    > OA: 0.24375 | mAcc: 0.24375000000000002 | Kappa: 0.19333333333333333 | mIOU: 0.0980170265780731
2025-12-04 19:33:33.032 | DEBUG | 289    > Acc: [0.8 0.  0.  1.  0.  0.  0.  0.4 0.  0.  0.  0.  0.  1.  0.7 0. ]
2025-12-04 19:33:33.032 | DEBUG | 290    > IOU: [0.26666666666666666, 0.0, 0.0, 0.2, 0.0, 0.0, 0.0, 0.2857142857142857, 0.0, 0.0, 0.0, 0.0, 0.0, 0.23255813953488372, 0.5833333333333334, 0.0]
2025-12-04 19:33:33.032 | INFO | 291    > Epoch 7| OA 0.24375| mAcc 0.24375000000000002| Kappa 0.19333333333333333| mIOU 0.0980170265780731
2025-12-04 19:33:33.799 | DEBUG | 251    > epoch 8
2025-12-04 19:33:33.799 | DEBUG | 252    > loss 4.632789134979248
2025-12-04 19:33:33.967 | DEBUG | 288    > OA: 0.25 | mAcc: 0.25 | Kappa: 0.2 | mIOU: 0.11015329208606518
2025-12-04 19:33:33.968 | DEBUG | 289    > Acc: [0.8 0.  0.  1.  0.1 0.  0.  0.4 0.  0.  0.  0.  0.  1.  0.7 0. ]
2025-12-04 19:33:33.968 | DEBUG | 290    > IOU: [0.23529411764705882, 0.0, 0.0, 0.20408163265306123, 0.1, 0.0, 0.0, 0.26666666666666666, 0.0, 0.0, 0.0, 0.0, 0.0, 0.2564102564102564, 0.7, 0.0]
2025-12-04 19:33:33.968 | INFO | 291    > Epoch 8| OA 0.25| mAcc 0.25| Kappa 0.2| mIOU 0.11015329208606518
