2025-12-04 20:15:58.507 | INFO | 128    > MambaHSI_HanChuan
2025-12-04 20:16:02.061 | INFO | 185    > MambaHSI(
  (patch_embedding): Sequential(
    (0): Conv2d(274, 128, kernel_size=(1, 1), stride=(1, 1))
    (1): GroupNorm(4, 128, eps=1e-05, affine=True)
    (2): SiLU()
  )
  (mamba): Sequential(
    (0): BothMamba(
      (softmax): Softmax(dim=0)
      (spa_mamba): SpaMamba(
        (mamba): Mamba(
          (in_proj): Linear(in_features=128, out_features=512, bias=False)
          (conv1d): Conv1d(256, 256, kernel_size=(4,), stride=(1,), padding=(3,), groups=256)
          (act): SiLU()
          (x_proj): Linear(in_features=256, out_features=40, bias=False)
          (dt_proj): Linear(in_features=8, out_features=256, bias=True)
          (out_proj): Linear(in_features=256, out_features=128, bias=False)
        )
        (proj): Sequential(
          (0): GroupNorm(4, 128, eps=1e-05, affine=True)
          (1): SiLU()
        )
      )
      (spe_mamba): SpeMamba(
        (mamba): Mamba(
          (in_proj): Linear(in_features=32, out_features=128, bias=False)
          (conv1d): Conv1d(64, 64, kernel_size=(4,), stride=(1,), padding=(3,), groups=64)
          (act): SiLU()
          (x_proj): Linear(in_features=64, out_features=34, bias=False)
          (dt_proj): Linear(in_features=2, out_features=64, bias=True)
          (out_proj): Linear(in_features=64, out_features=32, bias=False)
        )
        (proj): Sequential(
          (0): GroupNorm(4, 128, eps=1e-05, affine=True)
          (1): SiLU()
        )
      )
    )
    (1): AvgPool2d(kernel_size=2, stride=2, padding=0)
    (2): BothMamba(
      (softmax): Softmax(dim=0)
      (spa_mamba): SpaMamba(
        (mamba): Mamba(
          (in_proj): Linear(in_features=128, out_features=512, bias=False)
          (conv1d): Conv1d(256, 256, kernel_size=(4,), stride=(1,), padding=(3,), groups=256)
          (act): SiLU()
          (x_proj): Linear(in_features=256, out_features=40, bias=False)
          (dt_proj): Linear(in_features=8, out_features=256, bias=True)
          (out_proj): Linear(in_features=256, out_features=128, bias=False)
        )
        (proj): Sequential(
          (0): GroupNorm(4, 128, eps=1e-05, affine=True)
          (1): SiLU()
        )
      )
      (spe_mamba): SpeMamba(
        (mamba): Mamba(
          (in_proj): Linear(in_features=32, out_features=128, bias=False)
          (conv1d): Conv1d(64, 64, kernel_size=(4,), stride=(1,), padding=(3,), groups=64)
          (act): SiLU()
          (x_proj): Linear(in_features=64, out_features=34, bias=False)
          (dt_proj): Linear(in_features=2, out_features=64, bias=True)
          (out_proj): Linear(in_features=64, out_features=32, bias=False)
        )
        (proj): Sequential(
          (0): GroupNorm(4, 128, eps=1e-05, affine=True)
          (1): SiLU()
        )
      )
    )
    (3): AvgPool2d(kernel_size=2, stride=2, padding=0)
    (4): BothMamba(
      (softmax): Softmax(dim=0)
      (spa_mamba): SpaMamba(
        (mamba): Mamba(
          (in_proj): Linear(in_features=128, out_features=512, bias=False)
          (conv1d): Conv1d(256, 256, kernel_size=(4,), stride=(1,), padding=(3,), groups=256)
          (act): SiLU()
          (x_proj): Linear(in_features=256, out_features=40, bias=False)
          (dt_proj): Linear(in_features=8, out_features=256, bias=True)
          (out_proj): Linear(in_features=256, out_features=128, bias=False)
        )
        (proj): Sequential(
          (0): GroupNorm(4, 128, eps=1e-05, affine=True)
          (1): SiLU()
        )
      )
      (spe_mamba): SpeMamba(
        (mamba): Mamba(
          (in_proj): Linear(in_features=32, out_features=128, bias=False)
          (conv1d): Conv1d(64, 64, kernel_size=(4,), stride=(1,), padding=(3,), groups=64)
          (act): SiLU()
          (x_proj): Linear(in_features=64, out_features=34, bias=False)
          (dt_proj): Linear(in_features=2, out_features=64, bias=True)
          (out_proj): Linear(in_features=64, out_features=32, bias=False)
        )
        (proj): Sequential(
          (0): GroupNorm(4, 128, eps=1e-05, affine=True)
          (1): SiLU()
        )
      )
    )
  )
  (cls_head): Sequential(
    (0): Conv2d(128, 128, kernel_size=(1, 1), stride=(1, 1))
    (1): GroupNorm(4, 128, eps=1e-05, affine=True)
    (2): SiLU()
    (3): Conv2d(128, 16, kernel_size=(1, 1), stride=(1, 1))
  )
)
2025-12-04 20:16:02.329 | INFO | 202    > Adam (
Parameter Group 0
    amsgrad: False
    betas: (0.9, 0.999)
    capturable: False
    decoupled_weight_decay: False
    differentiable: False
    eps: 1e-08
    foreach: None
    fused: None
    lr: 0.0003
    maximize: False
    weight_decay: 0
)
2025-12-04 20:16:03.402 | DEBUG | 231    > epoch 0
2025-12-04 20:16:03.402 | DEBUG | 232    > loss 5.711446762084961
2025-12-04 20:16:03.566 | DEBUG | 124    > OA: 0.175 | mAcc: 0.175 | Kappa: 0.11999999999999998 | mIOU: 0.05697931398750719
2025-12-04 20:16:03.566 | DEBUG | 125    > Acc: [0.1 0.6 0.7 0.  0.  0.  0.  0.  0.  0.  0.  0.5 0.  0.  0.9 0. ]
2025-12-04 20:16:03.566 | DEBUG | 126    > IOU: [0.09090909090909091, 0.1276595744680851, 0.3333333333333333, 0.0, 0.0, 0.0, 0.0, 0.0, 0.0, 0.0, 0.0, 0.06944444444444445, 0.0, 0.0, 0.2903225806451613, 0.0]
2025-12-04 20:16:03.566 | INFO | 127    > Epoch 0 | OA 0.1750 | mAcc 0.1750 | Kappa 0.1200 | mIOU 0.0570
2025-12-04 20:16:04.341 | DEBUG | 231    > epoch 1
2025-12-04 20:16:04.341 | DEBUG | 232    > loss 5.34609317779541
2025-12-04 20:16:04.503 | DEBUG | 124    > OA: 0.11875 | mAcc: 0.11875 | Kappa: 0.05999999999999999 | mIOU: 0.027285920349000844
2025-12-04 20:16:04.503 | DEBUG | 125    > Acc: [0.  0.5 0.1 0.  0.  0.  0.  0.  0.  0.  0.  0.4 0.  0.  0.9 0. ]
2025-12-04 20:16:04.503 | DEBUG | 126    > IOU: [0.0, 0.09090909090909091, 0.05, 0.0, 0.0, 0.0, 0.0, 0.0, 0.0, 0.0, 0.0, 0.058823529411764705, 0.0, 0.0, 0.23684210526315788, 0.0]
2025-12-04 20:16:04.503 | INFO | 127    > Epoch 1 | OA 0.1187 | mAcc 0.1187 | Kappa 0.0600 | mIOU 0.0273
2025-12-04 20:16:04.522 | INFO | 263    > ==== Stage Test ====
2025-12-04 20:16:04.704 | DEBUG | 124    > OA: 0.10513838607964499 | mAcc: 0.18345261929614007 | Kappa: 0.07951411177519502 | mIOU: 0.041660742048018624
2025-12-04 20:16:04.704 | DEBUG | 125    > Acc: [0.05161651 0.65438295 0.60671416 0.         0.         0.
 0.         0.         0.         0.         0.         0.72190162
 0.00099163 0.         0.89963504 0.        ]
2025-12-04 20:16:04.704 | DEBUG | 126    > IOU: [0.049387737626305876, 0.33329595909763643, 0.24407192211055276, 0.0, 0.0, 0.0, 0.0, 0.0, 0.0, 0.0, 0.0, 0.01764034380875638, 0.0009884678747940692, 0.0, 0.021187442250252486, 0.0]
2025-12-04 20:16:04.704 | INFO | 127    > Epoch -1 | OA 0.1051 | mAcc 0.1835 | Kappa 0.0795 | mIOU 0.0417
